2019-10-06 19:06:04,804 INFO  __main__        - Log file is experiments/se_resnext50_32x4d_v5/log.log
2019-10-06 19:06:04,805 INFO  __main__        - Data Processing...
2019-10-06 19:06:08,077 INFO  __main__        - Epoch: 14
2019-10-06 19:06:13,430 INFO  __main__        - Batches done: 10/294 | Loss: 1.802148 | Accuracy: 0.968750 | AvgFscore: 0.930577
2019-10-06 19:06:17,871 INFO  __main__        - Batches done: 20/294 | Loss: 3.139024 | Accuracy: 0.960938 | AvgFscore: 0.939854
2019-10-06 19:06:22,306 INFO  __main__        - Batches done: 30/294 | Loss: 3.151356 | Accuracy: 0.958333 | AvgFscore: 0.937389
2019-10-06 19:06:26,747 INFO  __main__        - Batches done: 40/294 | Loss: 3.571498 | Accuracy: 0.951562 | AvgFscore: 0.928474
2019-10-06 19:06:31,189 INFO  __main__        - Batches done: 50/294 | Loss: 3.642235 | Accuracy: 0.946875 | AvgFscore: 0.918864
2019-10-06 19:06:35,641 INFO  __main__        - Batches done: 60/294 | Loss: 3.934232 | Accuracy: 0.943229 | AvgFscore: 0.919823
2019-10-06 19:06:40,089 INFO  __main__        - Batches done: 70/294 | Loss: 4.017103 | Accuracy: 0.943750 | AvgFscore: 0.921012
2019-10-06 19:06:44,538 INFO  __main__        - Batches done: 80/294 | Loss: 3.903022 | Accuracy: 0.944531 | AvgFscore: 0.918353
2019-10-06 19:06:48,987 INFO  __main__        - Batches done: 90/294 | Loss: 4.004850 | Accuracy: 0.942014 | AvgFscore: 0.912953
2019-10-06 19:06:53,441 INFO  __main__        - Batches done: 100/294 | Loss: 3.877694 | Accuracy: 0.942500 | AvgFscore: 0.915644
2019-10-06 19:06:57,890 INFO  __main__        - Batches done: 110/294 | Loss: 3.955365 | Accuracy: 0.939773 | AvgFscore: 0.913989
2019-10-06 19:07:02,355 INFO  __main__        - Batches done: 120/294 | Loss: 3.823659 | Accuracy: 0.938802 | AvgFscore: 0.912281
2019-10-06 19:07:06,800 INFO  __main__        - Batches done: 130/294 | Loss: 3.741845 | Accuracy: 0.938221 | AvgFscore: 0.911185
2019-10-06 19:07:11,253 INFO  __main__        - Batches done: 140/294 | Loss: 3.645585 | Accuracy: 0.937054 | AvgFscore: 0.908861
2019-10-06 19:07:15,699 INFO  __main__        - Batches done: 150/294 | Loss: 3.572613 | Accuracy: 0.936667 | AvgFscore: 0.908265
2019-10-06 19:07:20,157 INFO  __main__        - Batches done: 160/294 | Loss: 3.447018 | Accuracy: 0.936914 | AvgFscore: 0.908124
2019-10-06 19:07:24,605 INFO  __main__        - Batches done: 170/294 | Loss: 3.403288 | Accuracy: 0.936397 | AvgFscore: 0.906267
2019-10-06 19:07:29,064 INFO  __main__        - Batches done: 180/294 | Loss: 3.371440 | Accuracy: 0.935937 | AvgFscore: 0.907109
2019-10-06 19:07:33,735 INFO  __main__        - Batches done: 190/294 | Loss: 3.298806 | Accuracy: 0.936678 | AvgFscore: 0.908035
2019-10-06 19:07:38,296 INFO  __main__        - Batches done: 200/294 | Loss: 3.283330 | Accuracy: 0.936562 | AvgFscore: 0.906808
2019-10-06 19:07:42,813 INFO  __main__        - Batches done: 210/294 | Loss: 3.218549 | Accuracy: 0.936458 | AvgFscore: 0.905529
2019-10-06 19:07:47,435 INFO  __main__        - Batches done: 220/294 | Loss: 3.168636 | Accuracy: 0.935937 | AvgFscore: 0.905233
2019-10-06 19:07:51,909 INFO  __main__        - Batches done: 230/294 | Loss: 3.125990 | Accuracy: 0.935870 | AvgFscore: 0.905905
2019-10-06 19:07:56,407 INFO  __main__        - Batches done: 240/294 | Loss: 3.086043 | Accuracy: 0.935937 | AvgFscore: 0.907417
2019-10-06 19:08:00,868 INFO  __main__        - Batches done: 250/294 | Loss: 3.031217 | Accuracy: 0.936875 | AvgFscore: 0.909552
2019-10-06 19:08:05,500 INFO  __main__        - Batches done: 260/294 | Loss: 3.015397 | Accuracy: 0.936178 | AvgFscore: 0.909053
2019-10-06 19:08:10,192 INFO  __main__        - Batches done: 270/294 | Loss: 3.006599 | Accuracy: 0.935764 | AvgFscore: 0.909131
2019-10-06 19:08:14,722 INFO  __main__        - Batches done: 280/294 | Loss: 2.971608 | Accuracy: 0.936049 | AvgFscore: 0.910413
2019-10-06 19:08:19,418 INFO  __main__        - Batches done: 290/294 | Loss: 2.931894 | Accuracy: 0.937069 | AvgFscore: 0.911316
2019-10-06 19:09:18,351 INFO  __main__        - Epochs done: 14/19 | Loss: 7.472175 | Accuracy: 0.852485 | AvgFscore: 0.541515
2019-10-06 19:09:18,352 INFO  __main__        - Saving..
2019-10-06 19:09:18,863 INFO  __main__        - Epoch: 15
2019-10-06 19:09:24,681 INFO  __main__        - Batches done: 10/294 | Loss: 1.793279 | Accuracy: 0.946875 | AvgFscore: 0.920602
2019-10-06 19:09:29,241 INFO  __main__        - Batches done: 20/294 | Loss: 1.426532 | Accuracy: 0.950000 | AvgFscore: 0.933447
2019-10-06 19:09:33,736 INFO  __main__        - Batches done: 30/294 | Loss: 1.488684 | Accuracy: 0.946875 | AvgFscore: 0.926971
2019-10-06 19:09:38,219 INFO  __main__        - Batches done: 40/294 | Loss: 1.511971 | Accuracy: 0.946094 | AvgFscore: 0.926827
2019-10-06 19:09:42,691 INFO  __main__        - Batches done: 50/294 | Loss: 1.476167 | Accuracy: 0.949375 | AvgFscore: 0.935302
2019-10-06 19:09:47,274 INFO  __main__        - Batches done: 60/294 | Loss: 1.492673 | Accuracy: 0.950000 | AvgFscore: 0.934900
2019-10-06 19:09:51,743 INFO  __main__        - Batches done: 70/294 | Loss: 1.479292 | Accuracy: 0.950000 | AvgFscore: 0.935662
2019-10-06 19:09:56,223 INFO  __main__        - Batches done: 80/294 | Loss: 1.499839 | Accuracy: 0.949219 | AvgFscore: 0.933564
2019-10-06 19:10:00,690 INFO  __main__        - Batches done: 90/294 | Loss: 1.518959 | Accuracy: 0.949306 | AvgFscore: 0.932095
2019-10-06 19:10:05,264 INFO  __main__        - Batches done: 100/294 | Loss: 1.502528 | Accuracy: 0.949375 | AvgFscore: 0.930533
2019-10-06 19:10:09,880 INFO  __main__        - Batches done: 110/294 | Loss: 1.507099 | Accuracy: 0.949432 | AvgFscore: 0.931054
2019-10-06 19:10:14,561 INFO  __main__        - Batches done: 120/294 | Loss: 1.535690 | Accuracy: 0.948698 | AvgFscore: 0.929820
2019-10-06 19:10:19,241 INFO  __main__        - Batches done: 130/294 | Loss: 1.506839 | Accuracy: 0.948798 | AvgFscore: 0.929982
2019-10-06 19:10:23,919 INFO  __main__        - Batches done: 140/294 | Loss: 1.476133 | Accuracy: 0.950670 | AvgFscore: 0.931455
2019-10-06 19:10:28,455 INFO  __main__        - Batches done: 150/294 | Loss: 1.447694 | Accuracy: 0.951250 | AvgFscore: 0.932203
2019-10-06 19:10:33,029 INFO  __main__        - Batches done: 160/294 | Loss: 1.448492 | Accuracy: 0.951562 | AvgFscore: 0.931895
2019-10-06 19:10:37,564 INFO  __main__        - Batches done: 170/294 | Loss: 1.453850 | Accuracy: 0.951471 | AvgFscore: 0.930731
2019-10-06 19:10:42,039 INFO  __main__        - Batches done: 180/294 | Loss: 1.474236 | Accuracy: 0.950000 | AvgFscore: 0.928233
2019-10-06 19:10:46,501 INFO  __main__        - Batches done: 190/294 | Loss: 1.452072 | Accuracy: 0.950822 | AvgFscore: 0.930003
2019-10-06 19:10:51,041 INFO  __main__        - Batches done: 200/294 | Loss: 1.463898 | Accuracy: 0.951094 | AvgFscore: 0.930348
2019-10-06 19:10:55,501 INFO  __main__        - Batches done: 210/294 | Loss: 1.464553 | Accuracy: 0.951042 | AvgFscore: 0.930729
2019-10-06 19:10:59,968 INFO  __main__        - Batches done: 220/294 | Loss: 1.439016 | Accuracy: 0.951420 | AvgFscore: 0.930653
2019-10-06 19:11:04,427 INFO  __main__        - Batches done: 230/294 | Loss: 1.418512 | Accuracy: 0.951766 | AvgFscore: 0.930500
2019-10-06 19:11:08,900 INFO  __main__        - Batches done: 240/294 | Loss: 1.427422 | Accuracy: 0.951693 | AvgFscore: 0.930462
2019-10-06 19:11:13,405 INFO  __main__        - Batches done: 250/294 | Loss: 1.421159 | Accuracy: 0.952250 | AvgFscore: 0.930547
2019-10-06 19:11:17,941 INFO  __main__        - Batches done: 260/294 | Loss: 1.408897 | Accuracy: 0.952885 | AvgFscore: 0.931383
2019-10-06 19:11:22,417 INFO  __main__        - Batches done: 270/294 | Loss: 1.402584 | Accuracy: 0.952778 | AvgFscore: 0.931546
2019-10-06 19:11:26,877 INFO  __main__        - Batches done: 280/294 | Loss: 1.402487 | Accuracy: 0.952902 | AvgFscore: 0.931649
2019-10-06 19:11:31,579 INFO  __main__        - Batches done: 290/294 | Loss: 1.418252 | Accuracy: 0.953125 | AvgFscore: 0.931863
2019-10-06 19:12:28,788 INFO  __main__        - Epochs done: 15/19 | Loss: 7.430124 | Accuracy: 0.861255 | AvgFscore: 0.573732
2019-10-06 19:12:28,789 INFO  __main__        - Saving..
2019-10-06 19:12:29,341 INFO  __main__        - Epoch: 16
2019-10-06 19:12:35,049 INFO  __main__        - Batches done: 10/294 | Loss: 0.819754 | Accuracy: 0.978125 | AvgFscore: 0.969645
2019-10-06 19:12:39,637 INFO  __main__        - Batches done: 20/294 | Loss: 0.798329 | Accuracy: 0.970313 | AvgFscore: 0.967174
2019-10-06 19:12:44,286 INFO  __main__        - Batches done: 30/294 | Loss: 1.073951 | Accuracy: 0.960417 | AvgFscore: 0.957647
2019-10-06 19:12:48,766 INFO  __main__        - Batches done: 40/294 | Loss: 1.160055 | Accuracy: 0.958594 | AvgFscore: 0.956918
2019-10-06 19:12:53,229 INFO  __main__        - Batches done: 50/294 | Loss: 1.126468 | Accuracy: 0.960625 | AvgFscore: 0.956301
2019-10-06 19:12:57,872 INFO  __main__        - Batches done: 60/294 | Loss: 1.114425 | Accuracy: 0.962500 | AvgFscore: 0.955726
2019-10-06 19:13:02,383 INFO  __main__        - Batches done: 70/294 | Loss: 1.090641 | Accuracy: 0.961607 | AvgFscore: 0.954513
2019-10-06 19:13:06,861 INFO  __main__        - Batches done: 80/294 | Loss: 1.117636 | Accuracy: 0.961328 | AvgFscore: 0.956087
2019-10-06 19:13:11,330 INFO  __main__        - Batches done: 90/294 | Loss: 1.089430 | Accuracy: 0.961806 | AvgFscore: 0.956097
2019-10-06 19:13:15,801 INFO  __main__        - Batches done: 100/294 | Loss: 1.095325 | Accuracy: 0.961875 | AvgFscore: 0.953173
2019-10-06 19:13:20,274 INFO  __main__        - Batches done: 110/294 | Loss: 1.058615 | Accuracy: 0.963636 | AvgFscore: 0.954296
2019-10-06 19:13:24,750 INFO  __main__        - Batches done: 120/294 | Loss: 1.006112 | Accuracy: 0.965625 | AvgFscore: 0.957634
2019-10-06 19:13:29,217 INFO  __main__        - Batches done: 130/294 | Loss: 1.012831 | Accuracy: 0.965385 | AvgFscore: 0.958318
2019-10-06 19:13:33,854 INFO  __main__        - Batches done: 140/294 | Loss: 1.023160 | Accuracy: 0.965179 | AvgFscore: 0.956990
2019-10-06 19:13:38,589 INFO  __main__        - Batches done: 150/294 | Loss: 1.016777 | Accuracy: 0.965833 | AvgFscore: 0.958365
2019-10-06 19:13:43,287 INFO  __main__        - Batches done: 160/294 | Loss: 1.009205 | Accuracy: 0.965820 | AvgFscore: 0.956905
2019-10-06 19:13:48,045 INFO  __main__        - Batches done: 170/294 | Loss: 1.026939 | Accuracy: 0.965625 | AvgFscore: 0.956830
2019-10-06 19:13:52,653 INFO  __main__        - Batches done: 180/294 | Loss: 1.029271 | Accuracy: 0.965278 | AvgFscore: 0.956469
2019-10-06 19:13:57,150 INFO  __main__        - Batches done: 190/294 | Loss: 1.020797 | Accuracy: 0.964967 | AvgFscore: 0.955976
2019-10-06 19:14:01,806 INFO  __main__        - Batches done: 200/294 | Loss: 1.038647 | Accuracy: 0.964844 | AvgFscore: 0.955967
2019-10-06 19:14:06,288 INFO  __main__        - Batches done: 210/294 | Loss: 1.067494 | Accuracy: 0.964286 | AvgFscore: 0.954441
2019-10-06 19:14:10,881 INFO  __main__        - Batches done: 220/294 | Loss: 1.086861 | Accuracy: 0.964205 | AvgFscore: 0.953906
2019-10-06 19:14:15,470 INFO  __main__        - Batches done: 230/294 | Loss: 1.114165 | Accuracy: 0.963315 | AvgFscore: 0.953567
2019-10-06 19:14:20,237 INFO  __main__        - Batches done: 240/294 | Loss: 1.115084 | Accuracy: 0.963021 | AvgFscore: 0.952780
2019-10-06 19:14:24,769 INFO  __main__        - Batches done: 250/294 | Loss: 1.098931 | Accuracy: 0.963250 | AvgFscore: 0.952926
2019-10-06 19:14:29,339 INFO  __main__        - Batches done: 260/294 | Loss: 1.100389 | Accuracy: 0.963221 | AvgFscore: 0.953171
2019-10-06 19:14:33,956 INFO  __main__        - Batches done: 270/294 | Loss: 1.126167 | Accuracy: 0.963079 | AvgFscore: 0.953027
2019-10-06 19:14:38,609 INFO  __main__        - Batches done: 280/294 | Loss: 1.127752 | Accuracy: 0.963170 | AvgFscore: 0.952974
2019-10-06 19:14:43,070 INFO  __main__        - Batches done: 290/294 | Loss: 1.114538 | Accuracy: 0.963362 | AvgFscore: 0.953048
2019-10-06 19:15:41,534 INFO  __main__        - Epochs done: 16/19 | Loss: 7.008246 | Accuracy: 0.863617 | AvgFscore: 0.549657
2019-10-06 19:15:41,885 INFO  __main__        - Epoch: 17
2019-10-06 19:15:47,459 INFO  __main__        - Batches done: 10/294 | Loss: 0.982337 | Accuracy: 0.950000 | AvgFscore: 0.913522
2019-10-06 19:15:51,928 INFO  __main__        - Batches done: 20/294 | Loss: 1.205411 | Accuracy: 0.954688 | AvgFscore: 0.932091
2019-10-06 19:15:56,390 INFO  __main__        - Batches done: 30/294 | Loss: 1.090172 | Accuracy: 0.960417 | AvgFscore: 0.944047
2019-10-06 19:16:00,858 INFO  __main__        - Batches done: 40/294 | Loss: 1.079491 | Accuracy: 0.964844 | AvgFscore: 0.947461
2019-10-06 19:16:05,319 INFO  __main__        - Batches done: 50/294 | Loss: 1.056607 | Accuracy: 0.962500 | AvgFscore: 0.947727
2019-10-06 19:16:10,010 INFO  __main__        - Batches done: 60/294 | Loss: 1.031934 | Accuracy: 0.964063 | AvgFscore: 0.951559
2019-10-06 19:16:14,737 INFO  __main__        - Batches done: 70/294 | Loss: 0.954940 | Accuracy: 0.966964 | AvgFscore: 0.957002
2019-10-06 19:16:19,474 INFO  __main__        - Batches done: 80/294 | Loss: 0.935883 | Accuracy: 0.967578 | AvgFscore: 0.957269
2019-10-06 19:16:24,151 INFO  __main__        - Batches done: 90/294 | Loss: 0.965101 | Accuracy: 0.967014 | AvgFscore: 0.955587
2019-10-06 19:16:28,694 INFO  __main__        - Batches done: 100/294 | Loss: 0.968216 | Accuracy: 0.966250 | AvgFscore: 0.953321
2019-10-06 19:16:33,268 INFO  __main__        - Batches done: 110/294 | Loss: 0.993379 | Accuracy: 0.966193 | AvgFscore: 0.954318
2019-10-06 19:16:37,814 INFO  __main__        - Batches done: 120/294 | Loss: 1.007031 | Accuracy: 0.965365 | AvgFscore: 0.954254
2019-10-06 19:16:42,273 INFO  __main__        - Batches done: 130/294 | Loss: 0.994695 | Accuracy: 0.965385 | AvgFscore: 0.954087
2019-10-06 19:16:46,745 INFO  __main__        - Batches done: 140/294 | Loss: 1.017012 | Accuracy: 0.965625 | AvgFscore: 0.952991
2019-10-06 19:16:51,205 INFO  __main__        - Batches done: 150/294 | Loss: 1.024519 | Accuracy: 0.964792 | AvgFscore: 0.951913
2019-10-06 19:16:55,672 INFO  __main__        - Batches done: 160/294 | Loss: 1.026437 | Accuracy: 0.964453 | AvgFscore: 0.951690
2019-10-06 19:17:00,135 INFO  __main__        - Batches done: 170/294 | Loss: 1.023396 | Accuracy: 0.964154 | AvgFscore: 0.950295
2019-10-06 19:17:04,610 INFO  __main__        - Batches done: 180/294 | Loss: 1.015938 | Accuracy: 0.964236 | AvgFscore: 0.949642
2019-10-06 19:17:09,076 INFO  __main__        - Batches done: 190/294 | Loss: 1.023769 | Accuracy: 0.963651 | AvgFscore: 0.948923
2019-10-06 19:17:13,548 INFO  __main__        - Batches done: 200/294 | Loss: 1.057823 | Accuracy: 0.963281 | AvgFscore: 0.949318
2019-10-06 19:17:18,012 INFO  __main__        - Batches done: 210/294 | Loss: 1.051964 | Accuracy: 0.963690 | AvgFscore: 0.950181
2019-10-06 19:17:22,486 INFO  __main__        - Batches done: 220/294 | Loss: 1.039532 | Accuracy: 0.964205 | AvgFscore: 0.951399
2019-10-06 19:17:26,955 INFO  __main__        - Batches done: 230/294 | Loss: 1.025907 | Accuracy: 0.964266 | AvgFscore: 0.951816
2019-10-06 19:17:31,424 INFO  __main__        - Batches done: 240/294 | Loss: 1.019784 | Accuracy: 0.964063 | AvgFscore: 0.951865
2019-10-06 19:17:35,889 INFO  __main__        - Batches done: 250/294 | Loss: 1.031713 | Accuracy: 0.963375 | AvgFscore: 0.950136
2019-10-06 19:17:40,370 INFO  __main__        - Batches done: 260/294 | Loss: 1.032312 | Accuracy: 0.963702 | AvgFscore: 0.950843
2019-10-06 19:17:44,835 INFO  __main__        - Batches done: 270/294 | Loss: 1.043579 | Accuracy: 0.963194 | AvgFscore: 0.950893
2019-10-06 19:17:49,301 INFO  __main__        - Batches done: 280/294 | Loss: 1.039303 | Accuracy: 0.963281 | AvgFscore: 0.950804
2019-10-06 19:17:53,760 INFO  __main__        - Batches done: 290/294 | Loss: 1.052944 | Accuracy: 0.962716 | AvgFscore: 0.950573
2019-10-06 19:18:51,068 INFO  __main__        - Epochs done: 17/19 | Loss: 7.060102 | Accuracy: 0.863651 | AvgFscore: 0.559557
2019-10-06 19:18:51,416 INFO  __main__        - Epoch: 18
2019-10-06 19:18:56,922 INFO  __main__        - Batches done: 10/294 | Loss: 1.700621 | Accuracy: 0.934375 | AvgFscore: 0.903756
2019-10-06 19:19:01,388 INFO  __main__        - Batches done: 20/294 | Loss: 1.265649 | Accuracy: 0.953125 | AvgFscore: 0.930495
2019-10-06 19:19:05,855 INFO  __main__        - Batches done: 30/294 | Loss: 1.210321 | Accuracy: 0.955208 | AvgFscore: 0.929052
2019-10-06 19:19:10,331 INFO  __main__        - Batches done: 40/294 | Loss: 1.050650 | Accuracy: 0.958594 | AvgFscore: 0.935586
2019-10-06 19:19:14,796 INFO  __main__        - Batches done: 50/294 | Loss: 1.225209 | Accuracy: 0.957500 | AvgFscore: 0.940424
2019-10-06 19:19:19,268 INFO  __main__        - Batches done: 60/294 | Loss: 1.119016 | Accuracy: 0.961979 | AvgFscore: 0.945613
2019-10-06 19:19:23,737 INFO  __main__        - Batches done: 70/294 | Loss: 1.113378 | Accuracy: 0.961607 | AvgFscore: 0.945553
2019-10-06 19:19:28,210 INFO  __main__        - Batches done: 80/294 | Loss: 1.102631 | Accuracy: 0.962500 | AvgFscore: 0.944558
2019-10-06 19:19:32,670 INFO  __main__        - Batches done: 90/294 | Loss: 1.072425 | Accuracy: 0.963542 | AvgFscore: 0.945848
2019-10-06 19:19:37,144 INFO  __main__        - Batches done: 100/294 | Loss: 1.055988 | Accuracy: 0.964375 | AvgFscore: 0.944294
2019-10-06 19:19:41,611 INFO  __main__        - Batches done: 110/294 | Loss: 1.062051 | Accuracy: 0.964205 | AvgFscore: 0.944034
2019-10-06 19:19:46,089 INFO  __main__        - Batches done: 120/294 | Loss: 1.035338 | Accuracy: 0.964583 | AvgFscore: 0.944398
2019-10-06 19:19:50,558 INFO  __main__        - Batches done: 130/294 | Loss: 1.081611 | Accuracy: 0.963942 | AvgFscore: 0.944528
2019-10-06 19:19:55,035 INFO  __main__        - Batches done: 140/294 | Loss: 1.070085 | Accuracy: 0.964286 | AvgFscore: 0.945331
2019-10-06 19:19:59,502 INFO  __main__        - Batches done: 150/294 | Loss: 1.080228 | Accuracy: 0.964167 | AvgFscore: 0.945592
2019-10-06 19:20:03,983 INFO  __main__        - Batches done: 160/294 | Loss: 1.067070 | Accuracy: 0.964258 | AvgFscore: 0.946210
2019-10-06 19:20:08,456 INFO  __main__        - Batches done: 170/294 | Loss: 1.084030 | Accuracy: 0.963419 | AvgFscore: 0.944583
2019-10-06 19:20:12,936 INFO  __main__        - Batches done: 180/294 | Loss: 1.085193 | Accuracy: 0.962847 | AvgFscore: 0.945148
2019-10-06 19:20:17,404 INFO  __main__        - Batches done: 190/294 | Loss: 1.095491 | Accuracy: 0.962829 | AvgFscore: 0.944488
2019-10-06 19:20:21,885 INFO  __main__        - Batches done: 200/294 | Loss: 1.118378 | Accuracy: 0.962187 | AvgFscore: 0.942812
2019-10-06 19:20:26,355 INFO  __main__        - Batches done: 210/294 | Loss: 1.122696 | Accuracy: 0.961756 | AvgFscore: 0.942312
2019-10-06 19:20:30,828 INFO  __main__        - Batches done: 220/294 | Loss: 1.127446 | Accuracy: 0.961222 | AvgFscore: 0.941898
2019-10-06 19:20:35,294 INFO  __main__        - Batches done: 230/294 | Loss: 1.112082 | Accuracy: 0.961821 | AvgFscore: 0.940986
2019-10-06 19:20:39,780 INFO  __main__        - Batches done: 240/294 | Loss: 1.128653 | Accuracy: 0.961328 | AvgFscore: 0.940903
2019-10-06 19:20:44,251 INFO  __main__        - Batches done: 250/294 | Loss: 1.125659 | Accuracy: 0.961375 | AvgFscore: 0.941320
2019-10-06 19:20:48,733 INFO  __main__        - Batches done: 260/294 | Loss: 1.120776 | Accuracy: 0.961178 | AvgFscore: 0.942079
2019-10-06 19:20:53,209 INFO  __main__        - Batches done: 270/294 | Loss: 1.127882 | Accuracy: 0.961227 | AvgFscore: 0.941939
2019-10-06 19:20:57,684 INFO  __main__        - Batches done: 280/294 | Loss: 1.124016 | Accuracy: 0.961161 | AvgFscore: 0.941173
2019-10-06 19:21:02,153 INFO  __main__        - Batches done: 290/294 | Loss: 1.130202 | Accuracy: 0.961207 | AvgFscore: 0.941690
2019-10-06 19:21:59,449 INFO  __main__        - Epochs done: 18/19 | Loss: 7.169267 | Accuracy: 0.867044 | AvgFscore: 0.575130
2019-10-06 19:21:59,449 INFO  __main__        - Saving..
