2019-10-06 12:11:34,054 INFO  __main__        - Log file is experiments/se_resnext50_32x4d_v2/log.log
2019-10-06 12:11:34,055 INFO  __main__        - Data Processing...
2019-10-06 12:11:37,340 INFO  __main__        - Epoch: 1
2019-10-06 12:11:43,206 INFO  __main__        - Batches done: 10/237 | Loss: 1.683090 | Accuracy: 0.378125 | AvgPrecision: 0.353386
2019-10-06 12:11:47,742 INFO  __main__        - Batches done: 20/237 | Loss: 1.562568 | Accuracy: 0.425000 | AvgPrecision: 0.426611
2019-10-06 12:11:52,258 INFO  __main__        - Batches done: 30/237 | Loss: 1.489047 | Accuracy: 0.439583 | AvgPrecision: 0.445565
2019-10-06 12:11:56,847 INFO  __main__        - Batches done: 40/237 | Loss: 1.431517 | Accuracy: 0.464844 | AvgPrecision: 0.479743
2019-10-06 12:12:01,483 INFO  __main__        - Batches done: 50/237 | Loss: 1.380131 | Accuracy: 0.485000 | AvgPrecision: 0.498099
2019-10-06 12:12:06,097 INFO  __main__        - Batches done: 60/237 | Loss: 1.336457 | Accuracy: 0.500000 | AvgPrecision: 0.507736
2019-10-06 12:12:10,790 INFO  __main__        - Batches done: 70/237 | Loss: 1.300718 | Accuracy: 0.512054 | AvgPrecision: 0.520581
2019-10-06 12:12:15,516 INFO  __main__        - Batches done: 80/237 | Loss: 1.270145 | Accuracy: 0.522266 | AvgPrecision: 0.529706
2019-10-06 12:12:20,069 INFO  __main__        - Batches done: 90/237 | Loss: 1.236243 | Accuracy: 0.534722 | AvgPrecision: 0.546194
2019-10-06 12:12:24,581 INFO  __main__        - Batches done: 100/237 | Loss: 1.218723 | Accuracy: 0.544063 | AvgPrecision: 0.553807
2019-10-06 12:12:29,151 INFO  __main__        - Batches done: 110/237 | Loss: 1.199443 | Accuracy: 0.548864 | AvgPrecision: 0.553929
2019-10-06 12:12:33,689 INFO  __main__        - Batches done: 120/237 | Loss: 1.187931 | Accuracy: 0.552604 | AvgPrecision: 0.556528
2019-10-06 12:12:38,226 INFO  __main__        - Batches done: 130/237 | Loss: 1.170621 | Accuracy: 0.558894 | AvgPrecision: 0.561752
2019-10-06 12:12:42,772 INFO  __main__        - Batches done: 140/237 | Loss: 1.150280 | Accuracy: 0.565625 | AvgPrecision: 0.569058
2019-10-06 12:12:47,286 INFO  __main__        - Batches done: 150/237 | Loss: 1.134384 | Accuracy: 0.570833 | AvgPrecision: 0.576255
2019-10-06 12:12:51,883 INFO  __main__        - Batches done: 160/237 | Loss: 1.110517 | Accuracy: 0.580273 | AvgPrecision: 0.585765
2019-10-06 12:12:56,484 INFO  __main__        - Batches done: 170/237 | Loss: 1.106828 | Accuracy: 0.583640 | AvgPrecision: 0.589380
2019-10-06 12:13:01,014 INFO  __main__        - Batches done: 180/237 | Loss: 1.100917 | Accuracy: 0.587500 | AvgPrecision: 0.594626
2019-10-06 12:13:05,715 INFO  __main__        - Batches done: 190/237 | Loss: 1.095022 | Accuracy: 0.590789 | AvgPrecision: 0.597142
2019-10-06 12:13:10,430 INFO  __main__        - Batches done: 200/237 | Loss: 1.087860 | Accuracy: 0.593437 | AvgPrecision: 0.599936
2019-10-06 12:13:15,058 INFO  __main__        - Batches done: 210/237 | Loss: 1.083644 | Accuracy: 0.594345 | AvgPrecision: 0.601726
2019-10-06 12:13:19,750 INFO  __main__        - Batches done: 220/237 | Loss: 1.076376 | Accuracy: 0.595597 | AvgPrecision: 0.603595
2019-10-06 12:13:24,273 INFO  __main__        - Batches done: 230/237 | Loss: 1.063911 | Accuracy: 0.600815 | AvgPrecision: 0.609111
2019-10-06 12:13:39,135 INFO  __main__        - Epochs done: 1/10 | Loss: 0.861419 | Accuracy: 0.667989 | AvgPrecision: 0.430309
2019-10-06 12:13:39,135 INFO  __main__        - Saving..
2019-10-06 12:13:39,646 INFO  __main__        - Epoch: 2
2019-10-06 12:13:45,403 INFO  __main__        - Batches done: 10/237 | Loss: 0.881577 | Accuracy: 0.712500 | AvgPrecision: 0.739626
2019-10-06 12:13:50,010 INFO  __main__        - Batches done: 20/237 | Loss: 0.811747 | Accuracy: 0.723437 | AvgPrecision: 0.737998
2019-10-06 12:13:54,576 INFO  __main__        - Batches done: 30/237 | Loss: 0.805917 | Accuracy: 0.721875 | AvgPrecision: 0.736024
2019-10-06 12:13:59,131 INFO  __main__        - Batches done: 40/237 | Loss: 0.838068 | Accuracy: 0.700781 | AvgPrecision: 0.716434
2019-10-06 12:14:03,678 INFO  __main__        - Batches done: 50/237 | Loss: 0.841034 | Accuracy: 0.695000 | AvgPrecision: 0.713140
2019-10-06 12:14:08,277 INFO  __main__        - Batches done: 60/237 | Loss: 0.828556 | Accuracy: 0.694271 | AvgPrecision: 0.715798
2019-10-06 12:14:12,826 INFO  __main__        - Batches done: 70/237 | Loss: 0.819602 | Accuracy: 0.694643 | AvgPrecision: 0.715946
2019-10-06 12:14:17,381 INFO  __main__        - Batches done: 80/237 | Loss: 0.817238 | Accuracy: 0.695312 | AvgPrecision: 0.714336
2019-10-06 12:14:21,942 INFO  __main__        - Batches done: 90/237 | Loss: 0.812027 | Accuracy: 0.698611 | AvgPrecision: 0.716583
2019-10-06 12:14:26,496 INFO  __main__        - Batches done: 100/237 | Loss: 0.794633 | Accuracy: 0.704688 | AvgPrecision: 0.719421
2019-10-06 12:14:31,046 INFO  __main__        - Batches done: 110/237 | Loss: 0.788871 | Accuracy: 0.707670 | AvgPrecision: 0.719990
2019-10-06 12:14:35,599 INFO  __main__        - Batches done: 120/237 | Loss: 0.776638 | Accuracy: 0.712760 | AvgPrecision: 0.724173
2019-10-06 12:14:40,269 INFO  __main__        - Batches done: 130/237 | Loss: 0.773204 | Accuracy: 0.712981 | AvgPrecision: 0.724522
2019-10-06 12:14:44,873 INFO  __main__        - Batches done: 140/237 | Loss: 0.775618 | Accuracy: 0.713170 | AvgPrecision: 0.726177
2019-10-06 12:14:49,493 INFO  __main__        - Batches done: 150/237 | Loss: 0.774949 | Accuracy: 0.713333 | AvgPrecision: 0.726953
2019-10-06 12:14:54,219 INFO  __main__        - Batches done: 160/237 | Loss: 0.764636 | Accuracy: 0.718750 | AvgPrecision: 0.731401
2019-10-06 12:14:58,770 INFO  __main__        - Batches done: 170/237 | Loss: 0.773595 | Accuracy: 0.714154 | AvgPrecision: 0.727529
2019-10-06 12:15:03,355 INFO  __main__        - Batches done: 180/237 | Loss: 0.770443 | Accuracy: 0.713021 | AvgPrecision: 0.726102
2019-10-06 12:15:07,878 INFO  __main__        - Batches done: 190/237 | Loss: 0.763476 | Accuracy: 0.715296 | AvgPrecision: 0.726532
2019-10-06 12:15:12,412 INFO  __main__        - Batches done: 200/237 | Loss: 0.759917 | Accuracy: 0.715781 | AvgPrecision: 0.725509
2019-10-06 12:15:17,067 INFO  __main__        - Batches done: 210/237 | Loss: 0.758427 | Accuracy: 0.716964 | AvgPrecision: 0.726195
2019-10-06 12:15:21,654 INFO  __main__        - Batches done: 220/237 | Loss: 0.756289 | Accuracy: 0.718040 | AvgPrecision: 0.727200
2019-10-06 12:15:26,251 INFO  __main__        - Batches done: 230/237 | Loss: 0.751223 | Accuracy: 0.720516 | AvgPrecision: 0.729517
2019-10-06 12:15:42,075 INFO  __main__        - Epochs done: 2/10 | Loss: 1.022266 | Accuracy: 0.642471 | AvgPrecision: 0.309647
2019-10-06 12:15:42,431 INFO  __main__        - Epoch: 3
2019-10-06 12:15:48,101 INFO  __main__        - Batches done: 10/237 | Loss: 0.634441 | Accuracy: 0.768750 | AvgPrecision: 0.797443
2019-10-06 12:15:52,672 INFO  __main__        - Batches done: 20/237 | Loss: 0.612126 | Accuracy: 0.765625 | AvgPrecision: 0.772310
2019-10-06 12:15:57,303 INFO  __main__        - Batches done: 30/237 | Loss: 0.644295 | Accuracy: 0.753125 | AvgPrecision: 0.755933
2019-10-06 12:16:02,043 INFO  __main__        - Batches done: 40/237 | Loss: 0.642832 | Accuracy: 0.754687 | AvgPrecision: 0.758817
2019-10-06 12:16:06,776 INFO  __main__        - Batches done: 50/237 | Loss: 0.640914 | Accuracy: 0.756875 | AvgPrecision: 0.763494
2019-10-06 12:16:11,356 INFO  __main__        - Batches done: 60/237 | Loss: 0.648576 | Accuracy: 0.751563 | AvgPrecision: 0.759533
2019-10-06 12:16:15,965 INFO  __main__        - Batches done: 70/237 | Loss: 0.654087 | Accuracy: 0.751786 | AvgPrecision: 0.760658
2019-10-06 12:16:20,612 INFO  __main__        - Batches done: 80/237 | Loss: 0.648025 | Accuracy: 0.753906 | AvgPrecision: 0.761704
2019-10-06 12:16:25,223 INFO  __main__        - Batches done: 90/237 | Loss: 0.641010 | Accuracy: 0.755556 | AvgPrecision: 0.761317
2019-10-06 12:16:29,930 INFO  __main__        - Batches done: 100/237 | Loss: 0.639242 | Accuracy: 0.756875 | AvgPrecision: 0.763393
2019-10-06 12:16:34,560 INFO  __main__        - Batches done: 110/237 | Loss: 0.635779 | Accuracy: 0.759943 | AvgPrecision: 0.767318
2019-10-06 12:16:39,127 INFO  __main__        - Batches done: 120/237 | Loss: 0.651391 | Accuracy: 0.755990 | AvgPrecision: 0.762911
2019-10-06 12:16:43,658 INFO  __main__        - Batches done: 130/237 | Loss: 0.647487 | Accuracy: 0.757933 | AvgPrecision: 0.765051
2019-10-06 12:16:48,366 INFO  __main__        - Batches done: 140/237 | Loss: 0.643167 | Accuracy: 0.759598 | AvgPrecision: 0.766231
2019-10-06 12:16:53,044 INFO  __main__        - Batches done: 150/237 | Loss: 0.643619 | Accuracy: 0.759375 | AvgPrecision: 0.766500
2019-10-06 12:16:57,742 INFO  __main__        - Batches done: 160/237 | Loss: 0.637194 | Accuracy: 0.761914 | AvgPrecision: 0.769261
2019-10-06 12:17:02,440 INFO  __main__        - Batches done: 170/237 | Loss: 0.640917 | Accuracy: 0.761765 | AvgPrecision: 0.768894
2019-10-06 12:17:07,195 INFO  __main__        - Batches done: 180/237 | Loss: 0.640716 | Accuracy: 0.761806 | AvgPrecision: 0.769635
2019-10-06 12:17:11,947 INFO  __main__        - Batches done: 190/237 | Loss: 0.638114 | Accuracy: 0.762829 | AvgPrecision: 0.770716
2019-10-06 12:17:16,517 INFO  __main__        - Batches done: 200/237 | Loss: 0.639005 | Accuracy: 0.761406 | AvgPrecision: 0.769413
2019-10-06 12:17:21,247 INFO  __main__        - Batches done: 210/237 | Loss: 0.638617 | Accuracy: 0.761607 | AvgPrecision: 0.769629
2019-10-06 12:17:25,899 INFO  __main__        - Batches done: 220/237 | Loss: 0.636740 | Accuracy: 0.762500 | AvgPrecision: 0.771512
2019-10-06 12:17:30,437 INFO  __main__        - Batches done: 230/237 | Loss: 0.633754 | Accuracy: 0.764266 | AvgPrecision: 0.773286
2019-10-06 12:17:45,479 INFO  __main__        - Epochs done: 3/10 | Loss: 1.031634 | Accuracy: 0.635455 | AvgPrecision: 0.392542
2019-10-06 12:17:45,896 INFO  __main__        - Epoch: 4
2019-10-06 12:17:51,550 INFO  __main__        - Batches done: 10/237 | Loss: 0.534869 | Accuracy: 0.793750 | AvgPrecision: 0.817975
2019-10-06 12:17:56,084 INFO  __main__        - Batches done: 20/237 | Loss: 0.532963 | Accuracy: 0.795312 | AvgPrecision: 0.814361
2019-10-06 12:18:00,774 INFO  __main__        - Batches done: 30/237 | Loss: 0.510520 | Accuracy: 0.808333 | AvgPrecision: 0.820425
2019-10-06 12:18:05,305 INFO  __main__        - Batches done: 40/237 | Loss: 0.513040 | Accuracy: 0.807813 | AvgPrecision: 0.823275
2019-10-06 12:18:09,927 INFO  __main__        - Batches done: 50/237 | Loss: 0.518601 | Accuracy: 0.804375 | AvgPrecision: 0.817889
2019-10-06 12:18:14,504 INFO  __main__        - Batches done: 60/237 | Loss: 0.520359 | Accuracy: 0.803125 | AvgPrecision: 0.811854
2019-10-06 12:18:19,079 INFO  __main__        - Batches done: 70/237 | Loss: 0.516725 | Accuracy: 0.804911 | AvgPrecision: 0.811332
2019-10-06 12:18:23,826 INFO  __main__        - Batches done: 80/237 | Loss: 0.518842 | Accuracy: 0.807422 | AvgPrecision: 0.813177
2019-10-06 12:18:28,512 INFO  __main__        - Batches done: 90/237 | Loss: 0.519316 | Accuracy: 0.805903 | AvgPrecision: 0.810180
2019-10-06 12:18:33,054 INFO  __main__        - Batches done: 100/237 | Loss: 0.523624 | Accuracy: 0.803125 | AvgPrecision: 0.806335
2019-10-06 12:18:37,618 INFO  __main__        - Batches done: 110/237 | Loss: 0.528249 | Accuracy: 0.802273 | AvgPrecision: 0.804968
2019-10-06 12:18:42,284 INFO  __main__        - Batches done: 120/237 | Loss: 0.529865 | Accuracy: 0.801302 | AvgPrecision: 0.803311
2019-10-06 12:18:47,074 INFO  __main__        - Batches done: 130/237 | Loss: 0.523105 | Accuracy: 0.803846 | AvgPrecision: 0.807595
2019-10-06 12:18:51,765 INFO  __main__        - Batches done: 140/237 | Loss: 0.523717 | Accuracy: 0.804018 | AvgPrecision: 0.807455
2019-10-06 12:18:56,430 INFO  __main__        - Batches done: 150/237 | Loss: 0.522609 | Accuracy: 0.804583 | AvgPrecision: 0.806810
2019-10-06 12:19:01,108 INFO  __main__        - Batches done: 160/237 | Loss: 0.526392 | Accuracy: 0.804883 | AvgPrecision: 0.808576
2019-10-06 12:19:05,740 INFO  __main__        - Batches done: 170/237 | Loss: 0.525154 | Accuracy: 0.805331 | AvgPrecision: 0.808975
2019-10-06 12:19:10,288 INFO  __main__        - Batches done: 180/237 | Loss: 0.521211 | Accuracy: 0.806944 | AvgPrecision: 0.809565
2019-10-06 12:19:14,976 INFO  __main__        - Batches done: 190/237 | Loss: 0.518948 | Accuracy: 0.807895 | AvgPrecision: 0.809348
2019-10-06 12:19:19,629 INFO  __main__        - Batches done: 200/237 | Loss: 0.517991 | Accuracy: 0.808125 | AvgPrecision: 0.810120
2019-10-06 12:19:24,239 INFO  __main__        - Batches done: 210/237 | Loss: 0.519435 | Accuracy: 0.808631 | AvgPrecision: 0.810125
2019-10-06 12:19:28,781 INFO  __main__        - Batches done: 220/237 | Loss: 0.527098 | Accuracy: 0.806392 | AvgPrecision: 0.807374
2019-10-06 12:19:33,321 INFO  __main__        - Batches done: 230/237 | Loss: 0.526530 | Accuracy: 0.806522 | AvgPrecision: 0.806844
2019-10-06 12:19:48,357 INFO  __main__        - Epochs done: 4/10 | Loss: 0.991394 | Accuracy: 0.680587 | AvgPrecision: 0.366675
2019-10-06 12:19:48,711 INFO  __main__        - Epoch: 5
2019-10-06 12:19:54,423 INFO  __main__        - Batches done: 10/237 | Loss: 0.506680 | Accuracy: 0.793750 | AvgPrecision: 0.812222
2019-10-06 12:19:58,991 INFO  __main__        - Batches done: 20/237 | Loss: 0.489131 | Accuracy: 0.806250 | AvgPrecision: 0.818467
2019-10-06 12:20:03,527 INFO  __main__        - Batches done: 30/237 | Loss: 0.479853 | Accuracy: 0.818750 | AvgPrecision: 0.822288
2019-10-06 12:20:08,065 INFO  __main__        - Batches done: 40/237 | Loss: 0.459355 | Accuracy: 0.825781 | AvgPrecision: 0.833316
2019-10-06 12:20:12,605 INFO  __main__        - Batches done: 50/237 | Loss: 0.434482 | Accuracy: 0.837500 | AvgPrecision: 0.844547
2019-10-06 12:20:17,314 INFO  __main__        - Batches done: 60/237 | Loss: 0.440686 | Accuracy: 0.834896 | AvgPrecision: 0.839893
2019-10-06 12:20:21,903 INFO  __main__        - Batches done: 70/237 | Loss: 0.445978 | Accuracy: 0.832143 | AvgPrecision: 0.840202
2019-10-06 12:20:26,436 INFO  __main__        - Batches done: 80/237 | Loss: 0.455417 | Accuracy: 0.828516 | AvgPrecision: 0.837391
2019-10-06 12:20:30,972 INFO  __main__        - Batches done: 90/237 | Loss: 0.455028 | Accuracy: 0.830556 | AvgPrecision: 0.838851
2019-10-06 12:20:35,508 INFO  __main__        - Batches done: 100/237 | Loss: 0.455679 | Accuracy: 0.831875 | AvgPrecision: 0.839057
2019-10-06 12:20:40,051 INFO  __main__        - Batches done: 110/237 | Loss: 0.460018 | Accuracy: 0.828977 | AvgPrecision: 0.836924
2019-10-06 12:20:44,586 INFO  __main__        - Batches done: 120/237 | Loss: 0.464390 | Accuracy: 0.827344 | AvgPrecision: 0.834573
2019-10-06 12:20:49,120 INFO  __main__        - Batches done: 130/237 | Loss: 0.457869 | Accuracy: 0.829087 | AvgPrecision: 0.834838
2019-10-06 12:20:53,655 INFO  __main__        - Batches done: 140/237 | Loss: 0.464840 | Accuracy: 0.827455 | AvgPrecision: 0.834300
2019-10-06 12:20:58,193 INFO  __main__        - Batches done: 150/237 | Loss: 0.461712 | Accuracy: 0.828125 | AvgPrecision: 0.833992
2019-10-06 12:21:02,775 INFO  __main__        - Batches done: 160/237 | Loss: 0.457165 | Accuracy: 0.829102 | AvgPrecision: 0.834831
2019-10-06 12:21:07,509 INFO  __main__        - Batches done: 170/237 | Loss: 0.452142 | Accuracy: 0.831434 | AvgPrecision: 0.837827
2019-10-06 12:21:12,145 INFO  __main__        - Batches done: 180/237 | Loss: 0.451029 | Accuracy: 0.831597 | AvgPrecision: 0.838196
2019-10-06 12:21:16,702 INFO  __main__        - Batches done: 190/237 | Loss: 0.456436 | Accuracy: 0.830263 | AvgPrecision: 0.835369
2019-10-06 12:21:21,259 INFO  __main__        - Batches done: 200/237 | Loss: 0.453780 | Accuracy: 0.830625 | AvgPrecision: 0.835759
2019-10-06 12:21:25,883 INFO  __main__        - Batches done: 210/237 | Loss: 0.457302 | Accuracy: 0.829167 | AvgPrecision: 0.834847
2019-10-06 12:21:30,598 INFO  __main__        - Batches done: 220/237 | Loss: 0.461065 | Accuracy: 0.827557 | AvgPrecision: 0.833235
2019-10-06 12:21:35,127 INFO  __main__        - Batches done: 230/237 | Loss: 0.461402 | Accuracy: 0.827310 | AvgPrecision: 0.833170
2019-10-06 12:21:50,187 INFO  __main__        - Epochs done: 5/10 | Loss: 1.043760 | Accuracy: 0.653396 | AvgPrecision: 0.426046
2019-10-06 12:21:50,558 INFO  __main__        - Epoch: 6
2019-10-06 12:21:56,370 INFO  __main__        - Batches done: 10/237 | Loss: 0.484754 | Accuracy: 0.831250 | AvgPrecision: 0.820663
2019-10-06 12:22:01,077 INFO  __main__        - Batches done: 20/237 | Loss: 0.415653 | Accuracy: 0.851562 | AvgPrecision: 0.838793
2019-10-06 12:22:05,742 INFO  __main__        - Batches done: 30/237 | Loss: 0.408600 | Accuracy: 0.847917 | AvgPrecision: 0.845719
2019-10-06 12:22:10,427 INFO  __main__        - Batches done: 40/237 | Loss: 0.412266 | Accuracy: 0.850000 | AvgPrecision: 0.849379
2019-10-06 12:22:14,966 INFO  __main__        - Batches done: 50/237 | Loss: 0.405445 | Accuracy: 0.848125 | AvgPrecision: 0.848603
2019-10-06 12:22:19,509 INFO  __main__        - Batches done: 60/237 | Loss: 0.389174 | Accuracy: 0.855208 | AvgPrecision: 0.855278
2019-10-06 12:22:24,048 INFO  __main__        - Batches done: 70/237 | Loss: 0.396073 | Accuracy: 0.852679 | AvgPrecision: 0.854826
2019-10-06 12:22:28,594 INFO  __main__        - Batches done: 80/237 | Loss: 0.400765 | Accuracy: 0.847656 | AvgPrecision: 0.850995
2019-10-06 12:22:33,162 INFO  __main__        - Batches done: 90/237 | Loss: 0.402913 | Accuracy: 0.845833 | AvgPrecision: 0.848840
2019-10-06 12:22:37,924 INFO  __main__        - Batches done: 100/237 | Loss: 0.398632 | Accuracy: 0.846562 | AvgPrecision: 0.849691
2019-10-06 12:22:42,561 INFO  __main__        - Batches done: 110/237 | Loss: 0.407783 | Accuracy: 0.844318 | AvgPrecision: 0.845989
2019-10-06 12:22:47,358 INFO  __main__        - Batches done: 120/237 | Loss: 0.410526 | Accuracy: 0.844010 | AvgPrecision: 0.846501
2019-10-06 12:22:51,982 INFO  __main__        - Batches done: 130/237 | Loss: 0.413183 | Accuracy: 0.843269 | AvgPrecision: 0.846100
2019-10-06 12:22:56,531 INFO  __main__        - Batches done: 140/237 | Loss: 0.414294 | Accuracy: 0.843527 | AvgPrecision: 0.845750
2019-10-06 12:23:01,071 INFO  __main__        - Batches done: 150/237 | Loss: 0.415644 | Accuracy: 0.843125 | AvgPrecision: 0.845460
2019-10-06 12:23:05,608 INFO  __main__        - Batches done: 160/237 | Loss: 0.412293 | Accuracy: 0.844336 | AvgPrecision: 0.846594
2019-10-06 12:23:10,150 INFO  __main__        - Batches done: 170/237 | Loss: 0.413966 | Accuracy: 0.843934 | AvgPrecision: 0.845660
2019-10-06 12:23:14,692 INFO  __main__        - Batches done: 180/237 | Loss: 0.416108 | Accuracy: 0.842361 | AvgPrecision: 0.844433
2019-10-06 12:23:19,230 INFO  __main__        - Batches done: 190/237 | Loss: 0.420056 | Accuracy: 0.840789 | AvgPrecision: 0.841024
2019-10-06 12:23:23,765 INFO  __main__        - Batches done: 200/237 | Loss: 0.421945 | Accuracy: 0.841562 | AvgPrecision: 0.841512
2019-10-06 12:23:28,307 INFO  __main__        - Batches done: 210/237 | Loss: 0.420323 | Accuracy: 0.841815 | AvgPrecision: 0.843296
2019-10-06 12:23:32,843 INFO  __main__        - Batches done: 220/237 | Loss: 0.419233 | Accuracy: 0.841619 | AvgPrecision: 0.842577
2019-10-06 12:23:37,380 INFO  __main__        - Batches done: 230/237 | Loss: 0.420590 | Accuracy: 0.841033 | AvgPrecision: 0.841987
2019-10-06 12:23:52,299 INFO  __main__        - Epochs done: 6/10 | Loss: 1.178908 | Accuracy: 0.697473 | AvgPrecision: 0.644514
2019-10-06 12:23:52,299 INFO  __main__        - Saving..
2019-10-06 12:23:52,807 INFO  __main__        - Epoch: 7
2019-10-06 12:23:58,421 INFO  __main__        - Batches done: 10/237 | Loss: 0.367060 | Accuracy: 0.865625 | AvgPrecision: 0.872874
2019-10-06 12:24:03,015 INFO  __main__        - Batches done: 20/237 | Loss: 0.366337 | Accuracy: 0.870313 | AvgPrecision: 0.863846
2019-10-06 12:24:07,577 INFO  __main__        - Batches done: 30/237 | Loss: 0.373320 | Accuracy: 0.869792 | AvgPrecision: 0.865905
2019-10-06 12:24:12,106 INFO  __main__        - Batches done: 40/237 | Loss: 0.365853 | Accuracy: 0.868750 | AvgPrecision: 0.867741
2019-10-06 12:24:16,643 INFO  __main__        - Batches done: 50/237 | Loss: 0.370355 | Accuracy: 0.866250 | AvgPrecision: 0.864734
2019-10-06 12:24:21,172 INFO  __main__        - Batches done: 60/237 | Loss: 0.365361 | Accuracy: 0.865625 | AvgPrecision: 0.864608
2019-10-06 12:24:25,712 INFO  __main__        - Batches done: 70/237 | Loss: 0.366631 | Accuracy: 0.864286 | AvgPrecision: 0.864723
2019-10-06 12:24:30,249 INFO  __main__        - Batches done: 80/237 | Loss: 0.376968 | Accuracy: 0.860547 | AvgPrecision: 0.862182
2019-10-06 12:24:34,786 INFO  __main__        - Batches done: 90/237 | Loss: 0.367339 | Accuracy: 0.862500 | AvgPrecision: 0.862820
2019-10-06 12:24:39,318 INFO  __main__        - Batches done: 100/237 | Loss: 0.368341 | Accuracy: 0.862187 | AvgPrecision: 0.862482
2019-10-06 12:24:43,855 INFO  __main__        - Batches done: 110/237 | Loss: 0.367286 | Accuracy: 0.861648 | AvgPrecision: 0.862529
2019-10-06 12:24:48,388 INFO  __main__        - Batches done: 120/237 | Loss: 0.365191 | Accuracy: 0.863802 | AvgPrecision: 0.863999
2019-10-06 12:24:52,922 INFO  __main__        - Batches done: 130/237 | Loss: 0.366136 | Accuracy: 0.863942 | AvgPrecision: 0.863389
2019-10-06 12:24:57,478 INFO  __main__        - Batches done: 140/237 | Loss: 0.370934 | Accuracy: 0.862500 | AvgPrecision: 0.862367
2019-10-06 12:25:02,032 INFO  __main__        - Batches done: 150/237 | Loss: 0.372244 | Accuracy: 0.863125 | AvgPrecision: 0.863696
2019-10-06 12:25:06,641 INFO  __main__        - Batches done: 160/237 | Loss: 0.373169 | Accuracy: 0.862500 | AvgPrecision: 0.862508
2019-10-06 12:25:11,197 INFO  __main__        - Batches done: 170/237 | Loss: 0.378389 | Accuracy: 0.860478 | AvgPrecision: 0.861101
2019-10-06 12:25:15,767 INFO  __main__        - Batches done: 180/237 | Loss: 0.382717 | Accuracy: 0.859201 | AvgPrecision: 0.860409
2019-10-06 12:25:20,343 INFO  __main__        - Batches done: 190/237 | Loss: 0.384278 | Accuracy: 0.857895 | AvgPrecision: 0.858906
2019-10-06 12:25:24,927 INFO  __main__        - Batches done: 200/237 | Loss: 0.383318 | Accuracy: 0.857812 | AvgPrecision: 0.859777
2019-10-06 12:25:29,494 INFO  __main__        - Batches done: 210/237 | Loss: 0.383333 | Accuracy: 0.857440 | AvgPrecision: 0.859673
2019-10-06 12:25:34,050 INFO  __main__        - Batches done: 220/237 | Loss: 0.382398 | Accuracy: 0.856108 | AvgPrecision: 0.858404
2019-10-06 12:25:38,649 INFO  __main__        - Batches done: 230/237 | Loss: 0.385081 | Accuracy: 0.854484 | AvgPrecision: 0.857000
2019-10-06 12:25:53,826 INFO  __main__        - Epochs done: 7/10 | Loss: 2.518734 | Accuracy: 0.258644 | AvgPrecision: 0.275424
2019-10-06 12:25:54,168 INFO  __main__        - Epoch: 8
2019-10-06 12:25:59,768 INFO  __main__        - Batches done: 10/237 | Loss: 0.437500 | Accuracy: 0.843750 | AvgPrecision: 0.828056
2019-10-06 12:26:04,541 INFO  __main__        - Batches done: 20/237 | Loss: 0.427269 | Accuracy: 0.843750 | AvgPrecision: 0.836446
2019-10-06 12:26:09,142 INFO  __main__        - Batches done: 30/237 | Loss: 0.405398 | Accuracy: 0.850000 | AvgPrecision: 0.846219
2019-10-06 12:26:13,714 INFO  __main__        - Batches done: 40/237 | Loss: 0.369672 | Accuracy: 0.865625 | AvgPrecision: 0.863043
2019-10-06 12:26:18,280 INFO  __main__        - Batches done: 50/237 | Loss: 0.368316 | Accuracy: 0.864375 | AvgPrecision: 0.863081
2019-10-06 12:26:22,868 INFO  __main__        - Batches done: 60/237 | Loss: 0.361253 | Accuracy: 0.867188 | AvgPrecision: 0.866809
2019-10-06 12:26:27,434 INFO  __main__        - Batches done: 70/237 | Loss: 0.357961 | Accuracy: 0.867411 | AvgPrecision: 0.866674
2019-10-06 12:26:31,984 INFO  __main__        - Batches done: 80/237 | Loss: 0.366749 | Accuracy: 0.866016 | AvgPrecision: 0.863871
2019-10-06 12:26:36,534 INFO  __main__        - Batches done: 90/237 | Loss: 0.367888 | Accuracy: 0.863542 | AvgPrecision: 0.862857
2019-10-06 12:26:41,086 INFO  __main__        - Batches done: 100/237 | Loss: 0.372753 | Accuracy: 0.863437 | AvgPrecision: 0.862480
2019-10-06 12:26:45,656 INFO  __main__        - Batches done: 110/237 | Loss: 0.370023 | Accuracy: 0.861648 | AvgPrecision: 0.860757
2019-10-06 12:26:50,338 INFO  __main__        - Batches done: 120/237 | Loss: 0.370820 | Accuracy: 0.860417 | AvgPrecision: 0.859296
2019-10-06 12:26:55,001 INFO  __main__        - Batches done: 130/237 | Loss: 0.371936 | Accuracy: 0.860096 | AvgPrecision: 0.857954
2019-10-06 12:26:59,778 INFO  __main__        - Batches done: 140/237 | Loss: 0.370615 | Accuracy: 0.861384 | AvgPrecision: 0.859970
2019-10-06 12:27:04,598 INFO  __main__        - Batches done: 150/237 | Loss: 0.366648 | Accuracy: 0.863750 | AvgPrecision: 0.863429
2019-10-06 12:27:09,350 INFO  __main__        - Batches done: 160/237 | Loss: 0.365072 | Accuracy: 0.863867 | AvgPrecision: 0.863998
2019-10-06 12:27:14,066 INFO  __main__        - Batches done: 170/237 | Loss: 0.358127 | Accuracy: 0.866544 | AvgPrecision: 0.866703
2019-10-06 12:27:18,717 INFO  __main__        - Batches done: 180/237 | Loss: 0.356581 | Accuracy: 0.867708 | AvgPrecision: 0.867189
2019-10-06 12:27:23,375 INFO  __main__        - Batches done: 190/237 | Loss: 0.353459 | Accuracy: 0.867928 | AvgPrecision: 0.868295
2019-10-06 12:27:27,980 INFO  __main__        - Batches done: 200/237 | Loss: 0.352793 | Accuracy: 0.868750 | AvgPrecision: 0.869151
2019-10-06 12:27:32,646 INFO  __main__        - Batches done: 210/237 | Loss: 0.354171 | Accuracy: 0.868750 | AvgPrecision: 0.869859
2019-10-06 12:27:37,316 INFO  __main__        - Batches done: 220/237 | Loss: 0.351386 | Accuracy: 0.869318 | AvgPrecision: 0.870619
2019-10-06 12:27:41,951 INFO  __main__        - Batches done: 230/237 | Loss: 0.350439 | Accuracy: 0.869565 | AvgPrecision: 0.870363
2019-10-06 12:27:57,275 INFO  __main__        - Epochs done: 8/10 | Loss: 0.979981 | Accuracy: 0.738364 | AvgPrecision: 0.495492
2019-10-06 12:27:57,678 INFO  __main__        - Epoch: 9
2019-10-06 12:28:03,432 INFO  __main__        - Batches done: 10/237 | Loss: 0.251810 | Accuracy: 0.915625 | AvgPrecision: 0.908560
2019-10-06 12:28:07,987 INFO  __main__        - Batches done: 20/237 | Loss: 0.258130 | Accuracy: 0.903125 | AvgPrecision: 0.905995
2019-10-06 12:28:12,565 INFO  __main__        - Batches done: 30/237 | Loss: 0.298804 | Accuracy: 0.888542 | AvgPrecision: 0.896706
2019-10-06 12:28:17,206 INFO  __main__        - Batches done: 40/237 | Loss: 0.303355 | Accuracy: 0.886719 | AvgPrecision: 0.895772
2019-10-06 12:28:21,891 INFO  __main__        - Batches done: 50/237 | Loss: 0.314875 | Accuracy: 0.882500 | AvgPrecision: 0.888977
2019-10-06 12:28:26,523 INFO  __main__        - Batches done: 60/237 | Loss: 0.315172 | Accuracy: 0.882292 | AvgPrecision: 0.886676
2019-10-06 12:28:31,219 INFO  __main__        - Batches done: 70/237 | Loss: 0.305563 | Accuracy: 0.886161 | AvgPrecision: 0.890788
2019-10-06 12:28:35,750 INFO  __main__        - Batches done: 80/237 | Loss: 0.302292 | Accuracy: 0.884375 | AvgPrecision: 0.889218
2019-10-06 12:28:40,282 INFO  __main__        - Batches done: 90/237 | Loss: 0.297392 | Accuracy: 0.885764 | AvgPrecision: 0.890314
2019-10-06 12:28:44,805 INFO  __main__        - Batches done: 100/237 | Loss: 0.294050 | Accuracy: 0.887813 | AvgPrecision: 0.893137
2019-10-06 12:28:49,334 INFO  __main__        - Batches done: 110/237 | Loss: 0.296465 | Accuracy: 0.887216 | AvgPrecision: 0.893144
2019-10-06 12:28:53,859 INFO  __main__        - Batches done: 120/237 | Loss: 0.302384 | Accuracy: 0.884635 | AvgPrecision: 0.888595
2019-10-06 12:28:58,391 INFO  __main__        - Batches done: 130/237 | Loss: 0.299886 | Accuracy: 0.885817 | AvgPrecision: 0.889522
2019-10-06 12:29:02,923 INFO  __main__        - Batches done: 140/237 | Loss: 0.298711 | Accuracy: 0.886607 | AvgPrecision: 0.890644
2019-10-06 12:29:07,456 INFO  __main__        - Batches done: 150/237 | Loss: 0.302459 | Accuracy: 0.884167 | AvgPrecision: 0.888980
2019-10-06 12:29:11,985 INFO  __main__        - Batches done: 160/237 | Loss: 0.308392 | Accuracy: 0.883203 | AvgPrecision: 0.887803
2019-10-06 12:29:16,524 INFO  __main__        - Batches done: 170/237 | Loss: 0.306574 | Accuracy: 0.884375 | AvgPrecision: 0.889550
2019-10-06 12:29:21,127 INFO  __main__        - Batches done: 180/237 | Loss: 0.305572 | Accuracy: 0.884201 | AvgPrecision: 0.890090
2019-10-06 12:29:25,738 INFO  __main__        - Batches done: 190/237 | Loss: 0.304521 | Accuracy: 0.884539 | AvgPrecision: 0.890374
2019-10-06 12:29:30,379 INFO  __main__        - Batches done: 200/237 | Loss: 0.303362 | Accuracy: 0.885312 | AvgPrecision: 0.891328
2019-10-06 12:29:35,134 INFO  __main__        - Batches done: 210/237 | Loss: 0.303067 | Accuracy: 0.885268 | AvgPrecision: 0.890803
2019-10-06 12:29:39,730 INFO  __main__        - Batches done: 220/237 | Loss: 0.302460 | Accuracy: 0.886080 | AvgPrecision: 0.891424
2019-10-06 12:29:44,249 INFO  __main__        - Batches done: 230/237 | Loss: 0.301926 | Accuracy: 0.886413 | AvgPrecision: 0.891141
2019-10-06 12:29:59,246 INFO  __main__        - Epochs done: 9/10 | Loss: 1.243144 | Accuracy: 0.665559 | AvgPrecision: 0.377510
2019-10-06 12:29:59,584 INFO  __main__        - Epoch: 10
2019-10-06 12:30:05,167 INFO  __main__        - Batches done: 10/237 | Loss: 0.264750 | Accuracy: 0.900000 | AvgPrecision: 0.892925
2019-10-06 12:30:09,819 INFO  __main__        - Batches done: 20/237 | Loss: 0.316709 | Accuracy: 0.887500 | AvgPrecision: 0.888410
2019-10-06 12:30:14,373 INFO  __main__        - Batches done: 30/237 | Loss: 0.307865 | Accuracy: 0.888542 | AvgPrecision: 0.884529
2019-10-06 12:30:18,973 INFO  __main__        - Batches done: 40/237 | Loss: 0.316112 | Accuracy: 0.885156 | AvgPrecision: 0.881851
2019-10-06 12:30:23,676 INFO  __main__        - Batches done: 50/237 | Loss: 0.310056 | Accuracy: 0.885625 | AvgPrecision: 0.882185
2019-10-06 12:30:28,276 INFO  __main__        - Batches done: 60/237 | Loss: 0.312640 | Accuracy: 0.882812 | AvgPrecision: 0.877825
2019-10-06 12:30:32,861 INFO  __main__        - Batches done: 70/237 | Loss: 0.316449 | Accuracy: 0.878571 | AvgPrecision: 0.874805
2019-10-06 12:30:37,436 INFO  __main__        - Batches done: 80/237 | Loss: 0.315761 | Accuracy: 0.880078 | AvgPrecision: 0.875430
2019-10-06 12:30:42,015 INFO  __main__        - Batches done: 90/237 | Loss: 0.320385 | Accuracy: 0.880556 | AvgPrecision: 0.877641
2019-10-06 12:30:46,602 INFO  __main__        - Batches done: 100/237 | Loss: 0.315567 | Accuracy: 0.882812 | AvgPrecision: 0.879556
2019-10-06 12:30:51,154 INFO  __main__        - Batches done: 110/237 | Loss: 0.310508 | Accuracy: 0.884943 | AvgPrecision: 0.883023
2019-10-06 12:30:55,733 INFO  __main__        - Batches done: 120/237 | Loss: 0.313529 | Accuracy: 0.884115 | AvgPrecision: 0.883596
2019-10-06 12:31:00,298 INFO  __main__        - Batches done: 130/237 | Loss: 0.307333 | Accuracy: 0.887260 | AvgPrecision: 0.886947
2019-10-06 12:31:04,864 INFO  __main__        - Batches done: 140/237 | Loss: 0.305525 | Accuracy: 0.888393 | AvgPrecision: 0.887696
2019-10-06 12:31:09,434 INFO  __main__        - Batches done: 150/237 | Loss: 0.304761 | Accuracy: 0.888750 | AvgPrecision: 0.887689
2019-10-06 12:31:13,992 INFO  __main__        - Batches done: 160/237 | Loss: 0.301468 | Accuracy: 0.890234 | AvgPrecision: 0.889164
2019-10-06 12:31:18,570 INFO  __main__        - Batches done: 170/237 | Loss: 0.302306 | Accuracy: 0.889706 | AvgPrecision: 0.888957
2019-10-06 12:31:23,153 INFO  __main__        - Batches done: 180/237 | Loss: 0.299888 | Accuracy: 0.890799 | AvgPrecision: 0.890492
2019-10-06 12:31:27,749 INFO  __main__        - Batches done: 190/237 | Loss: 0.299304 | Accuracy: 0.890296 | AvgPrecision: 0.890580
2019-10-06 12:31:32,587 INFO  __main__        - Batches done: 200/237 | Loss: 0.296334 | Accuracy: 0.890781 | AvgPrecision: 0.890814
2019-10-06 12:31:37,228 INFO  __main__        - Batches done: 210/237 | Loss: 0.295845 | Accuracy: 0.891220 | AvgPrecision: 0.891542
2019-10-06 12:31:41,908 INFO  __main__        - Batches done: 220/237 | Loss: 0.298322 | Accuracy: 0.890767 | AvgPrecision: 0.891460
2019-10-06 12:31:46,554 INFO  __main__        - Batches done: 230/237 | Loss: 0.297871 | Accuracy: 0.891440 | AvgPrecision: 0.891951
2019-10-06 12:32:01,814 INFO  __main__        - Epochs done: 10/10 | Loss: 2.330151 | Accuracy: 0.366689 | AvgPrecision: 0.348696
