2019-10-06 00:26:52,913 INFO  __main__        - Log file is experiments/se_resnext50_32x4d_v1/log.log
2019-10-06 00:26:52,914 INFO  __main__        - Data Processing...
2019-10-06 00:26:56,133 INFO  __main__        - Epoch: 1
2019-10-06 00:27:01,670 INFO  __main__        - Batches done: 10/237 | Loss: 1.715533 | Accuracy: 0.340625
2019-10-06 00:27:06,138 INFO  __main__        - Batches done: 20/237 | Loss: 1.478919 | Accuracy: 0.454688
2019-10-06 00:27:10,726 INFO  __main__        - Batches done: 30/237 | Loss: 1.396041 | Accuracy: 0.487500
2019-10-06 00:27:15,340 INFO  __main__        - Batches done: 40/237 | Loss: 1.353864 | Accuracy: 0.507031
2019-10-06 00:27:19,819 INFO  __main__        - Batches done: 50/237 | Loss: 1.329440 | Accuracy: 0.515625
2019-10-06 00:27:24,299 INFO  __main__        - Batches done: 60/237 | Loss: 1.298072 | Accuracy: 0.523958
2019-10-06 00:27:28,779 INFO  __main__        - Batches done: 70/237 | Loss: 1.288740 | Accuracy: 0.528571
2019-10-06 00:27:33,262 INFO  __main__        - Batches done: 80/237 | Loss: 1.262611 | Accuracy: 0.536328
2019-10-06 00:27:37,748 INFO  __main__        - Batches done: 90/237 | Loss: 1.245510 | Accuracy: 0.538542
2019-10-06 00:27:42,231 INFO  __main__        - Batches done: 100/237 | Loss: 1.230475 | Accuracy: 0.544687
2019-10-06 00:27:46,714 INFO  __main__        - Batches done: 110/237 | Loss: 1.218175 | Accuracy: 0.551989
2019-10-06 00:27:51,196 INFO  __main__        - Batches done: 120/237 | Loss: 1.204226 | Accuracy: 0.555990
2019-10-06 00:27:55,680 INFO  __main__        - Batches done: 130/237 | Loss: 1.183316 | Accuracy: 0.565144
2019-10-06 00:28:00,168 INFO  __main__        - Batches done: 140/237 | Loss: 1.173422 | Accuracy: 0.570759
2019-10-06 00:28:04,654 INFO  __main__        - Batches done: 150/237 | Loss: 1.166112 | Accuracy: 0.573333
2019-10-06 00:28:09,138 INFO  __main__        - Batches done: 160/237 | Loss: 1.151488 | Accuracy: 0.578711
2019-10-06 00:28:13,622 INFO  __main__        - Batches done: 170/237 | Loss: 1.138599 | Accuracy: 0.583456
2019-10-06 00:28:18,125 INFO  __main__        - Batches done: 180/237 | Loss: 1.130798 | Accuracy: 0.585417
2019-10-06 00:28:22,626 INFO  __main__        - Batches done: 190/237 | Loss: 1.118573 | Accuracy: 0.589638
2019-10-06 00:28:27,129 INFO  __main__        - Batches done: 200/237 | Loss: 1.108239 | Accuracy: 0.590469
2019-10-06 00:28:31,627 INFO  __main__        - Batches done: 210/237 | Loss: 1.095990 | Accuracy: 0.595089
2019-10-06 00:28:36,124 INFO  __main__        - Batches done: 220/237 | Loss: 1.085509 | Accuracy: 0.599148
2019-10-06 00:28:40,638 INFO  __main__        - Batches done: 230/237 | Loss: 1.077503 | Accuracy: 0.601766
2019-10-06 00:28:55,699 INFO  __main__        - Epochs done: 1/10 | Loss: 0.744963 | Accuracy: 0.721215
2019-10-06 00:28:55,699 INFO  __main__        - Saving..
2019-10-06 00:28:56,168 INFO  __main__        - Epoch: 2
2019-10-06 00:29:01,665 INFO  __main__        - Batches done: 10/237 | Loss: 0.875715 | Accuracy: 0.687500
2019-10-06 00:29:06,391 INFO  __main__        - Batches done: 20/237 | Loss: 0.849520 | Accuracy: 0.698438
2019-10-06 00:29:11,140 INFO  __main__        - Batches done: 30/237 | Loss: 0.834691 | Accuracy: 0.705208
2019-10-06 00:29:15,652 INFO  __main__        - Batches done: 40/237 | Loss: 0.837255 | Accuracy: 0.700000
2019-10-06 00:29:20,158 INFO  __main__        - Batches done: 50/237 | Loss: 0.834928 | Accuracy: 0.700000
2019-10-06 00:29:24,665 INFO  __main__        - Batches done: 60/237 | Loss: 0.841968 | Accuracy: 0.693750
2019-10-06 00:29:29,171 INFO  __main__        - Batches done: 70/237 | Loss: 0.841997 | Accuracy: 0.691071
2019-10-06 00:29:33,677 INFO  __main__        - Batches done: 80/237 | Loss: 0.840150 | Accuracy: 0.689844
2019-10-06 00:29:38,182 INFO  __main__        - Batches done: 90/237 | Loss: 0.827908 | Accuracy: 0.694444
2019-10-06 00:29:42,688 INFO  __main__        - Batches done: 100/237 | Loss: 0.808905 | Accuracy: 0.702812
2019-10-06 00:29:47,192 INFO  __main__        - Batches done: 110/237 | Loss: 0.818126 | Accuracy: 0.698864
2019-10-06 00:29:51,689 INFO  __main__        - Batches done: 120/237 | Loss: 0.814078 | Accuracy: 0.700781
2019-10-06 00:29:56,191 INFO  __main__        - Batches done: 130/237 | Loss: 0.814441 | Accuracy: 0.699038
2019-10-06 00:30:00,763 INFO  __main__        - Batches done: 140/237 | Loss: 0.810709 | Accuracy: 0.701562
2019-10-06 00:30:05,401 INFO  __main__        - Batches done: 150/237 | Loss: 0.816280 | Accuracy: 0.697500
2019-10-06 00:30:10,009 INFO  __main__        - Batches done: 160/237 | Loss: 0.817917 | Accuracy: 0.695898
2019-10-06 00:30:14,514 INFO  __main__        - Batches done: 170/237 | Loss: 0.809193 | Accuracy: 0.698162
2019-10-06 00:30:19,018 INFO  __main__        - Batches done: 180/237 | Loss: 0.802605 | Accuracy: 0.700174
2019-10-06 00:30:23,605 INFO  __main__        - Batches done: 190/237 | Loss: 0.793664 | Accuracy: 0.703947
2019-10-06 00:30:28,117 INFO  __main__        - Batches done: 200/237 | Loss: 0.792759 | Accuracy: 0.704688
2019-10-06 00:30:32,627 INFO  __main__        - Batches done: 210/237 | Loss: 0.786946 | Accuracy: 0.707738
2019-10-06 00:30:37,135 INFO  __main__        - Batches done: 220/237 | Loss: 0.784332 | Accuracy: 0.709233
2019-10-06 00:30:41,639 INFO  __main__        - Batches done: 230/237 | Loss: 0.779193 | Accuracy: 0.711005
2019-10-06 00:30:56,611 INFO  __main__        - Epochs done: 2/10 | Loss: 0.727622 | Accuracy: 0.729790
2019-10-06 00:30:56,611 INFO  __main__        - Saving..
2019-10-06 00:30:57,091 INFO  __main__        - Epoch: 3
2019-10-06 00:31:02,670 INFO  __main__        - Batches done: 10/237 | Loss: 0.745503 | Accuracy: 0.725000
2019-10-06 00:31:07,559 INFO  __main__        - Batches done: 20/237 | Loss: 0.740293 | Accuracy: 0.721875
2019-10-06 00:31:12,216 INFO  __main__        - Batches done: 30/237 | Loss: 0.731249 | Accuracy: 0.730208
2019-10-06 00:31:16,733 INFO  __main__        - Batches done: 40/237 | Loss: 0.726181 | Accuracy: 0.732812
2019-10-06 00:31:21,246 INFO  __main__        - Batches done: 50/237 | Loss: 0.722702 | Accuracy: 0.733125
2019-10-06 00:31:25,764 INFO  __main__        - Batches done: 60/237 | Loss: 0.721886 | Accuracy: 0.739583
2019-10-06 00:31:30,510 INFO  __main__        - Batches done: 70/237 | Loss: 0.715893 | Accuracy: 0.737500
2019-10-06 00:31:35,027 INFO  __main__        - Batches done: 80/237 | Loss: 0.703019 | Accuracy: 0.742578
2019-10-06 00:31:39,626 INFO  __main__        - Batches done: 90/237 | Loss: 0.701285 | Accuracy: 0.739236
2019-10-06 00:31:44,266 INFO  __main__        - Batches done: 100/237 | Loss: 0.685534 | Accuracy: 0.745313
2019-10-06 00:31:48,895 INFO  __main__        - Batches done: 110/237 | Loss: 0.682423 | Accuracy: 0.746591
2019-10-06 00:31:53,414 INFO  __main__        - Batches done: 120/237 | Loss: 0.686273 | Accuracy: 0.747135
2019-10-06 00:31:57,938 INFO  __main__        - Batches done: 130/237 | Loss: 0.683969 | Accuracy: 0.746875
2019-10-06 00:32:02,473 INFO  __main__        - Batches done: 140/237 | Loss: 0.677990 | Accuracy: 0.747321
2019-10-06 00:32:07,023 INFO  __main__        - Batches done: 150/237 | Loss: 0.672365 | Accuracy: 0.749792
2019-10-06 00:32:11,561 INFO  __main__        - Batches done: 160/237 | Loss: 0.668761 | Accuracy: 0.751172
2019-10-06 00:32:16,090 INFO  __main__        - Batches done: 170/237 | Loss: 0.666988 | Accuracy: 0.752574
2019-10-06 00:32:20,623 INFO  __main__        - Batches done: 180/237 | Loss: 0.662365 | Accuracy: 0.752951
2019-10-06 00:32:25,144 INFO  __main__        - Batches done: 190/237 | Loss: 0.657813 | Accuracy: 0.752961
2019-10-06 00:32:29,662 INFO  __main__        - Batches done: 200/237 | Loss: 0.652502 | Accuracy: 0.755156
2019-10-06 00:32:33,574 INFO  __main__        - Batches done: 210/237 | Loss: 0.650317 | Accuracy: 0.756548
2019-10-06 00:32:38,098 INFO  __main__        - Batches done: 220/237 | Loss: 0.647372 | Accuracy: 0.756392
2019-10-06 00:32:42,608 INFO  __main__        - Batches done: 230/237 | Loss: 0.646708 | Accuracy: 0.756386
2019-10-06 00:32:57,409 INFO  __main__        - Epochs done: 3/10 | Loss: 0.670053 | Accuracy: 0.750034
2019-10-06 00:32:57,409 INFO  __main__        - Saving..
2019-10-06 00:32:57,875 INFO  __main__        - Epoch: 4
2019-10-06 00:33:03,406 INFO  __main__        - Batches done: 10/237 | Loss: 0.630864 | Accuracy: 0.759375
2019-10-06 00:33:07,929 INFO  __main__        - Batches done: 20/237 | Loss: 0.649120 | Accuracy: 0.740625
2019-10-06 00:33:12,451 INFO  __main__        - Batches done: 30/237 | Loss: 0.673685 | Accuracy: 0.738542
2019-10-06 00:33:17,209 INFO  __main__        - Batches done: 40/237 | Loss: 0.640263 | Accuracy: 0.755469
2019-10-06 00:33:21,836 INFO  __main__        - Batches done: 50/237 | Loss: 0.617114 | Accuracy: 0.763750
2019-10-06 00:33:26,473 INFO  __main__        - Batches done: 60/237 | Loss: 0.616798 | Accuracy: 0.765625
2019-10-06 00:33:31,174 INFO  __main__        - Batches done: 70/237 | Loss: 0.601492 | Accuracy: 0.774554
2019-10-06 00:33:35,799 INFO  __main__        - Batches done: 80/237 | Loss: 0.596556 | Accuracy: 0.774219
2019-10-06 00:33:40,324 INFO  __main__        - Batches done: 90/237 | Loss: 0.586543 | Accuracy: 0.776736
2019-10-06 00:33:44,842 INFO  __main__        - Batches done: 100/237 | Loss: 0.575667 | Accuracy: 0.781250
2019-10-06 00:33:49,369 INFO  __main__        - Batches done: 110/237 | Loss: 0.573497 | Accuracy: 0.782386
2019-10-06 00:33:53,892 INFO  __main__        - Batches done: 120/237 | Loss: 0.571291 | Accuracy: 0.785156
2019-10-06 00:33:58,420 INFO  __main__        - Batches done: 130/237 | Loss: 0.576833 | Accuracy: 0.783173
2019-10-06 00:34:02,943 INFO  __main__        - Batches done: 140/237 | Loss: 0.567428 | Accuracy: 0.787054
2019-10-06 00:34:07,462 INFO  __main__        - Batches done: 150/237 | Loss: 0.565741 | Accuracy: 0.787500
2019-10-06 00:34:11,988 INFO  __main__        - Batches done: 160/237 | Loss: 0.569809 | Accuracy: 0.787305
2019-10-06 00:34:16,635 INFO  __main__        - Batches done: 170/237 | Loss: 0.569840 | Accuracy: 0.787132
2019-10-06 00:34:21,226 INFO  __main__        - Batches done: 180/237 | Loss: 0.567962 | Accuracy: 0.788021
2019-10-06 00:34:25,787 INFO  __main__        - Batches done: 190/237 | Loss: 0.569768 | Accuracy: 0.787829
2019-10-06 00:34:30,330 INFO  __main__        - Batches done: 200/237 | Loss: 0.566373 | Accuracy: 0.789687
2019-10-06 00:34:34,866 INFO  __main__        - Batches done: 210/237 | Loss: 0.561207 | Accuracy: 0.792262
2019-10-06 00:34:39,393 INFO  __main__        - Batches done: 220/237 | Loss: 0.561674 | Accuracy: 0.793608
2019-10-06 00:34:43,913 INFO  __main__        - Batches done: 230/237 | Loss: 0.556083 | Accuracy: 0.795245
2019-10-06 00:34:58,480 INFO  __main__        - Epochs done: 4/10 | Loss: 0.645558 | Accuracy: 0.766726
2019-10-06 00:34:58,480 INFO  __main__        - Saving..
2019-10-06 00:34:58,941 INFO  __main__        - Epoch: 5
2019-10-06 00:35:04,446 INFO  __main__        - Batches done: 10/237 | Loss: 0.449970 | Accuracy: 0.837500
2019-10-06 00:35:08,951 INFO  __main__        - Batches done: 20/237 | Loss: 0.437401 | Accuracy: 0.835938
2019-10-06 00:35:13,458 INFO  __main__        - Batches done: 30/237 | Loss: 0.430659 | Accuracy: 0.832292
2019-10-06 00:35:17,972 INFO  __main__        - Batches done: 40/237 | Loss: 0.438571 | Accuracy: 0.834375
2019-10-06 00:35:22,497 INFO  __main__        - Batches done: 50/237 | Loss: 0.445741 | Accuracy: 0.831250
2019-10-06 00:35:27,017 INFO  __main__        - Batches done: 60/237 | Loss: 0.456029 | Accuracy: 0.825521
2019-10-06 00:35:31,537 INFO  __main__        - Batches done: 70/237 | Loss: 0.457800 | Accuracy: 0.823661
2019-10-06 00:35:36,060 INFO  __main__        - Batches done: 80/237 | Loss: 0.467755 | Accuracy: 0.818359
2019-10-06 00:35:40,577 INFO  __main__        - Batches done: 90/237 | Loss: 0.475648 | Accuracy: 0.817708
2019-10-06 00:35:45,095 INFO  __main__        - Batches done: 100/237 | Loss: 0.479562 | Accuracy: 0.816562
2019-10-06 00:35:49,617 INFO  __main__        - Batches done: 110/237 | Loss: 0.478215 | Accuracy: 0.817330
2019-10-06 00:35:54,139 INFO  __main__        - Batches done: 120/237 | Loss: 0.477236 | Accuracy: 0.818490
2019-10-06 00:35:58,659 INFO  __main__        - Batches done: 130/237 | Loss: 0.474847 | Accuracy: 0.819471
2019-10-06 00:36:03,173 INFO  __main__        - Batches done: 140/237 | Loss: 0.478747 | Accuracy: 0.818080
2019-10-06 00:36:07,686 INFO  __main__        - Batches done: 150/237 | Loss: 0.482297 | Accuracy: 0.816875
2019-10-06 00:36:12,205 INFO  __main__        - Batches done: 160/237 | Loss: 0.479820 | Accuracy: 0.817578
2019-10-06 00:36:16,722 INFO  __main__        - Batches done: 170/237 | Loss: 0.474748 | Accuracy: 0.820221
2019-10-06 00:36:21,237 INFO  __main__        - Batches done: 180/237 | Loss: 0.473869 | Accuracy: 0.821181
2019-10-06 00:36:25,755 INFO  __main__        - Batches done: 190/237 | Loss: 0.476155 | Accuracy: 0.821053
2019-10-06 00:36:30,273 INFO  __main__        - Batches done: 200/237 | Loss: 0.477247 | Accuracy: 0.819844
2019-10-06 00:36:34,786 INFO  __main__        - Batches done: 210/237 | Loss: 0.482740 | Accuracy: 0.818155
2019-10-06 00:36:39,300 INFO  __main__        - Batches done: 220/237 | Loss: 0.489095 | Accuracy: 0.816903
2019-10-06 00:36:43,806 INFO  __main__        - Batches done: 230/237 | Loss: 0.490229 | Accuracy: 0.816168
2019-10-06 00:36:58,640 INFO  __main__        - Epochs done: 5/10 | Loss: 3.858566 | Accuracy: 0.125997
2019-10-06 00:36:58,950 INFO  __main__        - Epoch: 6
2019-10-06 00:37:04,638 INFO  __main__        - Batches done: 10/237 | Loss: 0.497633 | Accuracy: 0.809375
2019-10-06 00:37:09,180 INFO  __main__        - Batches done: 20/237 | Loss: 0.478384 | Accuracy: 0.810937
2019-10-06 00:37:13,715 INFO  __main__        - Batches done: 30/237 | Loss: 0.454560 | Accuracy: 0.821875
2019-10-06 00:37:18,238 INFO  __main__        - Batches done: 40/237 | Loss: 0.445350 | Accuracy: 0.828906
2019-10-06 00:37:22,762 INFO  __main__        - Batches done: 50/237 | Loss: 0.433608 | Accuracy: 0.834375
2019-10-06 00:37:27,279 INFO  __main__        - Batches done: 60/237 | Loss: 0.432110 | Accuracy: 0.833854
2019-10-06 00:37:31,794 INFO  __main__        - Batches done: 70/237 | Loss: 0.432196 | Accuracy: 0.834375
2019-10-06 00:37:36,310 INFO  __main__        - Batches done: 80/237 | Loss: 0.436310 | Accuracy: 0.834766
2019-10-06 00:37:40,826 INFO  __main__        - Batches done: 90/237 | Loss: 0.440385 | Accuracy: 0.832292
2019-10-06 00:37:45,341 INFO  __main__        - Batches done: 100/237 | Loss: 0.443752 | Accuracy: 0.830313
2019-10-06 00:37:49,856 INFO  __main__        - Batches done: 110/237 | Loss: 0.441930 | Accuracy: 0.832670
2019-10-06 00:37:54,371 INFO  __main__        - Batches done: 120/237 | Loss: 0.439669 | Accuracy: 0.832812
2019-10-06 00:37:58,892 INFO  __main__        - Batches done: 130/237 | Loss: 0.433308 | Accuracy: 0.834615
2019-10-06 00:38:03,418 INFO  __main__        - Batches done: 140/237 | Loss: 0.433751 | Accuracy: 0.834598
2019-10-06 00:38:07,973 INFO  __main__        - Batches done: 150/237 | Loss: 0.428770 | Accuracy: 0.837083
2019-10-06 00:38:12,515 INFO  __main__        - Batches done: 160/237 | Loss: 0.430228 | Accuracy: 0.837500
2019-10-06 00:38:17,041 INFO  __main__        - Batches done: 170/237 | Loss: 0.431106 | Accuracy: 0.837868
2019-10-06 00:38:21,566 INFO  __main__        - Batches done: 180/237 | Loss: 0.428744 | Accuracy: 0.839410
2019-10-06 00:38:26,090 INFO  __main__        - Batches done: 190/237 | Loss: 0.427470 | Accuracy: 0.839145
2019-10-06 00:38:30,607 INFO  __main__        - Batches done: 200/237 | Loss: 0.427313 | Accuracy: 0.839375
2019-10-06 00:38:35,129 INFO  __main__        - Batches done: 210/237 | Loss: 0.426204 | Accuracy: 0.839583
2019-10-06 00:38:39,590 INFO  __main__        - Batches done: 220/237 | Loss: 0.427180 | Accuracy: 0.838778
2019-10-06 00:38:44,036 INFO  __main__        - Batches done: 230/237 | Loss: 0.426762 | Accuracy: 0.838995
2019-10-06 00:38:58,834 INFO  __main__        - Epochs done: 6/10 | Loss: 1.422058 | Accuracy: 0.644087
2019-10-06 00:38:59,131 INFO  __main__        - Epoch: 7
2019-10-06 00:39:04,626 INFO  __main__        - Batches done: 10/237 | Loss: 0.410153 | Accuracy: 0.821875
2019-10-06 00:39:09,139 INFO  __main__        - Batches done: 20/237 | Loss: 0.433362 | Accuracy: 0.826562
2019-10-06 00:39:13,642 INFO  __main__        - Batches done: 30/237 | Loss: 0.396397 | Accuracy: 0.841667
2019-10-06 00:39:18,154 INFO  __main__        - Batches done: 40/237 | Loss: 0.397331 | Accuracy: 0.842187
2019-10-06 00:39:22,664 INFO  __main__        - Batches done: 50/237 | Loss: 0.379215 | Accuracy: 0.850000
2019-10-06 00:39:27,178 INFO  __main__        - Batches done: 60/237 | Loss: 0.373132 | Accuracy: 0.851562
2019-10-06 00:39:31,694 INFO  __main__        - Batches done: 70/237 | Loss: 0.370249 | Accuracy: 0.853571
2019-10-06 00:39:36,210 INFO  __main__        - Batches done: 80/237 | Loss: 0.368722 | Accuracy: 0.855469
2019-10-06 00:39:40,725 INFO  __main__        - Batches done: 90/237 | Loss: 0.365490 | Accuracy: 0.857986
2019-10-06 00:39:45,239 INFO  __main__        - Batches done: 100/237 | Loss: 0.374099 | Accuracy: 0.856563
2019-10-06 00:39:49,754 INFO  __main__        - Batches done: 110/237 | Loss: 0.370118 | Accuracy: 0.859375
2019-10-06 00:39:54,277 INFO  __main__        - Batches done: 120/237 | Loss: 0.365723 | Accuracy: 0.859375
2019-10-06 00:39:58,795 INFO  __main__        - Batches done: 130/237 | Loss: 0.360809 | Accuracy: 0.861058
2019-10-06 00:40:03,314 INFO  __main__        - Batches done: 140/237 | Loss: 0.368655 | Accuracy: 0.857589
2019-10-06 00:40:07,834 INFO  __main__        - Batches done: 150/237 | Loss: 0.366833 | Accuracy: 0.857917
2019-10-06 00:40:12,351 INFO  __main__        - Batches done: 160/237 | Loss: 0.365911 | Accuracy: 0.858203
2019-10-06 00:40:16,888 INFO  __main__        - Batches done: 170/237 | Loss: 0.366550 | Accuracy: 0.857904
2019-10-06 00:40:21,432 INFO  __main__        - Batches done: 180/237 | Loss: 0.365781 | Accuracy: 0.857465
2019-10-06 00:40:25,968 INFO  __main__        - Batches done: 190/237 | Loss: 0.369663 | Accuracy: 0.855263
2019-10-06 00:40:30,499 INFO  __main__        - Batches done: 200/237 | Loss: 0.370111 | Accuracy: 0.855469
2019-10-06 00:40:35,028 INFO  __main__        - Batches done: 210/237 | Loss: 0.371157 | Accuracy: 0.855060
2019-10-06 00:40:39,557 INFO  __main__        - Batches done: 220/237 | Loss: 0.372875 | Accuracy: 0.854830
2019-10-06 00:40:44,079 INFO  __main__        - Batches done: 230/237 | Loss: 0.373086 | Accuracy: 0.855299
2019-10-06 00:40:58,924 INFO  __main__        - Epochs done: 7/10 | Loss: 1.425993 | Accuracy: 0.704065
2019-10-06 00:40:59,209 INFO  __main__        - Epoch: 8
2019-10-06 00:41:04,711 INFO  __main__        - Batches done: 10/237 | Loss: 0.383028 | Accuracy: 0.850000
2019-10-06 00:41:09,235 INFO  __main__        - Batches done: 20/237 | Loss: 0.368148 | Accuracy: 0.867188
2019-10-06 00:41:13,755 INFO  __main__        - Batches done: 30/237 | Loss: 0.362382 | Accuracy: 0.867708
2019-10-06 00:41:18,281 INFO  __main__        - Batches done: 40/237 | Loss: 0.368008 | Accuracy: 0.865625
2019-10-06 00:41:22,805 INFO  __main__        - Batches done: 50/237 | Loss: 0.383076 | Accuracy: 0.856250
2019-10-06 00:41:27,330 INFO  __main__        - Batches done: 60/237 | Loss: 0.374719 | Accuracy: 0.857292
2019-10-06 00:41:31,855 INFO  __main__        - Batches done: 70/237 | Loss: 0.371341 | Accuracy: 0.859375
2019-10-06 00:41:36,380 INFO  __main__        - Batches done: 80/237 | Loss: 0.368303 | Accuracy: 0.860547
2019-10-06 00:41:40,906 INFO  __main__        - Batches done: 90/237 | Loss: 0.364308 | Accuracy: 0.861458
2019-10-06 00:41:45,427 INFO  __main__        - Batches done: 100/237 | Loss: 0.361480 | Accuracy: 0.862187
2019-10-06 00:41:49,951 INFO  __main__        - Batches done: 110/237 | Loss: 0.363997 | Accuracy: 0.862784
2019-10-06 00:41:54,445 INFO  __main__        - Batches done: 120/237 | Loss: 0.359271 | Accuracy: 0.863802
2019-10-06 00:41:58,940 INFO  __main__        - Batches done: 130/237 | Loss: 0.358294 | Accuracy: 0.863221
2019-10-06 00:42:03,444 INFO  __main__        - Batches done: 140/237 | Loss: 0.358839 | Accuracy: 0.864509
2019-10-06 00:42:07,957 INFO  __main__        - Batches done: 150/237 | Loss: 0.358100 | Accuracy: 0.865833
2019-10-06 00:42:12,469 INFO  __main__        - Batches done: 160/237 | Loss: 0.356605 | Accuracy: 0.867773
2019-10-06 00:42:16,990 INFO  __main__        - Batches done: 170/237 | Loss: 0.356410 | Accuracy: 0.868382
2019-10-06 00:42:21,509 INFO  __main__        - Batches done: 180/237 | Loss: 0.356235 | Accuracy: 0.867882
2019-10-06 00:42:26,070 INFO  __main__        - Batches done: 190/237 | Loss: 0.354539 | Accuracy: 0.868750
2019-10-06 00:42:30,714 INFO  __main__        - Batches done: 200/237 | Loss: 0.351830 | Accuracy: 0.870156
2019-10-06 00:42:35,304 INFO  __main__        - Batches done: 210/237 | Loss: 0.351087 | Accuracy: 0.870238
2019-10-06 00:42:39,859 INFO  __main__        - Batches done: 220/237 | Loss: 0.348507 | Accuracy: 0.870739
2019-10-06 00:42:44,396 INFO  __main__        - Batches done: 230/237 | Loss: 0.348190 | Accuracy: 0.871060
2019-10-06 00:42:59,271 INFO  __main__        - Epochs done: 8/10 | Loss: 1.269369 | Accuracy: 0.701784
2019-10-06 00:42:59,574 INFO  __main__        - Epoch: 9
2019-10-06 00:43:05,023 INFO  __main__        - Batches done: 10/237 | Loss: 0.281436 | Accuracy: 0.903125
2019-10-06 00:43:09,510 INFO  __main__        - Batches done: 20/237 | Loss: 0.379773 | Accuracy: 0.870313
2019-10-06 00:43:14,008 INFO  __main__        - Batches done: 30/237 | Loss: 0.350289 | Accuracy: 0.881250
2019-10-06 00:43:18,517 INFO  __main__        - Batches done: 40/237 | Loss: 0.360598 | Accuracy: 0.871094
2019-10-06 00:43:23,027 INFO  __main__        - Batches done: 50/237 | Loss: 0.345572 | Accuracy: 0.876250
2019-10-06 00:43:27,540 INFO  __main__        - Batches done: 60/237 | Loss: 0.338684 | Accuracy: 0.878125
2019-10-06 00:43:32,056 INFO  __main__        - Batches done: 70/237 | Loss: 0.331242 | Accuracy: 0.878571
2019-10-06 00:43:36,575 INFO  __main__        - Batches done: 80/237 | Loss: 0.321798 | Accuracy: 0.879687
2019-10-06 00:43:41,094 INFO  __main__        - Batches done: 90/237 | Loss: 0.329757 | Accuracy: 0.876389
2019-10-06 00:43:45,608 INFO  __main__        - Batches done: 100/237 | Loss: 0.325698 | Accuracy: 0.877500
2019-10-06 00:43:50,129 INFO  __main__        - Batches done: 110/237 | Loss: 0.326201 | Accuracy: 0.876420
2019-10-06 00:43:54,647 INFO  __main__        - Batches done: 120/237 | Loss: 0.325669 | Accuracy: 0.875781
2019-10-06 00:43:59,167 INFO  __main__        - Batches done: 130/237 | Loss: 0.318956 | Accuracy: 0.878125
2019-10-06 00:44:03,689 INFO  __main__        - Batches done: 140/237 | Loss: 0.316654 | Accuracy: 0.879911
2019-10-06 00:44:08,208 INFO  __main__        - Batches done: 150/237 | Loss: 0.317006 | Accuracy: 0.880208
2019-10-06 00:44:12,723 INFO  __main__        - Batches done: 160/237 | Loss: 0.315965 | Accuracy: 0.880664
2019-10-06 00:44:17,237 INFO  __main__        - Batches done: 170/237 | Loss: 0.314636 | Accuracy: 0.881801
2019-10-06 00:44:21,752 INFO  __main__        - Batches done: 180/237 | Loss: 0.314092 | Accuracy: 0.882118
2019-10-06 00:44:26,272 INFO  __main__        - Batches done: 190/237 | Loss: 0.314489 | Accuracy: 0.882237
2019-10-06 00:44:30,786 INFO  __main__        - Batches done: 200/237 | Loss: 0.314416 | Accuracy: 0.882656
2019-10-06 00:44:35,305 INFO  __main__        - Batches done: 210/237 | Loss: 0.314012 | Accuracy: 0.883036
2019-10-06 00:44:39,809 INFO  __main__        - Batches done: 220/237 | Loss: 0.314180 | Accuracy: 0.883665
2019-10-06 00:44:44,312 INFO  __main__        - Batches done: 230/237 | Loss: 0.309594 | Accuracy: 0.885190
2019-10-06 00:44:59,058 INFO  __main__        - Epochs done: 9/10 | Loss: 1.369248 | Accuracy: 0.690824
2019-10-06 00:44:59,355 INFO  __main__        - Epoch: 10
2019-10-06 00:45:04,855 INFO  __main__        - Batches done: 10/237 | Loss: 0.389797 | Accuracy: 0.846875
2019-10-06 00:45:09,369 INFO  __main__        - Batches done: 20/237 | Loss: 0.357067 | Accuracy: 0.856250
2019-10-06 00:45:13,883 INFO  __main__        - Batches done: 30/237 | Loss: 0.370103 | Accuracy: 0.855208
2019-10-06 00:45:18,390 INFO  __main__        - Batches done: 40/237 | Loss: 0.355228 | Accuracy: 0.861719
2019-10-06 00:45:22,901 INFO  __main__        - Batches done: 50/237 | Loss: 0.348538 | Accuracy: 0.864375
2019-10-06 00:45:27,418 INFO  __main__        - Batches done: 60/237 | Loss: 0.344380 | Accuracy: 0.866146
2019-10-06 00:45:31,935 INFO  __main__        - Batches done: 70/237 | Loss: 0.331318 | Accuracy: 0.872321
2019-10-06 00:45:36,448 INFO  __main__        - Batches done: 80/237 | Loss: 0.328536 | Accuracy: 0.873047
2019-10-06 00:45:40,962 INFO  __main__        - Batches done: 90/237 | Loss: 0.328889 | Accuracy: 0.875000
2019-10-06 00:45:45,531 INFO  __main__        - Batches done: 100/237 | Loss: 0.322162 | Accuracy: 0.878437
2019-10-06 00:45:50,103 INFO  __main__        - Batches done: 110/237 | Loss: 0.316057 | Accuracy: 0.880682
2019-10-06 00:45:54,808 INFO  __main__        - Batches done: 120/237 | Loss: 0.316177 | Accuracy: 0.880990
2019-10-06 00:45:59,493 INFO  __main__        - Batches done: 130/237 | Loss: 0.316291 | Accuracy: 0.881250
2019-10-06 00:46:04,006 INFO  __main__        - Batches done: 140/237 | Loss: 0.314821 | Accuracy: 0.881920
2019-10-06 00:46:08,521 INFO  __main__        - Batches done: 150/237 | Loss: 0.310123 | Accuracy: 0.883958
2019-10-06 00:46:13,036 INFO  __main__        - Batches done: 160/237 | Loss: 0.306133 | Accuracy: 0.885938
2019-10-06 00:46:17,553 INFO  __main__        - Batches done: 170/237 | Loss: 0.305272 | Accuracy: 0.886765
2019-10-06 00:46:22,064 INFO  __main__        - Batches done: 180/237 | Loss: 0.303121 | Accuracy: 0.888194
2019-10-06 00:46:26,581 INFO  __main__        - Batches done: 190/237 | Loss: 0.301204 | Accuracy: 0.888487
2019-10-06 00:46:31,096 INFO  __main__        - Batches done: 200/237 | Loss: 0.302117 | Accuracy: 0.887656
2019-10-06 00:46:35,606 INFO  __main__        - Batches done: 210/237 | Loss: 0.299744 | Accuracy: 0.888690
2019-10-06 00:46:40,111 INFO  __main__        - Batches done: 220/237 | Loss: 0.298607 | Accuracy: 0.889773
2019-10-06 00:46:44,619 INFO  __main__        - Batches done: 230/237 | Loss: 0.300053 | Accuracy: 0.889538
2019-10-06 00:46:59,762 INFO  __main__        - Epochs done: 10/10 | Loss: 1.546120 | Accuracy: 0.706117
