2019-10-06 13:02:23,595 INFO  __main__        - Log file is experiments/se_resnext50_32x4d_v3/log.log
2019-10-06 13:02:23,595 INFO  __main__        - Data Processing...
2019-10-06 13:02:26,847 INFO  __main__        - Epoch: 1
2019-10-06 13:02:32,415 INFO  __main__        - Batches done: 10/294 | Loss: 1.689520 | Accuracy: 0.359375 | AvgPrecision: 0.120927
2019-10-06 13:02:37,059 INFO  __main__        - Batches done: 20/294 | Loss: 1.535570 | Accuracy: 0.467187 | AvgPrecision: 0.221218
2019-10-06 13:02:41,518 INFO  __main__        - Batches done: 30/294 | Loss: 1.401406 | Accuracy: 0.512500 | AvgPrecision: 0.273780
2019-10-06 13:02:45,976 INFO  __main__        - Batches done: 40/294 | Loss: 1.349526 | Accuracy: 0.548438 | AvgPrecision: 0.314947
2019-10-06 13:02:50,439 INFO  __main__        - Batches done: 50/294 | Loss: 1.308619 | Accuracy: 0.575625 | AvgPrecision: 0.347616
2019-10-06 13:02:54,921 INFO  __main__        - Batches done: 60/294 | Loss: 1.288602 | Accuracy: 0.580729 | AvgPrecision: 0.364129
2019-10-06 13:02:59,390 INFO  __main__        - Batches done: 70/294 | Loss: 1.253340 | Accuracy: 0.587946 | AvgPrecision: 0.388689
2019-10-06 13:03:03,862 INFO  __main__        - Batches done: 80/294 | Loss: 1.209124 | Accuracy: 0.605859 | AvgPrecision: 0.416780
2019-10-06 13:03:08,331 INFO  __main__        - Batches done: 90/294 | Loss: 1.162448 | Accuracy: 0.621875 | AvgPrecision: 0.437867
2019-10-06 13:03:12,803 INFO  __main__        - Batches done: 100/294 | Loss: 1.145322 | Accuracy: 0.628750 | AvgPrecision: 0.449048
2019-10-06 13:03:17,270 INFO  __main__        - Batches done: 110/294 | Loss: 1.130685 | Accuracy: 0.633523 | AvgPrecision: 0.459094
2019-10-06 13:03:21,759 INFO  __main__        - Batches done: 120/294 | Loss: 1.108157 | Accuracy: 0.639062 | AvgPrecision: 0.468359
2019-10-06 13:03:26,231 INFO  __main__        - Batches done: 130/294 | Loss: 1.096054 | Accuracy: 0.644952 | AvgPrecision: 0.479634
2019-10-06 13:03:30,705 INFO  __main__        - Batches done: 140/294 | Loss: 1.082244 | Accuracy: 0.648438 | AvgPrecision: 0.487811
2019-10-06 13:03:35,176 INFO  __main__        - Batches done: 150/294 | Loss: 1.064441 | Accuracy: 0.653958 | AvgPrecision: 0.495961
2019-10-06 13:03:39,650 INFO  __main__        - Batches done: 160/294 | Loss: 1.047748 | Accuracy: 0.658984 | AvgPrecision: 0.498255
2019-10-06 13:03:44,117 INFO  __main__        - Batches done: 170/294 | Loss: 1.031434 | Accuracy: 0.664338 | AvgPrecision: 0.503664
2019-10-06 13:03:48,601 INFO  __main__        - Batches done: 180/294 | Loss: 1.019341 | Accuracy: 0.668056 | AvgPrecision: 0.512125
2019-10-06 13:03:53,068 INFO  __main__        - Batches done: 190/294 | Loss: 1.009518 | Accuracy: 0.671546 | AvgPrecision: 0.517248
2019-10-06 13:03:57,548 INFO  __main__        - Batches done: 200/294 | Loss: 1.001752 | Accuracy: 0.673438 | AvgPrecision: 0.520553
2019-10-06 13:04:02,015 INFO  __main__        - Batches done: 210/294 | Loss: 0.993705 | Accuracy: 0.674405 | AvgPrecision: 0.524986
2019-10-06 13:04:06,491 INFO  __main__        - Batches done: 220/294 | Loss: 0.986864 | Accuracy: 0.675852 | AvgPrecision: 0.526479
2019-10-06 13:04:10,959 INFO  __main__        - Batches done: 230/294 | Loss: 0.981459 | Accuracy: 0.678940 | AvgPrecision: 0.530173
2019-10-06 13:04:15,441 INFO  __main__        - Batches done: 240/294 | Loss: 0.970759 | Accuracy: 0.682031 | AvgPrecision: 0.533878
2019-10-06 13:04:19,917 INFO  __main__        - Batches done: 250/294 | Loss: 0.962870 | Accuracy: 0.684125 | AvgPrecision: 0.539563
2019-10-06 13:04:24,406 INFO  __main__        - Batches done: 260/294 | Loss: 0.952000 | Accuracy: 0.687500 | AvgPrecision: 0.543968
2019-10-06 13:04:28,879 INFO  __main__        - Batches done: 270/294 | Loss: 0.941153 | Accuracy: 0.690856 | AvgPrecision: 0.547743
2019-10-06 13:04:33,354 INFO  __main__        - Batches done: 280/294 | Loss: 0.939554 | Accuracy: 0.691071 | AvgPrecision: 0.550267
2019-10-06 13:04:37,814 INFO  __main__        - Batches done: 290/294 | Loss: 0.931673 | Accuracy: 0.692457 | AvgPrecision: 0.552225
2019-10-06 13:04:51,572 INFO  __main__        - Epochs done: 1/10 | Loss: 0.823766 | Accuracy: 0.691214 | AvgPrecision: 0.403875
2019-10-06 13:04:51,572 INFO  __main__        - Saving..
2019-10-06 13:04:52,087 INFO  __main__        - Epoch: 2
2019-10-06 13:04:57,603 INFO  __main__        - Batches done: 10/294 | Loss: 0.726456 | Accuracy: 0.759375 | AvgPrecision: 0.691733
2019-10-06 13:05:02,173 INFO  __main__        - Batches done: 20/294 | Loss: 0.743145 | Accuracy: 0.735938 | AvgPrecision: 0.607611
2019-10-06 13:05:06,812 INFO  __main__        - Batches done: 30/294 | Loss: 0.754584 | Accuracy: 0.741667 | AvgPrecision: 0.600677
2019-10-06 13:05:11,300 INFO  __main__        - Batches done: 40/294 | Loss: 0.746404 | Accuracy: 0.750000 | AvgPrecision: 0.635904
2019-10-06 13:05:15,771 INFO  __main__        - Batches done: 50/294 | Loss: 0.740872 | Accuracy: 0.750000 | AvgPrecision: 0.642058
2019-10-06 13:05:20,244 INFO  __main__        - Batches done: 60/294 | Loss: 0.743330 | Accuracy: 0.743750 | AvgPrecision: 0.636917
2019-10-06 13:05:24,716 INFO  __main__        - Batches done: 70/294 | Loss: 0.735127 | Accuracy: 0.748661 | AvgPrecision: 0.638558
2019-10-06 13:05:29,198 INFO  __main__        - Batches done: 80/294 | Loss: 0.720356 | Accuracy: 0.753906 | AvgPrecision: 0.643970
2019-10-06 13:05:33,673 INFO  __main__        - Batches done: 90/294 | Loss: 0.715167 | Accuracy: 0.757292 | AvgPrecision: 0.639361
2019-10-06 13:05:38,149 INFO  __main__        - Batches done: 100/294 | Loss: 0.713862 | Accuracy: 0.758750 | AvgPrecision: 0.643017
2019-10-06 13:05:42,619 INFO  __main__        - Batches done: 110/294 | Loss: 0.717119 | Accuracy: 0.758239 | AvgPrecision: 0.644931
2019-10-06 13:05:47,101 INFO  __main__        - Batches done: 120/294 | Loss: 0.713113 | Accuracy: 0.758594 | AvgPrecision: 0.649913
2019-10-06 13:05:51,575 INFO  __main__        - Batches done: 130/294 | Loss: 0.705350 | Accuracy: 0.758894 | AvgPrecision: 0.654029
2019-10-06 13:05:56,058 INFO  __main__        - Batches done: 140/294 | Loss: 0.704911 | Accuracy: 0.759375 | AvgPrecision: 0.654647
2019-10-06 13:06:00,537 INFO  __main__        - Batches done: 150/294 | Loss: 0.698227 | Accuracy: 0.762083 | AvgPrecision: 0.657413
2019-10-06 13:06:05,025 INFO  __main__        - Batches done: 160/294 | Loss: 0.695942 | Accuracy: 0.763477 | AvgPrecision: 0.657960
2019-10-06 13:06:09,507 INFO  __main__        - Batches done: 170/294 | Loss: 0.695297 | Accuracy: 0.764706 | AvgPrecision: 0.657300
2019-10-06 13:06:13,988 INFO  __main__        - Batches done: 180/294 | Loss: 0.690304 | Accuracy: 0.765625 | AvgPrecision: 0.659935
2019-10-06 13:06:18,464 INFO  __main__        - Batches done: 190/294 | Loss: 0.684826 | Accuracy: 0.767599 | AvgPrecision: 0.660809
2019-10-06 13:06:22,942 INFO  __main__        - Batches done: 200/294 | Loss: 0.683772 | Accuracy: 0.768281 | AvgPrecision: 0.664185
2019-10-06 13:06:27,424 INFO  __main__        - Batches done: 210/294 | Loss: 0.678665 | Accuracy: 0.771280 | AvgPrecision: 0.665877
2019-10-06 13:06:31,910 INFO  __main__        - Batches done: 220/294 | Loss: 0.675381 | Accuracy: 0.771591 | AvgPrecision: 0.667299
2019-10-06 13:06:36,394 INFO  __main__        - Batches done: 230/294 | Loss: 0.672648 | Accuracy: 0.772690 | AvgPrecision: 0.667838
2019-10-06 13:06:40,875 INFO  __main__        - Batches done: 240/294 | Loss: 0.666571 | Accuracy: 0.774609 | AvgPrecision: 0.669906
2019-10-06 13:06:45,354 INFO  __main__        - Batches done: 250/294 | Loss: 0.665740 | Accuracy: 0.775000 | AvgPrecision: 0.668568
2019-10-06 13:06:49,831 INFO  __main__        - Batches done: 260/294 | Loss: 0.664819 | Accuracy: 0.775721 | AvgPrecision: 0.670731
2019-10-06 13:06:54,319 INFO  __main__        - Batches done: 270/294 | Loss: 0.661166 | Accuracy: 0.777199 | AvgPrecision: 0.673074
2019-10-06 13:06:58,805 INFO  __main__        - Batches done: 280/294 | Loss: 0.659171 | Accuracy: 0.777567 | AvgPrecision: 0.674031
2019-10-06 13:07:03,306 INFO  __main__        - Batches done: 290/294 | Loss: 0.655559 | Accuracy: 0.779418 | AvgPrecision: 0.676758
2019-10-06 13:07:17,224 INFO  __main__        - Epochs done: 2/10 | Loss: 0.803617 | Accuracy: 0.695227 | AvgPrecision: 0.325136
2019-10-06 13:07:17,566 INFO  __main__        - Epoch: 3
2019-10-06 13:07:23,402 INFO  __main__        - Batches done: 10/294 | Loss: 0.451002 | Accuracy: 0.865625 | AvgPrecision: 0.780932
2019-10-06 13:07:27,896 INFO  __main__        - Batches done: 20/294 | Loss: 0.526970 | Accuracy: 0.837500 | AvgPrecision: 0.756570
2019-10-06 13:07:32,445 INFO  __main__        - Batches done: 30/294 | Loss: 0.546334 | Accuracy: 0.831250 | AvgPrecision: 0.753961
2019-10-06 13:07:36,918 INFO  __main__        - Batches done: 40/294 | Loss: 0.568988 | Accuracy: 0.816406 | AvgPrecision: 0.735410
2019-10-06 13:07:41,394 INFO  __main__        - Batches done: 50/294 | Loss: 0.565230 | Accuracy: 0.813750 | AvgPrecision: 0.723912
2019-10-06 13:07:45,877 INFO  __main__        - Batches done: 60/294 | Loss: 0.554928 | Accuracy: 0.816146 | AvgPrecision: 0.722170
2019-10-06 13:07:50,349 INFO  __main__        - Batches done: 70/294 | Loss: 0.555529 | Accuracy: 0.810714 | AvgPrecision: 0.720943
2019-10-06 13:07:54,843 INFO  __main__        - Batches done: 80/294 | Loss: 0.551022 | Accuracy: 0.810937 | AvgPrecision: 0.722614
2019-10-06 13:07:59,317 INFO  __main__        - Batches done: 90/294 | Loss: 0.555716 | Accuracy: 0.810417 | AvgPrecision: 0.721337
2019-10-06 13:08:03,801 INFO  __main__        - Batches done: 100/294 | Loss: 0.542198 | Accuracy: 0.815312 | AvgPrecision: 0.726202
2019-10-06 13:08:08,278 INFO  __main__        - Batches done: 110/294 | Loss: 0.540607 | Accuracy: 0.813636 | AvgPrecision: 0.727052
2019-10-06 13:08:12,765 INFO  __main__        - Batches done: 120/294 | Loss: 0.552967 | Accuracy: 0.811198 | AvgPrecision: 0.731233
2019-10-06 13:08:17,232 INFO  __main__        - Batches done: 130/294 | Loss: 0.558113 | Accuracy: 0.808413 | AvgPrecision: 0.724232
2019-10-06 13:08:21,725 INFO  __main__        - Batches done: 140/294 | Loss: 0.553579 | Accuracy: 0.809152 | AvgPrecision: 0.726600
2019-10-06 13:08:26,203 INFO  __main__        - Batches done: 150/294 | Loss: 0.553276 | Accuracy: 0.808542 | AvgPrecision: 0.722406
2019-10-06 13:08:30,696 INFO  __main__        - Batches done: 160/294 | Loss: 0.551321 | Accuracy: 0.808594 | AvgPrecision: 0.721513
2019-10-06 13:08:35,181 INFO  __main__        - Batches done: 170/294 | Loss: 0.554870 | Accuracy: 0.807169 | AvgPrecision: 0.722668
2019-10-06 13:08:39,667 INFO  __main__        - Batches done: 180/294 | Loss: 0.556318 | Accuracy: 0.805382 | AvgPrecision: 0.721219
2019-10-06 13:08:44,140 INFO  __main__        - Batches done: 190/294 | Loss: 0.558307 | Accuracy: 0.804441 | AvgPrecision: 0.719006
2019-10-06 13:08:48,624 INFO  __main__        - Batches done: 200/294 | Loss: 0.561741 | Accuracy: 0.803125 | AvgPrecision: 0.718628
2019-10-06 13:08:53,096 INFO  __main__        - Batches done: 210/294 | Loss: 0.559412 | Accuracy: 0.804167 | AvgPrecision: 0.718756
2019-10-06 13:08:57,585 INFO  __main__        - Batches done: 220/294 | Loss: 0.557121 | Accuracy: 0.804972 | AvgPrecision: 0.717650
2019-10-06 13:09:02,058 INFO  __main__        - Batches done: 230/294 | Loss: 0.556927 | Accuracy: 0.804891 | AvgPrecision: 0.717254
2019-10-06 13:09:06,542 INFO  __main__        - Batches done: 240/294 | Loss: 0.552879 | Accuracy: 0.806510 | AvgPrecision: 0.719731
2019-10-06 13:09:11,015 INFO  __main__        - Batches done: 250/294 | Loss: 0.551744 | Accuracy: 0.807125 | AvgPrecision: 0.720615
2019-10-06 13:09:15,501 INFO  __main__        - Batches done: 260/294 | Loss: 0.553083 | Accuracy: 0.806370 | AvgPrecision: 0.719483
2019-10-06 13:09:19,976 INFO  __main__        - Batches done: 270/294 | Loss: 0.553429 | Accuracy: 0.806366 | AvgPrecision: 0.719294
2019-10-06 13:09:24,457 INFO  __main__        - Batches done: 280/294 | Loss: 0.552764 | Accuracy: 0.806362 | AvgPrecision: 0.719316
2019-10-06 13:09:28,924 INFO  __main__        - Batches done: 290/294 | Loss: 0.550758 | Accuracy: 0.807543 | AvgPrecision: 0.720648
2019-10-06 13:09:42,778 INFO  __main__        - Epochs done: 3/10 | Loss: 0.723125 | Accuracy: 0.734364 | AvgPrecision: 0.353110
2019-10-06 13:09:43,125 INFO  __main__        - Epoch: 4
2019-10-06 13:09:48,632 INFO  __main__        - Batches done: 10/294 | Loss: 0.446694 | Accuracy: 0.856250 | AvgPrecision: 0.808818
2019-10-06 13:09:53,113 INFO  __main__        - Batches done: 20/294 | Loss: 0.460501 | Accuracy: 0.853125 | AvgPrecision: 0.790208
2019-10-06 13:09:57,593 INFO  __main__        - Batches done: 30/294 | Loss: 0.464501 | Accuracy: 0.847917 | AvgPrecision: 0.796104
2019-10-06 13:10:02,080 INFO  __main__        - Batches done: 40/294 | Loss: 0.459361 | Accuracy: 0.849219 | AvgPrecision: 0.779663
2019-10-06 13:10:06,680 INFO  __main__        - Batches done: 50/294 | Loss: 0.460485 | Accuracy: 0.846250 | AvgPrecision: 0.774965
2019-10-06 13:10:11,186 INFO  __main__        - Batches done: 60/294 | Loss: 0.461556 | Accuracy: 0.845833 | AvgPrecision: 0.774108
2019-10-06 13:10:15,667 INFO  __main__        - Batches done: 70/294 | Loss: 0.462051 | Accuracy: 0.846875 | AvgPrecision: 0.778060
2019-10-06 13:10:20,151 INFO  __main__        - Batches done: 80/294 | Loss: 0.465366 | Accuracy: 0.846094 | AvgPrecision: 0.775894
2019-10-06 13:10:24,636 INFO  __main__        - Batches done: 90/294 | Loss: 0.468883 | Accuracy: 0.840625 | AvgPrecision: 0.771275
2019-10-06 13:10:29,125 INFO  __main__        - Batches done: 100/294 | Loss: 0.472568 | Accuracy: 0.838750 | AvgPrecision: 0.769925
2019-10-06 13:10:33,612 INFO  __main__        - Batches done: 110/294 | Loss: 0.466960 | Accuracy: 0.839489 | AvgPrecision: 0.766781
2019-10-06 13:10:38,101 INFO  __main__        - Batches done: 120/294 | Loss: 0.472631 | Accuracy: 0.837500 | AvgPrecision: 0.768728
2019-10-06 13:10:42,629 INFO  __main__        - Batches done: 130/294 | Loss: 0.478771 | Accuracy: 0.833413 | AvgPrecision: 0.760711
2019-10-06 13:10:47,144 INFO  __main__        - Batches done: 140/294 | Loss: 0.483238 | Accuracy: 0.830804 | AvgPrecision: 0.759169
2019-10-06 13:10:51,639 INFO  __main__        - Batches done: 150/294 | Loss: 0.484788 | Accuracy: 0.830417 | AvgPrecision: 0.757428
2019-10-06 13:10:56,246 INFO  __main__        - Batches done: 160/294 | Loss: 0.486364 | Accuracy: 0.828906 | AvgPrecision: 0.752756
2019-10-06 13:11:00,743 INFO  __main__        - Batches done: 170/294 | Loss: 0.484328 | Accuracy: 0.830331 | AvgPrecision: 0.755520
2019-10-06 13:11:05,311 INFO  __main__        - Batches done: 180/294 | Loss: 0.482860 | Accuracy: 0.831076 | AvgPrecision: 0.754994
2019-10-06 13:11:09,894 INFO  __main__        - Batches done: 190/294 | Loss: 0.481487 | Accuracy: 0.831743 | AvgPrecision: 0.756230
2019-10-06 13:11:14,544 INFO  __main__        - Batches done: 200/294 | Loss: 0.484789 | Accuracy: 0.830469 | AvgPrecision: 0.756050
2019-10-06 13:11:19,110 INFO  __main__        - Batches done: 210/294 | Loss: 0.485860 | Accuracy: 0.829911 | AvgPrecision: 0.756349
2019-10-06 13:11:23,663 INFO  __main__        - Batches done: 220/294 | Loss: 0.487879 | Accuracy: 0.829403 | AvgPrecision: 0.755072
2019-10-06 13:11:28,161 INFO  __main__        - Batches done: 230/294 | Loss: 0.486042 | Accuracy: 0.829891 | AvgPrecision: 0.754393
2019-10-06 13:11:32,663 INFO  __main__        - Batches done: 240/294 | Loss: 0.485563 | Accuracy: 0.830208 | AvgPrecision: 0.755288
2019-10-06 13:11:37,163 INFO  __main__        - Batches done: 250/294 | Loss: 0.490601 | Accuracy: 0.829375 | AvgPrecision: 0.756243
2019-10-06 13:11:41,680 INFO  __main__        - Batches done: 260/294 | Loss: 0.487994 | Accuracy: 0.830889 | AvgPrecision: 0.757385
2019-10-06 13:11:46,179 INFO  __main__        - Batches done: 270/294 | Loss: 0.487967 | Accuracy: 0.831019 | AvgPrecision: 0.758325
2019-10-06 13:11:50,739 INFO  __main__        - Batches done: 280/294 | Loss: 0.485631 | Accuracy: 0.832589 | AvgPrecision: 0.760043
2019-10-06 13:11:55,403 INFO  __main__        - Batches done: 290/294 | Loss: 0.486515 | Accuracy: 0.831897 | AvgPrecision: 0.760763
2019-10-06 13:12:09,291 INFO  __main__        - Epochs done: 4/10 | Loss: 0.755873 | Accuracy: 0.746377 | AvgPrecision: 0.624889
2019-10-06 13:12:09,291 INFO  __main__        - Saving..
2019-10-06 13:12:09,796 INFO  __main__        - Epoch: 5
2019-10-06 13:12:15,358 INFO  __main__        - Batches done: 10/294 | Loss: 0.435764 | Accuracy: 0.859375 | AvgPrecision: 0.771289
2019-10-06 13:12:19,850 INFO  __main__        - Batches done: 20/294 | Loss: 0.447662 | Accuracy: 0.840625 | AvgPrecision: 0.754118
2019-10-06 13:12:24,373 INFO  __main__        - Batches done: 30/294 | Loss: 0.450034 | Accuracy: 0.841667 | AvgPrecision: 0.763846
2019-10-06 13:12:28,880 INFO  __main__        - Batches done: 40/294 | Loss: 0.460855 | Accuracy: 0.847656 | AvgPrecision: 0.777003
2019-10-06 13:12:33,435 INFO  __main__        - Batches done: 50/294 | Loss: 0.441392 | Accuracy: 0.851875 | AvgPrecision: 0.776655
2019-10-06 13:12:37,972 INFO  __main__        - Batches done: 60/294 | Loss: 0.442489 | Accuracy: 0.850521 | AvgPrecision: 0.774665
2019-10-06 13:12:42,533 INFO  __main__        - Batches done: 70/294 | Loss: 0.424718 | Accuracy: 0.855357 | AvgPrecision: 0.785394
2019-10-06 13:12:47,177 INFO  __main__        - Batches done: 80/294 | Loss: 0.422890 | Accuracy: 0.852734 | AvgPrecision: 0.780815
2019-10-06 13:12:51,690 INFO  __main__        - Batches done: 90/294 | Loss: 0.417285 | Accuracy: 0.854167 | AvgPrecision: 0.782802
2019-10-06 13:12:56,179 INFO  __main__        - Batches done: 100/294 | Loss: 0.419148 | Accuracy: 0.850938 | AvgPrecision: 0.780686
2019-10-06 13:13:00,670 INFO  __main__        - Batches done: 110/294 | Loss: 0.414969 | Accuracy: 0.853125 | AvgPrecision: 0.784395
2019-10-06 13:13:05,200 INFO  __main__        - Batches done: 120/294 | Loss: 0.417823 | Accuracy: 0.852344 | AvgPrecision: 0.787156
2019-10-06 13:13:09,676 INFO  __main__        - Batches done: 130/294 | Loss: 0.422306 | Accuracy: 0.851683 | AvgPrecision: 0.787500
2019-10-06 13:13:14,156 INFO  __main__        - Batches done: 140/294 | Loss: 0.426630 | Accuracy: 0.851339 | AvgPrecision: 0.786941
2019-10-06 13:13:18,655 INFO  __main__        - Batches done: 150/294 | Loss: 0.425133 | Accuracy: 0.853125 | AvgPrecision: 0.790620
2019-10-06 13:13:23,326 INFO  __main__        - Batches done: 160/294 | Loss: 0.426193 | Accuracy: 0.852148 | AvgPrecision: 0.790052
2019-10-06 13:13:27,822 INFO  __main__        - Batches done: 170/294 | Loss: 0.420873 | Accuracy: 0.853309 | AvgPrecision: 0.792661
2019-10-06 13:13:32,351 INFO  __main__        - Batches done: 180/294 | Loss: 0.422913 | Accuracy: 0.852431 | AvgPrecision: 0.792166
2019-10-06 13:13:36,856 INFO  __main__        - Batches done: 190/294 | Loss: 0.421891 | Accuracy: 0.853947 | AvgPrecision: 0.792922
2019-10-06 13:13:41,360 INFO  __main__        - Batches done: 200/294 | Loss: 0.421012 | Accuracy: 0.853906 | AvgPrecision: 0.794611
2019-10-06 13:13:45,907 INFO  __main__        - Batches done: 210/294 | Loss: 0.421575 | Accuracy: 0.853274 | AvgPrecision: 0.794914
2019-10-06 13:13:50,532 INFO  __main__        - Batches done: 220/294 | Loss: 0.418714 | Accuracy: 0.854119 | AvgPrecision: 0.796126
2019-10-06 13:13:55,035 INFO  __main__        - Batches done: 230/294 | Loss: 0.418570 | Accuracy: 0.853533 | AvgPrecision: 0.794590
2019-10-06 13:13:59,721 INFO  __main__        - Batches done: 240/294 | Loss: 0.417715 | Accuracy: 0.853385 | AvgPrecision: 0.795558
2019-10-06 13:14:04,412 INFO  __main__        - Batches done: 250/294 | Loss: 0.416845 | Accuracy: 0.853875 | AvgPrecision: 0.796435
2019-10-06 13:14:08,905 INFO  __main__        - Batches done: 260/294 | Loss: 0.415978 | Accuracy: 0.855048 | AvgPrecision: 0.797550
2019-10-06 13:14:13,386 INFO  __main__        - Batches done: 270/294 | Loss: 0.413078 | Accuracy: 0.855671 | AvgPrecision: 0.797246
2019-10-06 13:14:17,864 INFO  __main__        - Batches done: 280/294 | Loss: 0.412018 | Accuracy: 0.856027 | AvgPrecision: 0.797723
2019-10-06 13:14:22,413 INFO  __main__        - Batches done: 290/294 | Loss: 0.411714 | Accuracy: 0.854849 | AvgPrecision: 0.797496
2019-10-06 13:14:36,228 INFO  __main__        - Epochs done: 5/10 | Loss: 0.547987 | Accuracy: 0.801220 | AvgPrecision: 0.519500
2019-10-06 13:14:36,586 INFO  __main__        - Epoch: 6
2019-10-06 13:14:42,109 INFO  __main__        - Batches done: 10/294 | Loss: 0.299816 | Accuracy: 0.890625 | AvgPrecision: 0.866346
2019-10-06 13:14:46,587 INFO  __main__        - Batches done: 20/294 | Loss: 0.335315 | Accuracy: 0.882812 | AvgPrecision: 0.844996
2019-10-06 13:14:51,064 INFO  __main__        - Batches done: 30/294 | Loss: 0.343040 | Accuracy: 0.872917 | AvgPrecision: 0.829015
2019-10-06 13:14:55,547 INFO  __main__        - Batches done: 40/294 | Loss: 0.368068 | Accuracy: 0.869531 | AvgPrecision: 0.814549
2019-10-06 13:15:00,022 INFO  __main__        - Batches done: 50/294 | Loss: 0.377558 | Accuracy: 0.864375 | AvgPrecision: 0.805635
2019-10-06 13:15:04,516 INFO  __main__        - Batches done: 60/294 | Loss: 0.355727 | Accuracy: 0.871354 | AvgPrecision: 0.813579
2019-10-06 13:15:08,995 INFO  __main__        - Batches done: 70/294 | Loss: 0.355381 | Accuracy: 0.872768 | AvgPrecision: 0.811607
2019-10-06 13:15:13,478 INFO  __main__        - Batches done: 80/294 | Loss: 0.360366 | Accuracy: 0.871484 | AvgPrecision: 0.810731
2019-10-06 13:15:17,954 INFO  __main__        - Batches done: 90/294 | Loss: 0.364801 | Accuracy: 0.871181 | AvgPrecision: 0.811923
2019-10-06 13:15:22,442 INFO  __main__        - Batches done: 100/294 | Loss: 0.372335 | Accuracy: 0.868750 | AvgPrecision: 0.809934
2019-10-06 13:15:26,913 INFO  __main__        - Batches done: 110/294 | Loss: 0.373680 | Accuracy: 0.868750 | AvgPrecision: 0.808583
2019-10-06 13:15:31,405 INFO  __main__        - Batches done: 120/294 | Loss: 0.382172 | Accuracy: 0.865365 | AvgPrecision: 0.804398
2019-10-06 13:15:35,884 INFO  __main__        - Batches done: 130/294 | Loss: 0.380344 | Accuracy: 0.866587 | AvgPrecision: 0.807245
2019-10-06 13:15:40,375 INFO  __main__        - Batches done: 140/294 | Loss: 0.379849 | Accuracy: 0.867188 | AvgPrecision: 0.806962
2019-10-06 13:15:44,854 INFO  __main__        - Batches done: 150/294 | Loss: 0.381192 | Accuracy: 0.866250 | AvgPrecision: 0.803833
2019-10-06 13:15:49,334 INFO  __main__        - Batches done: 160/294 | Loss: 0.381089 | Accuracy: 0.866406 | AvgPrecision: 0.804527
2019-10-06 13:15:53,813 INFO  __main__        - Batches done: 170/294 | Loss: 0.383799 | Accuracy: 0.867096 | AvgPrecision: 0.806715
2019-10-06 13:15:58,298 INFO  __main__        - Batches done: 180/294 | Loss: 0.384605 | Accuracy: 0.866667 | AvgPrecision: 0.808140
2019-10-06 13:16:02,792 INFO  __main__        - Batches done: 190/294 | Loss: 0.384956 | Accuracy: 0.865296 | AvgPrecision: 0.806627
2019-10-06 13:16:07,366 INFO  __main__        - Batches done: 200/294 | Loss: 0.383193 | Accuracy: 0.865781 | AvgPrecision: 0.807049
2019-10-06 13:16:11,848 INFO  __main__        - Batches done: 210/294 | Loss: 0.385289 | Accuracy: 0.864881 | AvgPrecision: 0.804765
2019-10-06 13:16:16,473 INFO  __main__        - Batches done: 220/294 | Loss: 0.382157 | Accuracy: 0.865341 | AvgPrecision: 0.803527
2019-10-06 13:16:21,209 INFO  __main__        - Batches done: 230/294 | Loss: 0.379137 | Accuracy: 0.866440 | AvgPrecision: 0.806885
2019-10-06 13:16:25,814 INFO  __main__        - Batches done: 240/294 | Loss: 0.380132 | Accuracy: 0.865885 | AvgPrecision: 0.806291
2019-10-06 13:16:30,334 INFO  __main__        - Batches done: 250/294 | Loss: 0.379397 | Accuracy: 0.865625 | AvgPrecision: 0.806942
2019-10-06 13:16:34,866 INFO  __main__        - Batches done: 260/294 | Loss: 0.377741 | Accuracy: 0.866466 | AvgPrecision: 0.808004
2019-10-06 13:16:39,391 INFO  __main__        - Batches done: 270/294 | Loss: 0.380253 | Accuracy: 0.866088 | AvgPrecision: 0.807488
2019-10-06 13:16:43,919 INFO  __main__        - Batches done: 280/294 | Loss: 0.377239 | Accuracy: 0.867634 | AvgPrecision: 0.809175
2019-10-06 13:16:48,432 INFO  __main__        - Batches done: 290/294 | Loss: 0.378179 | Accuracy: 0.867565 | AvgPrecision: 0.810262
2019-10-06 13:17:02,457 INFO  __main__        - Epochs done: 6/10 | Loss: 0.676155 | Accuracy: 0.773512 | AvgPrecision: 0.407034
2019-10-06 13:17:02,802 INFO  __main__        - Epoch: 7
2019-10-06 13:17:08,394 INFO  __main__        - Batches done: 10/294 | Loss: 0.251827 | Accuracy: 0.903125 | AvgPrecision: 0.848322
2019-10-06 13:17:12,931 INFO  __main__        - Batches done: 20/294 | Loss: 0.311779 | Accuracy: 0.892188 | AvgPrecision: 0.833020
2019-10-06 13:17:17,458 INFO  __main__        - Batches done: 30/294 | Loss: 0.348245 | Accuracy: 0.868750 | AvgPrecision: 0.815544
2019-10-06 13:17:21,975 INFO  __main__        - Batches done: 40/294 | Loss: 0.343504 | Accuracy: 0.874219 | AvgPrecision: 0.830099
2019-10-06 13:17:26,498 INFO  __main__        - Batches done: 50/294 | Loss: 0.334616 | Accuracy: 0.876875 | AvgPrecision: 0.838290
2019-10-06 13:17:31,083 INFO  __main__        - Batches done: 60/294 | Loss: 0.328131 | Accuracy: 0.880208 | AvgPrecision: 0.834180
2019-10-06 13:17:35,635 INFO  __main__        - Batches done: 70/294 | Loss: 0.338907 | Accuracy: 0.877232 | AvgPrecision: 0.831827
2019-10-06 13:17:40,167 INFO  __main__        - Batches done: 80/294 | Loss: 0.333984 | Accuracy: 0.878906 | AvgPrecision: 0.831362
2019-10-06 13:17:44,714 INFO  __main__        - Batches done: 90/294 | Loss: 0.331351 | Accuracy: 0.881250 | AvgPrecision: 0.832094
2019-10-06 13:17:49,277 INFO  __main__        - Batches done: 100/294 | Loss: 0.328068 | Accuracy: 0.882812 | AvgPrecision: 0.830447
2019-10-06 13:17:53,826 INFO  __main__        - Batches done: 110/294 | Loss: 0.335886 | Accuracy: 0.880966 | AvgPrecision: 0.827418
2019-10-06 13:17:58,364 INFO  __main__        - Batches done: 120/294 | Loss: 0.332290 | Accuracy: 0.881510 | AvgPrecision: 0.827863
2019-10-06 13:18:02,887 INFO  __main__        - Batches done: 130/294 | Loss: 0.333191 | Accuracy: 0.880769 | AvgPrecision: 0.824148
2019-10-06 13:18:07,434 INFO  __main__        - Batches done: 140/294 | Loss: 0.332408 | Accuracy: 0.881473 | AvgPrecision: 0.825214
2019-10-06 13:18:11,938 INFO  __main__        - Batches done: 150/294 | Loss: 0.325086 | Accuracy: 0.884375 | AvgPrecision: 0.828397
2019-10-06 13:18:16,461 INFO  __main__        - Batches done: 160/294 | Loss: 0.325496 | Accuracy: 0.884180 | AvgPrecision: 0.829796
2019-10-06 13:18:20,994 INFO  __main__        - Batches done: 170/294 | Loss: 0.325796 | Accuracy: 0.884559 | AvgPrecision: 0.829975
2019-10-06 13:18:25,517 INFO  __main__        - Batches done: 180/294 | Loss: 0.326954 | Accuracy: 0.883507 | AvgPrecision: 0.828056
2019-10-06 13:18:30,036 INFO  __main__        - Batches done: 190/294 | Loss: 0.324341 | Accuracy: 0.883553 | AvgPrecision: 0.829209
2019-10-06 13:18:34,571 INFO  __main__        - Batches done: 200/294 | Loss: 0.328433 | Accuracy: 0.882031 | AvgPrecision: 0.827143
2019-10-06 13:18:39,081 INFO  __main__        - Batches done: 210/294 | Loss: 0.328751 | Accuracy: 0.881994 | AvgPrecision: 0.826904
2019-10-06 13:18:43,581 INFO  __main__        - Batches done: 220/294 | Loss: 0.328894 | Accuracy: 0.881250 | AvgPrecision: 0.825710
2019-10-06 13:18:48,142 INFO  __main__        - Batches done: 230/294 | Loss: 0.332659 | Accuracy: 0.879484 | AvgPrecision: 0.825757
2019-10-06 13:18:52,688 INFO  __main__        - Batches done: 240/294 | Loss: 0.332141 | Accuracy: 0.879687 | AvgPrecision: 0.825060
2019-10-06 13:18:57,209 INFO  __main__        - Batches done: 250/294 | Loss: 0.332606 | Accuracy: 0.879875 | AvgPrecision: 0.825842
2019-10-06 13:19:01,741 INFO  __main__        - Batches done: 260/294 | Loss: 0.335086 | Accuracy: 0.879567 | AvgPrecision: 0.824666
2019-10-06 13:19:06,321 INFO  __main__        - Batches done: 270/294 | Loss: 0.336871 | Accuracy: 0.879630 | AvgPrecision: 0.824644
2019-10-06 13:19:10,835 INFO  __main__        - Batches done: 280/294 | Loss: 0.338587 | Accuracy: 0.878906 | AvgPrecision: 0.823849
2019-10-06 13:19:15,389 INFO  __main__        - Batches done: 290/294 | Loss: 0.338597 | Accuracy: 0.878987 | AvgPrecision: 0.823226
2019-10-06 13:19:29,396 INFO  __main__        - Epochs done: 7/10 | Loss: 0.835371 | Accuracy: 0.723450 | AvgPrecision: 0.380752
2019-10-06 13:19:29,740 INFO  __main__        - Epoch: 8
2019-10-06 13:19:35,471 INFO  __main__        - Batches done: 10/294 | Loss: 0.321405 | Accuracy: 0.878125 | AvgPrecision: 0.870096
2019-10-06 13:19:39,987 INFO  __main__        - Batches done: 20/294 | Loss: 0.311163 | Accuracy: 0.887500 | AvgPrecision: 0.849822
2019-10-06 13:19:44,486 INFO  __main__        - Batches done: 30/294 | Loss: 0.311253 | Accuracy: 0.891667 | AvgPrecision: 0.854688
2019-10-06 13:19:49,019 INFO  __main__        - Batches done: 40/294 | Loss: 0.309409 | Accuracy: 0.895312 | AvgPrecision: 0.844680
2019-10-06 13:19:53,591 INFO  __main__        - Batches done: 50/294 | Loss: 0.316375 | Accuracy: 0.892500 | AvgPrecision: 0.842005
2019-10-06 13:19:58,310 INFO  __main__        - Batches done: 60/294 | Loss: 0.319734 | Accuracy: 0.891146 | AvgPrecision: 0.846373
2019-10-06 13:20:02,830 INFO  __main__        - Batches done: 70/294 | Loss: 0.320693 | Accuracy: 0.889732 | AvgPrecision: 0.847229
2019-10-06 13:20:07,380 INFO  __main__        - Batches done: 80/294 | Loss: 0.312861 | Accuracy: 0.892188 | AvgPrecision: 0.850715
2019-10-06 13:20:11,884 INFO  __main__        - Batches done: 90/294 | Loss: 0.315683 | Accuracy: 0.889236 | AvgPrecision: 0.847079
2019-10-06 13:20:16,405 INFO  __main__        - Batches done: 100/294 | Loss: 0.309010 | Accuracy: 0.891563 | AvgPrecision: 0.852921
2019-10-06 13:20:20,923 INFO  __main__        - Batches done: 110/294 | Loss: 0.309767 | Accuracy: 0.892045 | AvgPrecision: 0.851484
2019-10-06 13:20:25,436 INFO  __main__        - Batches done: 120/294 | Loss: 0.305094 | Accuracy: 0.894010 | AvgPrecision: 0.850445
2019-10-06 13:20:30,088 INFO  __main__        - Batches done: 130/294 | Loss: 0.304351 | Accuracy: 0.893510 | AvgPrecision: 0.850599
2019-10-06 13:20:34,599 INFO  __main__        - Batches done: 140/294 | Loss: 0.306419 | Accuracy: 0.892857 | AvgPrecision: 0.850034
2019-10-06 13:20:39,088 INFO  __main__        - Batches done: 150/294 | Loss: 0.309935 | Accuracy: 0.891250 | AvgPrecision: 0.849936
2019-10-06 13:20:43,606 INFO  __main__        - Batches done: 160/294 | Loss: 0.312596 | Accuracy: 0.890039 | AvgPrecision: 0.846930
2019-10-06 13:20:48,101 INFO  __main__        - Batches done: 170/294 | Loss: 0.312473 | Accuracy: 0.889338 | AvgPrecision: 0.844130
2019-10-06 13:20:52,601 INFO  __main__        - Batches done: 180/294 | Loss: 0.314806 | Accuracy: 0.888715 | AvgPrecision: 0.844744
2019-10-06 13:20:57,126 INFO  __main__        - Batches done: 190/294 | Loss: 0.317231 | Accuracy: 0.888158 | AvgPrecision: 0.845277
2019-10-06 13:21:01,648 INFO  __main__        - Batches done: 200/294 | Loss: 0.320598 | Accuracy: 0.886563 | AvgPrecision: 0.843200
2019-10-06 13:21:06,177 INFO  __main__        - Batches done: 210/294 | Loss: 0.320134 | Accuracy: 0.886012 | AvgPrecision: 0.842356
2019-10-06 13:21:10,693 INFO  __main__        - Batches done: 220/294 | Loss: 0.317508 | Accuracy: 0.886932 | AvgPrecision: 0.842392
2019-10-06 13:21:15,193 INFO  __main__        - Batches done: 230/294 | Loss: 0.315488 | Accuracy: 0.888723 | AvgPrecision: 0.845056
2019-10-06 13:21:19,738 INFO  __main__        - Batches done: 240/294 | Loss: 0.316673 | Accuracy: 0.888151 | AvgPrecision: 0.844393
2019-10-06 13:21:24,238 INFO  __main__        - Batches done: 250/294 | Loss: 0.318053 | Accuracy: 0.887500 | AvgPrecision: 0.844421
2019-10-06 13:21:28,753 INFO  __main__        - Batches done: 260/294 | Loss: 0.321763 | Accuracy: 0.886418 | AvgPrecision: 0.843657
2019-10-06 13:21:33,261 INFO  __main__        - Batches done: 270/294 | Loss: 0.324860 | Accuracy: 0.885301 | AvgPrecision: 0.842860
2019-10-06 13:21:37,764 INFO  __main__        - Batches done: 280/294 | Loss: 0.323824 | Accuracy: 0.885826 | AvgPrecision: 0.842625
2019-10-06 13:21:42,274 INFO  __main__        - Batches done: 290/294 | Loss: 0.324350 | Accuracy: 0.885129 | AvgPrecision: 0.841298
2019-10-06 13:21:56,179 INFO  __main__        - Epochs done: 8/10 | Loss: 0.887446 | Accuracy: 0.753393 | AvgPrecision: 0.633373
2019-10-06 13:21:56,179 INFO  __main__        - Saving..
2019-10-06 13:21:56,692 INFO  __main__        - Epoch: 9
2019-10-06 13:22:02,240 INFO  __main__        - Batches done: 10/294 | Loss: 0.292971 | Accuracy: 0.887500 | AvgPrecision: 0.833115
2019-10-06 13:22:06,735 INFO  __main__        - Batches done: 20/294 | Loss: 0.262953 | Accuracy: 0.898438 | AvgPrecision: 0.843564
2019-10-06 13:22:11,222 INFO  __main__        - Batches done: 30/294 | Loss: 0.268970 | Accuracy: 0.901042 | AvgPrecision: 0.846221
2019-10-06 13:22:15,705 INFO  __main__        - Batches done: 40/294 | Loss: 0.277284 | Accuracy: 0.897656 | AvgPrecision: 0.843057
2019-10-06 13:22:20,224 INFO  __main__        - Batches done: 50/294 | Loss: 0.293149 | Accuracy: 0.893750 | AvgPrecision: 0.842396
2019-10-06 13:22:24,728 INFO  __main__        - Batches done: 60/294 | Loss: 0.300856 | Accuracy: 0.890625 | AvgPrecision: 0.840218
2019-10-06 13:22:29,240 INFO  __main__        - Batches done: 70/294 | Loss: 0.296900 | Accuracy: 0.893304 | AvgPrecision: 0.849447
2019-10-06 13:22:33,732 INFO  __main__        - Batches done: 80/294 | Loss: 0.288227 | Accuracy: 0.896875 | AvgPrecision: 0.853618
2019-10-06 13:22:38,234 INFO  __main__        - Batches done: 90/294 | Loss: 0.279667 | Accuracy: 0.900000 | AvgPrecision: 0.857843
2019-10-06 13:22:42,726 INFO  __main__        - Batches done: 100/294 | Loss: 0.275332 | Accuracy: 0.901250 | AvgPrecision: 0.859850
2019-10-06 13:22:47,349 INFO  __main__        - Batches done: 110/294 | Loss: 0.278575 | Accuracy: 0.900000 | AvgPrecision: 0.859183
2019-10-06 13:22:51,934 INFO  __main__        - Batches done: 120/294 | Loss: 0.276572 | Accuracy: 0.900260 | AvgPrecision: 0.858817
2019-10-06 13:22:56,464 INFO  __main__        - Batches done: 130/294 | Loss: 0.276514 | Accuracy: 0.900721 | AvgPrecision: 0.859398
2019-10-06 13:23:00,987 INFO  __main__        - Batches done: 140/294 | Loss: 0.278426 | Accuracy: 0.900000 | AvgPrecision: 0.859469
2019-10-06 13:23:05,559 INFO  __main__        - Batches done: 150/294 | Loss: 0.278168 | Accuracy: 0.900417 | AvgPrecision: 0.861068
2019-10-06 13:23:10,094 INFO  __main__        - Batches done: 160/294 | Loss: 0.278383 | Accuracy: 0.900391 | AvgPrecision: 0.860773
2019-10-06 13:23:14,608 INFO  __main__        - Batches done: 170/294 | Loss: 0.278908 | Accuracy: 0.900551 | AvgPrecision: 0.862559
2019-10-06 13:23:19,191 INFO  __main__        - Batches done: 180/294 | Loss: 0.281445 | Accuracy: 0.898785 | AvgPrecision: 0.858345
2019-10-06 13:23:23,854 INFO  __main__        - Batches done: 190/294 | Loss: 0.281372 | Accuracy: 0.898684 | AvgPrecision: 0.858882
2019-10-06 13:23:28,390 INFO  __main__        - Batches done: 200/294 | Loss: 0.282033 | Accuracy: 0.897969 | AvgPrecision: 0.857711
2019-10-06 13:23:32,912 INFO  __main__        - Batches done: 210/294 | Loss: 0.282987 | Accuracy: 0.898065 | AvgPrecision: 0.856613
2019-10-06 13:23:37,442 INFO  __main__        - Batches done: 220/294 | Loss: 0.281719 | Accuracy: 0.898295 | AvgPrecision: 0.856258
2019-10-06 13:23:41,976 INFO  __main__        - Batches done: 230/294 | Loss: 0.280770 | Accuracy: 0.898641 | AvgPrecision: 0.857134
2019-10-06 13:23:46,518 INFO  __main__        - Batches done: 240/294 | Loss: 0.280614 | Accuracy: 0.898698 | AvgPrecision: 0.856423
2019-10-06 13:23:51,071 INFO  __main__        - Batches done: 250/294 | Loss: 0.283397 | Accuracy: 0.896875 | AvgPrecision: 0.855805
2019-10-06 13:23:55,604 INFO  __main__        - Batches done: 260/294 | Loss: 0.281966 | Accuracy: 0.896394 | AvgPrecision: 0.856213
2019-10-06 13:24:00,128 INFO  __main__        - Batches done: 270/294 | Loss: 0.282827 | Accuracy: 0.896644 | AvgPrecision: 0.855707
2019-10-06 13:24:04,705 INFO  __main__        - Batches done: 280/294 | Loss: 0.282892 | Accuracy: 0.896987 | AvgPrecision: 0.855933
2019-10-06 13:24:09,265 INFO  __main__        - Batches done: 290/294 | Loss: 0.281227 | Accuracy: 0.897522 | AvgPrecision: 0.856772
2019-10-06 13:24:23,290 INFO  __main__        - Epochs done: 9/10 | Loss: 0.566782 | Accuracy: 0.810184 | AvgPrecision: 0.520548
2019-10-06 13:24:23,644 INFO  __main__        - Epoch: 10
2019-10-06 13:24:29,222 INFO  __main__        - Batches done: 10/294 | Loss: 0.308192 | Accuracy: 0.893750 | AvgPrecision: 0.868302
2019-10-06 13:24:33,824 INFO  __main__        - Batches done: 20/294 | Loss: 0.300072 | Accuracy: 0.904687 | AvgPrecision: 0.861960
2019-10-06 13:24:38,377 INFO  __main__        - Batches done: 30/294 | Loss: 0.299354 | Accuracy: 0.902083 | AvgPrecision: 0.865437
2019-10-06 13:24:42,963 INFO  __main__        - Batches done: 40/294 | Loss: 0.275076 | Accuracy: 0.909375 | AvgPrecision: 0.875270
2019-10-06 13:24:47,703 INFO  __main__        - Batches done: 50/294 | Loss: 0.263725 | Accuracy: 0.913750 | AvgPrecision: 0.882821
2019-10-06 13:24:52,264 INFO  __main__        - Batches done: 60/294 | Loss: 0.275443 | Accuracy: 0.909896 | AvgPrecision: 0.884718
2019-10-06 13:24:56,753 INFO  __main__        - Batches done: 70/294 | Loss: 0.278248 | Accuracy: 0.906250 | AvgPrecision: 0.881389
2019-10-06 13:25:01,546 INFO  __main__        - Batches done: 80/294 | Loss: 0.281238 | Accuracy: 0.904297 | AvgPrecision: 0.878835
2019-10-06 13:25:06,197 INFO  __main__        - Batches done: 90/294 | Loss: 0.284418 | Accuracy: 0.901736 | AvgPrecision: 0.873228
2019-10-06 13:25:10,846 INFO  __main__        - Batches done: 100/294 | Loss: 0.285037 | Accuracy: 0.902188 | AvgPrecision: 0.873556
2019-10-06 13:25:15,505 INFO  __main__        - Batches done: 110/294 | Loss: 0.289766 | Accuracy: 0.900284 | AvgPrecision: 0.867956
2019-10-06 13:25:20,073 INFO  __main__        - Batches done: 120/294 | Loss: 0.288225 | Accuracy: 0.900781 | AvgPrecision: 0.863956
2019-10-06 13:25:24,716 INFO  __main__        - Batches done: 130/294 | Loss: 0.287548 | Accuracy: 0.901202 | AvgPrecision: 0.865282
2019-10-06 13:25:29,206 INFO  __main__        - Batches done: 140/294 | Loss: 0.285866 | Accuracy: 0.901339 | AvgPrecision: 0.864886
2019-10-06 13:25:33,768 INFO  __main__        - Batches done: 150/294 | Loss: 0.280581 | Accuracy: 0.903542 | AvgPrecision: 0.866651
2019-10-06 13:25:38,432 INFO  __main__        - Batches done: 160/294 | Loss: 0.277204 | Accuracy: 0.905859 | AvgPrecision: 0.871377
2019-10-06 13:25:43,038 INFO  __main__        - Batches done: 170/294 | Loss: 0.277529 | Accuracy: 0.906801 | AvgPrecision: 0.874374
2019-10-06 13:25:47,635 INFO  __main__        - Batches done: 180/294 | Loss: 0.277859 | Accuracy: 0.906076 | AvgPrecision: 0.871978
2019-10-06 13:25:52,160 INFO  __main__        - Batches done: 190/294 | Loss: 0.277422 | Accuracy: 0.906086 | AvgPrecision: 0.870927
2019-10-06 13:25:56,691 INFO  __main__        - Batches done: 200/294 | Loss: 0.277000 | Accuracy: 0.905312 | AvgPrecision: 0.870191
2019-10-06 13:26:01,190 INFO  __main__        - Batches done: 210/294 | Loss: 0.275558 | Accuracy: 0.905655 | AvgPrecision: 0.871333
2019-10-06 13:26:05,799 INFO  __main__        - Batches done: 220/294 | Loss: 0.274670 | Accuracy: 0.906108 | AvgPrecision: 0.870393
2019-10-06 13:26:10,625 INFO  __main__        - Batches done: 230/294 | Loss: 0.276690 | Accuracy: 0.905842 | AvgPrecision: 0.869983
2019-10-06 13:26:15,117 INFO  __main__        - Batches done: 240/294 | Loss: 0.273663 | Accuracy: 0.906641 | AvgPrecision: 0.870581
2019-10-06 13:26:19,599 INFO  __main__        - Batches done: 250/294 | Loss: 0.276300 | Accuracy: 0.905750 | AvgPrecision: 0.870214
2019-10-06 13:26:24,090 INFO  __main__        - Batches done: 260/294 | Loss: 0.277681 | Accuracy: 0.904567 | AvgPrecision: 0.868399
2019-10-06 13:26:28,578 INFO  __main__        - Batches done: 270/294 | Loss: 0.275129 | Accuracy: 0.904977 | AvgPrecision: 0.867027
2019-10-06 13:26:33,059 INFO  __main__        - Batches done: 280/294 | Loss: 0.272639 | Accuracy: 0.905134 | AvgPrecision: 0.867553
2019-10-06 13:26:37,536 INFO  __main__        - Batches done: 290/294 | Loss: 0.272213 | Accuracy: 0.905388 | AvgPrecision: 0.868364
2019-10-06 13:26:51,275 INFO  __main__        - Epochs done: 10/10 | Loss: 0.663090 | Accuracy: 0.790387 | AvgPrecision: 0.456634
