2019-10-06 23:33:53,829 INFO  __main__        - Log file is experiments/se_resnet50_v1/log.log
2019-10-06 23:33:53,830 INFO  __main__        - Data Processing...
2019-10-06 23:33:56,943 INFO  __main__        - Epoch: 1
2019-10-06 23:34:03,265 INFO  __main__        - Batches done: 10/147 | Loss: 68.710172 | Accuracy: 0.429688 | AvgFscore: 0.125675
2019-10-06 23:34:07,722 INFO  __main__        - Batches done: 20/147 | Loss: 56.156575 | Accuracy: 0.536719 | AvgFscore: 0.261750
2019-10-06 23:34:12,184 INFO  __main__        - Batches done: 30/147 | Loss: 50.753082 | Accuracy: 0.569792 | AvgFscore: 0.293915
2019-10-06 23:34:16,646 INFO  __main__        - Batches done: 40/147 | Loss: 47.109990 | Accuracy: 0.594531 | AvgFscore: 0.350779
2019-10-06 23:34:21,109 INFO  __main__        - Batches done: 50/147 | Loss: 44.567651 | Accuracy: 0.615625 | AvgFscore: 0.389278
2019-10-06 23:34:25,579 INFO  __main__        - Batches done: 60/147 | Loss: 42.555322 | Accuracy: 0.628125 | AvgFscore: 0.407197
2019-10-06 23:34:30,038 INFO  __main__        - Batches done: 70/147 | Loss: 40.813506 | Accuracy: 0.637946 | AvgFscore: 0.423369
2019-10-06 23:34:34,501 INFO  __main__        - Batches done: 80/147 | Loss: 39.649486 | Accuracy: 0.644727 | AvgFscore: 0.441802
2019-10-06 23:34:38,962 INFO  __main__        - Batches done: 90/147 | Loss: 38.519255 | Accuracy: 0.651042 | AvgFscore: 0.455418
2019-10-06 23:34:43,423 INFO  __main__        - Batches done: 100/147 | Loss: 37.483748 | Accuracy: 0.655781 | AvgFscore: 0.467486
2019-10-06 23:34:47,883 INFO  __main__        - Batches done: 110/147 | Loss: 36.466486 | Accuracy: 0.662784 | AvgFscore: 0.481527
2019-10-06 23:34:52,342 INFO  __main__        - Batches done: 120/147 | Loss: 35.512346 | Accuracy: 0.669141 | AvgFscore: 0.494190
2019-10-06 23:34:56,802 INFO  __main__        - Batches done: 130/147 | Loss: 34.856315 | Accuracy: 0.673558 | AvgFscore: 0.501973
2019-10-06 23:35:01,250 INFO  __main__        - Batches done: 140/147 | Loss: 34.050726 | Accuracy: 0.678683 | AvgFscore: 0.509794
2019-10-06 23:35:42,649 INFO  __main__        - Epochs done: 1/21 | Loss: 20.151393 | Accuracy: 0.778798 | AvgFscore: 0.504964
2019-10-06 23:35:42,649 INFO  __main__        - Saving..
2019-10-06 23:35:43,169 INFO  __main__        - Epoch: 2
2019-10-06 23:35:49,364 INFO  __main__        - Batches done: 10/147 | Loss: 21.331608 | Accuracy: 0.753125 | AvgFscore: 0.637668
2019-10-06 23:35:53,833 INFO  __main__        - Batches done: 20/147 | Loss: 20.577452 | Accuracy: 0.767188 | AvgFscore: 0.654548
2019-10-06 23:35:58,295 INFO  __main__        - Batches done: 30/147 | Loss: 20.768642 | Accuracy: 0.771354 | AvgFscore: 0.667330
2019-10-06 23:36:02,760 INFO  __main__        - Batches done: 40/147 | Loss: 20.378574 | Accuracy: 0.771484 | AvgFscore: 0.659716
2019-10-06 23:36:07,228 INFO  __main__        - Batches done: 50/147 | Loss: 20.615525 | Accuracy: 0.770938 | AvgFscore: 0.654397
2019-10-06 23:36:11,694 INFO  __main__        - Batches done: 60/147 | Loss: 20.487711 | Accuracy: 0.775000 | AvgFscore: 0.660795
2019-10-06 23:36:16,161 INFO  __main__        - Batches done: 70/147 | Loss: 20.393309 | Accuracy: 0.777009 | AvgFscore: 0.667448
2019-10-06 23:36:20,626 INFO  __main__        - Batches done: 80/147 | Loss: 20.108725 | Accuracy: 0.780273 | AvgFscore: 0.667988
2019-10-06 23:36:25,092 INFO  __main__        - Batches done: 90/147 | Loss: 19.897754 | Accuracy: 0.783681 | AvgFscore: 0.674910
2019-10-06 23:36:29,563 INFO  __main__        - Batches done: 100/147 | Loss: 19.830055 | Accuracy: 0.784219 | AvgFscore: 0.681104
2019-10-06 23:36:34,033 INFO  __main__        - Batches done: 110/147 | Loss: 19.728544 | Accuracy: 0.783807 | AvgFscore: 0.682531
2019-10-06 23:36:38,500 INFO  __main__        - Batches done: 120/147 | Loss: 19.510918 | Accuracy: 0.785417 | AvgFscore: 0.687445
2019-10-06 23:36:42,971 INFO  __main__        - Batches done: 130/147 | Loss: 19.273656 | Accuracy: 0.786418 | AvgFscore: 0.688407
2019-10-06 23:36:47,421 INFO  __main__        - Batches done: 140/147 | Loss: 19.046584 | Accuracy: 0.788728 | AvgFscore: 0.691921
2019-10-06 23:37:28,795 INFO  __main__        - Epochs done: 2/21 | Loss: 17.875896 | Accuracy: 0.785414 | AvgFscore: 0.451769
2019-10-06 23:37:29,190 INFO  __main__        - Epoch: 3
2019-10-06 23:37:35,342 INFO  __main__        - Batches done: 10/147 | Loss: 12.772808 | Accuracy: 0.846875 | AvgFscore: 0.755496
2019-10-06 23:37:39,806 INFO  __main__        - Batches done: 20/147 | Loss: 13.274626 | Accuracy: 0.845313 | AvgFscore: 0.777495
2019-10-06 23:37:44,274 INFO  __main__        - Batches done: 30/147 | Loss: 12.947744 | Accuracy: 0.845833 | AvgFscore: 0.783771
2019-10-06 23:37:48,742 INFO  __main__        - Batches done: 40/147 | Loss: 13.287314 | Accuracy: 0.840625 | AvgFscore: 0.775676
2019-10-06 23:37:53,206 INFO  __main__        - Batches done: 50/147 | Loss: 13.166865 | Accuracy: 0.845625 | AvgFscore: 0.783487
2019-10-06 23:37:57,674 INFO  __main__        - Batches done: 60/147 | Loss: 13.217026 | Accuracy: 0.840625 | AvgFscore: 0.777431
2019-10-06 23:38:02,144 INFO  __main__        - Batches done: 70/147 | Loss: 12.947447 | Accuracy: 0.842187 | AvgFscore: 0.779089
2019-10-06 23:38:06,617 INFO  __main__        - Batches done: 80/147 | Loss: 12.874457 | Accuracy: 0.843359 | AvgFscore: 0.783340
2019-10-06 23:38:11,090 INFO  __main__        - Batches done: 90/147 | Loss: 12.823713 | Accuracy: 0.844097 | AvgFscore: 0.782410
2019-10-06 23:38:15,560 INFO  __main__        - Batches done: 100/147 | Loss: 12.849104 | Accuracy: 0.843906 | AvgFscore: 0.782999
2019-10-06 23:38:20,030 INFO  __main__        - Batches done: 110/147 | Loss: 12.805418 | Accuracy: 0.843892 | AvgFscore: 0.785013
2019-10-06 23:38:24,505 INFO  __main__        - Batches done: 120/147 | Loss: 12.922897 | Accuracy: 0.842187 | AvgFscore: 0.783051
2019-10-06 23:38:28,978 INFO  __main__        - Batches done: 130/147 | Loss: 12.982176 | Accuracy: 0.841466 | AvgFscore: 0.781655
2019-10-06 23:38:33,434 INFO  __main__        - Batches done: 140/147 | Loss: 12.720098 | Accuracy: 0.843973 | AvgFscore: 0.784312
2019-10-06 23:39:14,743 INFO  __main__        - Epochs done: 3/21 | Loss: 17.442784 | Accuracy: 0.793758 | AvgFscore: 0.407986
2019-10-06 23:39:15,095 INFO  __main__        - Epoch: 4
2019-10-06 23:39:21,357 INFO  __main__        - Batches done: 10/147 | Loss: 11.158976 | Accuracy: 0.864062 | AvgFscore: 0.826341
2019-10-06 23:39:25,822 INFO  __main__        - Batches done: 20/147 | Loss: 10.540036 | Accuracy: 0.867969 | AvgFscore: 0.829823
2019-10-06 23:39:30,295 INFO  __main__        - Batches done: 30/147 | Loss: 10.577995 | Accuracy: 0.869792 | AvgFscore: 0.829047
2019-10-06 23:39:34,761 INFO  __main__        - Batches done: 40/147 | Loss: 10.301766 | Accuracy: 0.869141 | AvgFscore: 0.827656
2019-10-06 23:39:39,231 INFO  __main__        - Batches done: 50/147 | Loss: 10.161436 | Accuracy: 0.871250 | AvgFscore: 0.829660
2019-10-06 23:39:43,701 INFO  __main__        - Batches done: 60/147 | Loss: 9.949520 | Accuracy: 0.870833 | AvgFscore: 0.830991
2019-10-06 23:39:48,172 INFO  __main__        - Batches done: 70/147 | Loss: 9.755198 | Accuracy: 0.874554 | AvgFscore: 0.830773
2019-10-06 23:39:52,648 INFO  __main__        - Batches done: 80/147 | Loss: 9.839395 | Accuracy: 0.871484 | AvgFscore: 0.826365
2019-10-06 23:39:57,118 INFO  __main__        - Batches done: 90/147 | Loss: 9.883237 | Accuracy: 0.872917 | AvgFscore: 0.829355
2019-10-06 23:40:01,591 INFO  __main__        - Batches done: 100/147 | Loss: 9.805694 | Accuracy: 0.874687 | AvgFscore: 0.829256
2019-10-06 23:40:06,062 INFO  __main__        - Batches done: 110/147 | Loss: 9.733913 | Accuracy: 0.876136 | AvgFscore: 0.831441
2019-10-06 23:40:10,533 INFO  __main__        - Batches done: 120/147 | Loss: 9.778306 | Accuracy: 0.875781 | AvgFscore: 0.830256
2019-10-06 23:40:15,000 INFO  __main__        - Batches done: 130/147 | Loss: 9.701476 | Accuracy: 0.876082 | AvgFscore: 0.830557
2019-10-06 23:40:19,458 INFO  __main__        - Batches done: 140/147 | Loss: 9.673486 | Accuracy: 0.875335 | AvgFscore: 0.829828
2019-10-06 23:41:00,752 INFO  __main__        - Epochs done: 4/21 | Loss: 15.862637 | Accuracy: 0.802303 | AvgFscore: 0.473632
2019-10-06 23:41:01,096 INFO  __main__        - Epoch: 5
2019-10-06 23:41:07,298 INFO  __main__        - Batches done: 10/147 | Loss: 11.630540 | Accuracy: 0.851562 | AvgFscore: 0.822833
2019-10-06 23:41:11,764 INFO  __main__        - Batches done: 20/147 | Loss: 10.039950 | Accuracy: 0.860938 | AvgFscore: 0.823385
2019-10-06 23:41:16,235 INFO  __main__        - Batches done: 30/147 | Loss: 9.331050 | Accuracy: 0.866667 | AvgFscore: 0.825767
2019-10-06 23:41:20,706 INFO  __main__        - Batches done: 40/147 | Loss: 9.039648 | Accuracy: 0.871094 | AvgFscore: 0.829700
2019-10-06 23:41:25,176 INFO  __main__        - Batches done: 50/147 | Loss: 9.049116 | Accuracy: 0.873125 | AvgFscore: 0.831575
2019-10-06 23:41:29,648 INFO  __main__        - Batches done: 60/147 | Loss: 8.889994 | Accuracy: 0.876302 | AvgFscore: 0.834847
2019-10-06 23:41:34,120 INFO  __main__        - Batches done: 70/147 | Loss: 8.974842 | Accuracy: 0.877455 | AvgFscore: 0.835936
2019-10-06 23:41:38,591 INFO  __main__        - Batches done: 80/147 | Loss: 9.112487 | Accuracy: 0.875195 | AvgFscore: 0.831722
2019-10-06 23:41:43,063 INFO  __main__        - Batches done: 90/147 | Loss: 9.012994 | Accuracy: 0.877257 | AvgFscore: 0.829924
2019-10-06 23:41:47,533 INFO  __main__        - Batches done: 100/147 | Loss: 8.979790 | Accuracy: 0.878281 | AvgFscore: 0.830954
2019-10-06 23:41:52,006 INFO  __main__        - Batches done: 110/147 | Loss: 8.970529 | Accuracy: 0.878125 | AvgFscore: 0.830716
2019-10-06 23:41:56,476 INFO  __main__        - Batches done: 120/147 | Loss: 8.883867 | Accuracy: 0.880729 | AvgFscore: 0.833162
2019-10-06 23:42:00,944 INFO  __main__        - Batches done: 130/147 | Loss: 8.820273 | Accuracy: 0.881130 | AvgFscore: 0.832585
2019-10-06 23:42:05,397 INFO  __main__        - Batches done: 140/147 | Loss: 8.774177 | Accuracy: 0.882812 | AvgFscore: 0.834659
2019-10-06 23:42:46,764 INFO  __main__        - Epochs done: 5/21 | Loss: 15.778257 | Accuracy: 0.803251 | AvgFscore: 0.482914
2019-10-06 23:42:47,116 INFO  __main__        - Epoch: 6
2019-10-06 23:42:53,297 INFO  __main__        - Batches done: 10/147 | Loss: 8.026901 | Accuracy: 0.884375 | AvgFscore: 0.830717
2019-10-06 23:42:57,763 INFO  __main__        - Batches done: 20/147 | Loss: 8.541732 | Accuracy: 0.881250 | AvgFscore: 0.824160
2019-10-06 23:43:02,247 INFO  __main__        - Batches done: 30/147 | Loss: 8.037375 | Accuracy: 0.889583 | AvgFscore: 0.839781
2019-10-06 23:43:06,720 INFO  __main__        - Batches done: 40/147 | Loss: 8.169842 | Accuracy: 0.889844 | AvgFscore: 0.842726
2019-10-06 23:43:11,192 INFO  __main__        - Batches done: 50/147 | Loss: 8.430383 | Accuracy: 0.884375 | AvgFscore: 0.839058
2019-10-06 23:43:15,661 INFO  __main__        - Batches done: 60/147 | Loss: 8.408764 | Accuracy: 0.884375 | AvgFscore: 0.836928
2019-10-06 23:43:20,133 INFO  __main__        - Batches done: 70/147 | Loss: 8.509668 | Accuracy: 0.885045 | AvgFscore: 0.840697
2019-10-06 23:43:24,604 INFO  __main__        - Batches done: 80/147 | Loss: 8.731883 | Accuracy: 0.880664 | AvgFscore: 0.834884
2019-10-06 23:43:29,079 INFO  __main__        - Batches done: 90/147 | Loss: 8.863194 | Accuracy: 0.879687 | AvgFscore: 0.833488
2019-10-06 23:43:33,552 INFO  __main__        - Batches done: 100/147 | Loss: 8.991714 | Accuracy: 0.877656 | AvgFscore: 0.829991
2019-10-06 23:43:38,024 INFO  __main__        - Batches done: 110/147 | Loss: 9.054184 | Accuracy: 0.877699 | AvgFscore: 0.829118
2019-10-06 23:43:42,493 INFO  __main__        - Batches done: 120/147 | Loss: 9.115317 | Accuracy: 0.876563 | AvgFscore: 0.828806
2019-10-06 23:43:46,965 INFO  __main__        - Batches done: 130/147 | Loss: 9.091592 | Accuracy: 0.876803 | AvgFscore: 0.827448
2019-10-06 23:43:51,418 INFO  __main__        - Batches done: 140/147 | Loss: 8.980245 | Accuracy: 0.878013 | AvgFscore: 0.830026
2019-10-06 23:44:32,830 INFO  __main__        - Epochs done: 6/21 | Loss: 17.061781 | Accuracy: 0.802734 | AvgFscore: 0.433643
2019-10-06 23:44:33,178 INFO  __main__        - Epoch: 7
2019-10-06 23:44:39,358 INFO  __main__        - Batches done: 10/147 | Loss: 9.651111 | Accuracy: 0.884375 | AvgFscore: 0.833617
2019-10-06 23:44:43,825 INFO  __main__        - Batches done: 20/147 | Loss: 8.450744 | Accuracy: 0.891406 | AvgFscore: 0.844767
2019-10-06 23:44:48,303 INFO  __main__        - Batches done: 30/147 | Loss: 8.291167 | Accuracy: 0.892188 | AvgFscore: 0.846723
2019-10-06 23:44:52,773 INFO  __main__        - Batches done: 40/147 | Loss: 8.476555 | Accuracy: 0.887109 | AvgFscore: 0.844533
2019-10-06 23:44:57,242 INFO  __main__        - Batches done: 50/147 | Loss: 8.853263 | Accuracy: 0.884375 | AvgFscore: 0.834973
2019-10-06 23:45:01,717 INFO  __main__        - Batches done: 60/147 | Loss: 9.244329 | Accuracy: 0.878125 | AvgFscore: 0.824486
2019-10-06 23:45:06,190 INFO  __main__        - Batches done: 70/147 | Loss: 9.438745 | Accuracy: 0.875670 | AvgFscore: 0.819594
2019-10-06 23:45:10,664 INFO  __main__        - Batches done: 80/147 | Loss: 9.853533 | Accuracy: 0.869727 | AvgFscore: 0.811004
2019-10-06 23:45:15,134 INFO  __main__        - Batches done: 90/147 | Loss: 10.096422 | Accuracy: 0.865625 | AvgFscore: 0.807302
2019-10-06 23:45:19,604 INFO  __main__        - Batches done: 100/147 | Loss: 10.103780 | Accuracy: 0.864844 | AvgFscore: 0.805877
2019-10-06 23:45:24,076 INFO  __main__        - Batches done: 110/147 | Loss: 10.170806 | Accuracy: 0.863778 | AvgFscore: 0.804453
2019-10-06 23:45:28,548 INFO  __main__        - Batches done: 120/147 | Loss: 10.239989 | Accuracy: 0.863802 | AvgFscore: 0.804878
2019-10-06 23:45:33,017 INFO  __main__        - Batches done: 130/147 | Loss: 10.329888 | Accuracy: 0.862380 | AvgFscore: 0.804252
2019-10-06 23:45:37,473 INFO  __main__        - Batches done: 140/147 | Loss: 10.386122 | Accuracy: 0.861607 | AvgFscore: 0.803006
2019-10-06 23:46:18,836 INFO  __main__        - Epochs done: 7/21 | Loss: 18.720033 | Accuracy: 0.788755 | AvgFscore: 0.395307
2019-10-06 23:46:19,177 INFO  __main__        - Epoch: 8
2019-10-06 23:46:25,358 INFO  __main__        - Batches done: 10/147 | Loss: 11.864181 | Accuracy: 0.862500 | AvgFscore: 0.798167
2019-10-06 23:46:29,824 INFO  __main__        - Batches done: 20/147 | Loss: 10.607149 | Accuracy: 0.867969 | AvgFscore: 0.816394
2019-10-06 23:46:34,290 INFO  __main__        - Batches done: 30/147 | Loss: 10.060843 | Accuracy: 0.866146 | AvgFscore: 0.822058
2019-10-06 23:46:38,758 INFO  __main__        - Batches done: 40/147 | Loss: 10.135921 | Accuracy: 0.864062 | AvgFscore: 0.809133
2019-10-06 23:46:43,229 INFO  __main__        - Batches done: 50/147 | Loss: 10.107168 | Accuracy: 0.863750 | AvgFscore: 0.809638
2019-10-06 23:46:47,699 INFO  __main__        - Batches done: 60/147 | Loss: 10.331887 | Accuracy: 0.862760 | AvgFscore: 0.808549
2019-10-06 23:46:52,164 INFO  __main__        - Batches done: 70/147 | Loss: 10.385525 | Accuracy: 0.861384 | AvgFscore: 0.805610
2019-10-06 23:46:56,634 INFO  __main__        - Batches done: 80/147 | Loss: 10.470371 | Accuracy: 0.862305 | AvgFscore: 0.806956
2019-10-06 23:47:01,110 INFO  __main__        - Batches done: 90/147 | Loss: 10.517636 | Accuracy: 0.860764 | AvgFscore: 0.804899
2019-10-06 23:47:05,577 INFO  __main__        - Batches done: 100/147 | Loss: 10.550743 | Accuracy: 0.861563 | AvgFscore: 0.804779
2019-10-06 23:47:10,046 INFO  __main__        - Batches done: 110/147 | Loss: 10.622146 | Accuracy: 0.860938 | AvgFscore: 0.803787
2019-10-06 23:47:14,515 INFO  __main__        - Batches done: 120/147 | Loss: 10.738042 | Accuracy: 0.858854 | AvgFscore: 0.803603
2019-10-06 23:47:18,980 INFO  __main__        - Batches done: 130/147 | Loss: 10.792353 | Accuracy: 0.857452 | AvgFscore: 0.803228
2019-10-06 23:47:23,434 INFO  __main__        - Batches done: 140/147 | Loss: 10.880884 | Accuracy: 0.857589 | AvgFscore: 0.803600
2019-10-06 23:48:05,944 INFO  __main__        - Epochs done: 8/21 | Loss: 18.045550 | Accuracy: 0.785397 | AvgFscore: 0.473584
2019-10-06 23:48:06,287 INFO  __main__        - Epoch: 9
2019-10-06 23:48:12,471 INFO  __main__        - Batches done: 10/147 | Loss: 11.562075 | Accuracy: 0.851562 | AvgFscore: 0.822335
2019-10-06 23:48:16,937 INFO  __main__        - Batches done: 20/147 | Loss: 10.733422 | Accuracy: 0.864062 | AvgFscore: 0.815607
2019-10-06 23:48:21,410 INFO  __main__        - Batches done: 30/147 | Loss: 10.606093 | Accuracy: 0.866146 | AvgFscore: 0.811595
2019-10-06 23:48:25,878 INFO  __main__        - Batches done: 40/147 | Loss: 10.316264 | Accuracy: 0.864453 | AvgFscore: 0.810098
2019-10-06 23:48:30,341 INFO  __main__        - Batches done: 50/147 | Loss: 10.292472 | Accuracy: 0.865313 | AvgFscore: 0.807211
2019-10-06 23:48:34,835 INFO  __main__        - Batches done: 60/147 | Loss: 10.165207 | Accuracy: 0.864844 | AvgFscore: 0.809612
2019-10-06 23:48:39,405 INFO  __main__        - Batches done: 70/147 | Loss: 10.174477 | Accuracy: 0.862723 | AvgFscore: 0.809514
2019-10-06 23:48:43,977 INFO  __main__        - Batches done: 80/147 | Loss: 10.027240 | Accuracy: 0.865039 | AvgFscore: 0.812479
2019-10-06 23:48:48,448 INFO  __main__        - Batches done: 90/147 | Loss: 9.919724 | Accuracy: 0.865451 | AvgFscore: 0.813222
2019-10-06 23:48:52,918 INFO  __main__        - Batches done: 100/147 | Loss: 9.889439 | Accuracy: 0.864531 | AvgFscore: 0.811821
2019-10-06 23:48:57,390 INFO  __main__        - Batches done: 110/147 | Loss: 9.936310 | Accuracy: 0.864631 | AvgFscore: 0.812504
2019-10-06 23:49:01,858 INFO  __main__        - Batches done: 120/147 | Loss: 9.816534 | Accuracy: 0.866276 | AvgFscore: 0.814851
2019-10-06 23:49:06,320 INFO  __main__        - Batches done: 130/147 | Loss: 9.688492 | Accuracy: 0.868510 | AvgFscore: 0.817868
2019-10-06 23:49:10,775 INFO  __main__        - Batches done: 140/147 | Loss: 9.794968 | Accuracy: 0.867411 | AvgFscore: 0.815788
2019-10-06 23:49:53,524 INFO  __main__        - Epochs done: 9/21 | Loss: 16.701296 | Accuracy: 0.798096 | AvgFscore: 0.486877
2019-10-06 23:49:53,866 INFO  __main__        - Epoch: 10
2019-10-06 23:50:00,078 INFO  __main__        - Batches done: 10/147 | Loss: 6.328686 | Accuracy: 0.898438 | AvgFscore: 0.895584
2019-10-06 23:50:04,677 INFO  __main__        - Batches done: 20/147 | Loss: 6.447120 | Accuracy: 0.896094 | AvgFscore: 0.881394
2019-10-06 23:50:09,189 INFO  __main__        - Batches done: 30/147 | Loss: 6.608653 | Accuracy: 0.900521 | AvgFscore: 0.877305
2019-10-06 23:50:13,741 INFO  __main__        - Batches done: 40/147 | Loss: 6.472836 | Accuracy: 0.905469 | AvgFscore: 0.885472
2019-10-06 23:50:18,318 INFO  __main__        - Batches done: 50/147 | Loss: 6.195726 | Accuracy: 0.910000 | AvgFscore: 0.888320
2019-10-06 23:50:22,883 INFO  __main__        - Batches done: 60/147 | Loss: 6.241333 | Accuracy: 0.908594 | AvgFscore: 0.883460
2019-10-06 23:50:27,379 INFO  __main__        - Batches done: 70/147 | Loss: 6.104128 | Accuracy: 0.910268 | AvgFscore: 0.883570
2019-10-06 23:50:31,865 INFO  __main__        - Batches done: 80/147 | Loss: 6.168308 | Accuracy: 0.909375 | AvgFscore: 0.878876
2019-10-06 23:50:36,355 INFO  __main__        - Batches done: 90/147 | Loss: 6.239256 | Accuracy: 0.909201 | AvgFscore: 0.878770
2019-10-06 23:50:40,848 INFO  __main__        - Batches done: 100/147 | Loss: 6.233477 | Accuracy: 0.910000 | AvgFscore: 0.878983
2019-10-06 23:50:45,334 INFO  __main__        - Batches done: 110/147 | Loss: 6.048693 | Accuracy: 0.911932 | AvgFscore: 0.880481
2019-10-06 23:50:49,817 INFO  __main__        - Batches done: 120/147 | Loss: 6.008821 | Accuracy: 0.912240 | AvgFscore: 0.879455
2019-10-06 23:50:54,441 INFO  __main__        - Batches done: 130/147 | Loss: 6.007585 | Accuracy: 0.911659 | AvgFscore: 0.880970
2019-10-06 23:50:58,991 INFO  __main__        - Batches done: 140/147 | Loss: 6.107606 | Accuracy: 0.908705 | AvgFscore: 0.878968
2019-10-06 23:51:41,315 INFO  __main__        - Epochs done: 10/21 | Loss: 16.575250 | Accuracy: 0.814004 | AvgFscore: 0.419370
2019-10-06 23:51:41,660 INFO  __main__        - Epoch: 11
2019-10-06 23:51:47,878 INFO  __main__        - Batches done: 10/147 | Loss: 4.790605 | Accuracy: 0.929688 | AvgFscore: 0.897472
2019-10-06 23:51:52,384 INFO  __main__        - Batches done: 20/147 | Loss: 4.342946 | Accuracy: 0.933594 | AvgFscore: 0.913947
2019-10-06 23:51:56,908 INFO  __main__        - Batches done: 30/147 | Loss: 4.484184 | Accuracy: 0.933854 | AvgFscore: 0.913535
2019-10-06 23:52:01,448 INFO  __main__        - Batches done: 40/147 | Loss: 4.350102 | Accuracy: 0.932422 | AvgFscore: 0.914164
2019-10-06 23:52:05,965 INFO  __main__        - Batches done: 50/147 | Loss: 4.417801 | Accuracy: 0.930937 | AvgFscore: 0.915071
2019-10-06 23:52:10,490 INFO  __main__        - Batches done: 60/147 | Loss: 4.373117 | Accuracy: 0.931510 | AvgFscore: 0.914967
2019-10-06 23:52:14,999 INFO  __main__        - Batches done: 70/147 | Loss: 4.335694 | Accuracy: 0.932813 | AvgFscore: 0.916683
2019-10-06 23:52:19,494 INFO  __main__        - Batches done: 80/147 | Loss: 4.288088 | Accuracy: 0.933398 | AvgFscore: 0.916643
2019-10-06 23:52:23,998 INFO  __main__        - Batches done: 90/147 | Loss: 4.410389 | Accuracy: 0.933507 | AvgFscore: 0.916799
2019-10-06 23:52:28,566 INFO  __main__        - Batches done: 100/147 | Loss: 4.271746 | Accuracy: 0.935156 | AvgFscore: 0.918261
2019-10-06 23:52:33,092 INFO  __main__        - Batches done: 110/147 | Loss: 4.276764 | Accuracy: 0.934091 | AvgFscore: 0.917486
2019-10-06 23:52:37,609 INFO  __main__        - Batches done: 120/147 | Loss: 4.217758 | Accuracy: 0.935417 | AvgFscore: 0.918316
2019-10-06 23:52:42,108 INFO  __main__        - Batches done: 130/147 | Loss: 4.213968 | Accuracy: 0.935216 | AvgFscore: 0.918238
2019-10-06 23:52:46,590 INFO  __main__        - Batches done: 140/147 | Loss: 4.235008 | Accuracy: 0.934152 | AvgFscore: 0.916165
2019-10-06 23:53:28,948 INFO  __main__        - Epochs done: 11/21 | Loss: 15.252811 | Accuracy: 0.831291 | AvgFscore: 0.519707
2019-10-06 23:53:28,948 INFO  __main__        - Saving..
2019-10-06 23:53:29,481 INFO  __main__        - Epoch: 12
2019-10-06 23:53:35,992 INFO  __main__        - Batches done: 10/147 | Loss: 3.013650 | Accuracy: 0.954688 | AvgFscore: 0.943748
2019-10-06 23:53:40,614 INFO  __main__        - Batches done: 20/147 | Loss: 3.154406 | Accuracy: 0.953906 | AvgFscore: 0.938488
2019-10-06 23:53:45,132 INFO  __main__        - Batches done: 30/147 | Loss: 3.210835 | Accuracy: 0.951562 | AvgFscore: 0.935491
2019-10-06 23:53:49,973 INFO  __main__        - Batches done: 40/147 | Loss: 3.250828 | Accuracy: 0.950000 | AvgFscore: 0.935463
2019-10-06 23:53:54,735 INFO  __main__        - Batches done: 50/147 | Loss: 3.201538 | Accuracy: 0.950000 | AvgFscore: 0.935174
2019-10-06 23:53:59,268 INFO  __main__        - Batches done: 60/147 | Loss: 3.105893 | Accuracy: 0.950781 | AvgFscore: 0.935991
2019-10-06 23:54:03,804 INFO  __main__        - Batches done: 70/147 | Loss: 3.097413 | Accuracy: 0.949777 | AvgFscore: 0.935025
2019-10-06 23:54:08,470 INFO  __main__        - Batches done: 80/147 | Loss: 3.027319 | Accuracy: 0.950977 | AvgFscore: 0.936101
2019-10-06 23:54:13,135 INFO  __main__        - Batches done: 90/147 | Loss: 2.946684 | Accuracy: 0.952083 | AvgFscore: 0.937645
2019-10-06 23:54:17,684 INFO  __main__        - Batches done: 100/147 | Loss: 2.920706 | Accuracy: 0.951875 | AvgFscore: 0.937881
2019-10-06 23:54:22,257 INFO  __main__        - Batches done: 110/147 | Loss: 2.911553 | Accuracy: 0.951705 | AvgFscore: 0.936804
2019-10-06 23:54:26,935 INFO  __main__        - Batches done: 120/147 | Loss: 2.953452 | Accuracy: 0.949740 | AvgFscore: 0.935597
2019-10-06 23:54:31,472 INFO  __main__        - Batches done: 130/147 | Loss: 2.947092 | Accuracy: 0.950481 | AvgFscore: 0.936878
2019-10-06 23:54:36,149 INFO  __main__        - Batches done: 140/147 | Loss: 2.911838 | Accuracy: 0.950893 | AvgFscore: 0.938083
2019-10-06 23:55:18,360 INFO  __main__        - Epochs done: 12/21 | Loss: 15.098434 | Accuracy: 0.832289 | AvgFscore: 0.479571
2019-10-06 23:55:18,703 INFO  __main__        - Epoch: 13
2019-10-06 23:55:25,070 INFO  __main__        - Batches done: 10/147 | Loss: 2.044843 | Accuracy: 0.964063 | AvgFscore: 0.946991
2019-10-06 23:55:29,622 INFO  __main__        - Batches done: 20/147 | Loss: 2.225774 | Accuracy: 0.960156 | AvgFscore: 0.947775
2019-10-06 23:55:34,105 INFO  __main__        - Batches done: 30/147 | Loss: 2.481827 | Accuracy: 0.958854 | AvgFscore: 0.947300
2019-10-06 23:55:38,665 INFO  __main__        - Batches done: 40/147 | Loss: 2.480815 | Accuracy: 0.957812 | AvgFscore: 0.948027
2019-10-06 23:55:43,285 INFO  __main__        - Batches done: 50/147 | Loss: 2.398659 | Accuracy: 0.958750 | AvgFscore: 0.949607
2019-10-06 23:55:47,913 INFO  __main__        - Batches done: 60/147 | Loss: 2.424230 | Accuracy: 0.957812 | AvgFscore: 0.949044
2019-10-06 23:55:52,439 INFO  __main__        - Batches done: 70/147 | Loss: 2.385962 | Accuracy: 0.959152 | AvgFscore: 0.950662
2019-10-06 23:55:56,973 INFO  __main__        - Batches done: 80/147 | Loss: 2.380095 | Accuracy: 0.958984 | AvgFscore: 0.950887
2019-10-06 23:56:01,463 INFO  __main__        - Batches done: 90/147 | Loss: 2.366381 | Accuracy: 0.959549 | AvgFscore: 0.950626
2019-10-06 23:56:05,983 INFO  __main__        - Batches done: 100/147 | Loss: 2.428259 | Accuracy: 0.958594 | AvgFscore: 0.949930
2019-10-06 23:56:10,669 INFO  __main__        - Batches done: 110/147 | Loss: 2.389356 | Accuracy: 0.959233 | AvgFscore: 0.949655
2019-10-06 23:56:15,258 INFO  __main__        - Batches done: 120/147 | Loss: 2.433054 | Accuracy: 0.958724 | AvgFscore: 0.948475
2019-10-06 23:56:19,858 INFO  __main__        - Batches done: 130/147 | Loss: 2.448771 | Accuracy: 0.958774 | AvgFscore: 0.948357
2019-10-06 23:56:24,322 INFO  __main__        - Batches done: 140/147 | Loss: 2.429499 | Accuracy: 0.959152 | AvgFscore: 0.949250
2019-10-06 23:57:07,473 INFO  __main__        - Epochs done: 13/21 | Loss: 15.377460 | Accuracy: 0.829596 | AvgFscore: 0.492640
2019-10-06 23:57:07,828 INFO  __main__        - Epoch: 14
2019-10-06 23:57:14,104 INFO  __main__        - Batches done: 10/147 | Loss: 2.280757 | Accuracy: 0.957812 | AvgFscore: 0.959765
2019-10-06 23:57:18,789 INFO  __main__        - Batches done: 20/147 | Loss: 2.176196 | Accuracy: 0.964063 | AvgFscore: 0.961166
2019-10-06 23:57:23,560 INFO  __main__        - Batches done: 30/147 | Loss: 2.163506 | Accuracy: 0.968229 | AvgFscore: 0.966170
2019-10-06 23:57:28,099 INFO  __main__        - Batches done: 40/147 | Loss: 2.295241 | Accuracy: 0.965625 | AvgFscore: 0.961636
2019-10-06 23:57:32,621 INFO  __main__        - Batches done: 50/147 | Loss: 2.230605 | Accuracy: 0.966250 | AvgFscore: 0.963133
2019-10-06 23:57:37,127 INFO  __main__        - Batches done: 60/147 | Loss: 2.319696 | Accuracy: 0.962760 | AvgFscore: 0.957848
2019-10-06 23:57:41,648 INFO  __main__        - Batches done: 70/147 | Loss: 2.285314 | Accuracy: 0.963170 | AvgFscore: 0.957912
2019-10-06 23:57:46,174 INFO  __main__        - Batches done: 80/147 | Loss: 2.309907 | Accuracy: 0.963086 | AvgFscore: 0.957285
2019-10-06 23:57:50,703 INFO  __main__        - Batches done: 90/147 | Loss: 2.338514 | Accuracy: 0.963368 | AvgFscore: 0.958396
2019-10-06 23:57:55,220 INFO  __main__        - Batches done: 100/147 | Loss: 2.298987 | Accuracy: 0.963281 | AvgFscore: 0.956337
2019-10-06 23:57:59,756 INFO  __main__        - Batches done: 110/147 | Loss: 2.290204 | Accuracy: 0.963210 | AvgFscore: 0.956801
2019-10-06 23:58:04,288 INFO  __main__        - Batches done: 120/147 | Loss: 2.332486 | Accuracy: 0.962760 | AvgFscore: 0.955334
2019-10-06 23:58:08,865 INFO  __main__        - Batches done: 130/147 | Loss: 2.350515 | Accuracy: 0.962500 | AvgFscore: 0.953912
2019-10-06 23:58:13,442 INFO  __main__        - Batches done: 140/147 | Loss: 2.430641 | Accuracy: 0.960826 | AvgFscore: 0.952726
2019-10-06 23:58:55,733 INFO  __main__        - Epochs done: 14/21 | Loss: 16.585894 | Accuracy: 0.826272 | AvgFscore: 0.482281
2019-10-06 23:58:56,086 INFO  __main__        - Epoch: 15
2019-10-06 23:59:02,325 INFO  __main__        - Batches done: 10/147 | Loss: 2.666084 | Accuracy: 0.964063 | AvgFscore: 0.939689
2019-10-06 23:59:06,858 INFO  __main__        - Batches done: 20/147 | Loss: 2.631762 | Accuracy: 0.962500 | AvgFscore: 0.940867
2019-10-06 23:59:11,381 INFO  __main__        - Batches done: 30/147 | Loss: 2.762535 | Accuracy: 0.958854 | AvgFscore: 0.938440
2019-10-06 23:59:15,907 INFO  __main__        - Batches done: 40/147 | Loss: 2.587575 | Accuracy: 0.959375 | AvgFscore: 0.945172
2019-10-06 23:59:20,451 INFO  __main__        - Batches done: 50/147 | Loss: 2.632386 | Accuracy: 0.958125 | AvgFscore: 0.942322
2019-10-06 23:59:24,999 INFO  __main__        - Batches done: 60/147 | Loss: 2.599838 | Accuracy: 0.957031 | AvgFscore: 0.941782
2019-10-06 23:59:29,536 INFO  __main__        - Batches done: 70/147 | Loss: 2.552945 | Accuracy: 0.958705 | AvgFscore: 0.944243
2019-10-06 23:59:34,059 INFO  __main__        - Batches done: 80/147 | Loss: 2.490106 | Accuracy: 0.959375 | AvgFscore: 0.945138
2019-10-06 23:59:38,714 INFO  __main__        - Batches done: 90/147 | Loss: 2.498173 | Accuracy: 0.959201 | AvgFscore: 0.945206
2019-10-06 23:59:43,375 INFO  __main__        - Batches done: 100/147 | Loss: 2.594575 | Accuracy: 0.957344 | AvgFscore: 0.944915
2019-10-06 23:59:47,880 INFO  __main__        - Batches done: 110/147 | Loss: 2.620619 | Accuracy: 0.955966 | AvgFscore: 0.942267
2019-10-06 23:59:52,407 INFO  __main__        - Batches done: 120/147 | Loss: 2.757723 | Accuracy: 0.954167 | AvgFscore: 0.941343
2019-10-06 23:59:56,943 INFO  __main__        - Batches done: 130/147 | Loss: 2.759389 | Accuracy: 0.954808 | AvgFscore: 0.941751
2019-10-07 00:00:01,456 INFO  __main__        - Batches done: 140/147 | Loss: 2.916158 | Accuracy: 0.952232 | AvgFscore: 0.938205
2019-10-07 00:00:44,565 INFO  __main__        - Epochs done: 15/21 | Loss: 17.851124 | Accuracy: 0.806407 | AvgFscore: 0.447462
2019-10-07 00:00:44,916 INFO  __main__        - Epoch: 16
2019-10-07 00:00:51,252 INFO  __main__        - Batches done: 10/147 | Loss: 4.248328 | Accuracy: 0.937500 | AvgFscore: 0.932555
2019-10-07 00:00:55,884 INFO  __main__        - Batches done: 20/147 | Loss: 3.603916 | Accuracy: 0.946094 | AvgFscore: 0.935445
2019-10-07 00:01:00,416 INFO  __main__        - Batches done: 30/147 | Loss: 3.639455 | Accuracy: 0.944271 | AvgFscore: 0.927935
2019-10-07 00:01:05,034 INFO  __main__        - Batches done: 40/147 | Loss: 3.726566 | Accuracy: 0.940625 | AvgFscore: 0.926242
2019-10-07 00:01:09,751 INFO  __main__        - Batches done: 50/147 | Loss: 3.615279 | Accuracy: 0.942187 | AvgFscore: 0.926498
2019-10-07 00:01:14,265 INFO  __main__        - Batches done: 60/147 | Loss: 3.693348 | Accuracy: 0.941146 | AvgFscore: 0.923374
2019-10-07 00:01:18,777 INFO  __main__        - Batches done: 70/147 | Loss: 3.919672 | Accuracy: 0.937277 | AvgFscore: 0.919039
2019-10-07 00:01:23,348 INFO  __main__        - Batches done: 80/147 | Loss: 4.124225 | Accuracy: 0.933398 | AvgFscore: 0.914534
2019-10-07 00:01:27,882 INFO  __main__        - Batches done: 90/147 | Loss: 4.275196 | Accuracy: 0.929688 | AvgFscore: 0.907313
2019-10-07 00:01:32,379 INFO  __main__        - Batches done: 100/147 | Loss: 4.539486 | Accuracy: 0.926562 | AvgFscore: 0.903583
2019-10-07 00:01:36,929 INFO  __main__        - Batches done: 110/147 | Loss: 4.668355 | Accuracy: 0.924858 | AvgFscore: 0.901736
2019-10-07 00:01:41,488 INFO  __main__        - Batches done: 120/147 | Loss: 4.770260 | Accuracy: 0.923698 | AvgFscore: 0.899687
2019-10-07 00:01:45,994 INFO  __main__        - Batches done: 130/147 | Loss: 4.786365 | Accuracy: 0.923798 | AvgFscore: 0.898753
2019-10-07 00:01:50,489 INFO  __main__        - Batches done: 140/147 | Loss: 4.934410 | Accuracy: 0.922656 | AvgFscore: 0.897485
2019-10-07 00:02:33,319 INFO  __main__        - Epochs done: 16/21 | Loss: 20.405500 | Accuracy: 0.798597 | AvgFscore: 0.449253
2019-10-07 00:02:33,664 INFO  __main__        - Epoch: 17
2019-10-07 00:02:39,933 INFO  __main__        - Batches done: 10/147 | Loss: 6.639445 | Accuracy: 0.910937 | AvgFscore: 0.871878
2019-10-07 00:02:44,467 INFO  __main__        - Batches done: 20/147 | Loss: 6.468867 | Accuracy: 0.907813 | AvgFscore: 0.872008
2019-10-07 00:02:48,977 INFO  __main__        - Batches done: 30/147 | Loss: 6.138424 | Accuracy: 0.913021 | AvgFscore: 0.879231
2019-10-07 00:02:53,492 INFO  __main__        - Batches done: 40/147 | Loss: 6.366668 | Accuracy: 0.909766 | AvgFscore: 0.875064
2019-10-07 00:02:58,009 INFO  __main__        - Batches done: 50/147 | Loss: 6.292222 | Accuracy: 0.910000 | AvgFscore: 0.874668
2019-10-07 00:03:02,672 INFO  __main__        - Batches done: 60/147 | Loss: 6.197083 | Accuracy: 0.910417 | AvgFscore: 0.878221
2019-10-07 00:03:07,157 INFO  __main__        - Batches done: 70/147 | Loss: 6.093829 | Accuracy: 0.910491 | AvgFscore: 0.881430
2019-10-07 00:03:11,766 INFO  __main__        - Batches done: 80/147 | Loss: 6.086526 | Accuracy: 0.910352 | AvgFscore: 0.881361
2019-10-07 00:03:16,262 INFO  __main__        - Batches done: 90/147 | Loss: 6.092751 | Accuracy: 0.910069 | AvgFscore: 0.881915
2019-10-07 00:03:20,775 INFO  __main__        - Batches done: 100/147 | Loss: 6.063592 | Accuracy: 0.910312 | AvgFscore: 0.880274
2019-10-07 00:03:25,285 INFO  __main__        - Batches done: 110/147 | Loss: 6.187660 | Accuracy: 0.908665 | AvgFscore: 0.878360
2019-10-07 00:03:29,765 INFO  __main__        - Batches done: 120/147 | Loss: 6.180032 | Accuracy: 0.908464 | AvgFscore: 0.877636
2019-10-07 00:03:34,262 INFO  __main__        - Batches done: 130/147 | Loss: 6.165352 | Accuracy: 0.908894 | AvgFscore: 0.877322
2019-10-07 00:03:38,988 INFO  __main__        - Batches done: 140/147 | Loss: 6.226911 | Accuracy: 0.907701 | AvgFscore: 0.875448
2019-10-07 00:04:21,235 INFO  __main__        - Epochs done: 17/21 | Loss: 18.012929 | Accuracy: 0.798412 | AvgFscore: 0.470538
2019-10-07 00:04:21,588 INFO  __main__        - Epoch: 18
2019-10-07 00:04:27,859 INFO  __main__        - Batches done: 10/147 | Loss: 5.231504 | Accuracy: 0.910937 | AvgFscore: 0.896267
2019-10-07 00:04:32,365 INFO  __main__        - Batches done: 20/147 | Loss: 5.181371 | Accuracy: 0.917969 | AvgFscore: 0.895734
2019-10-07 00:04:36,884 INFO  __main__        - Batches done: 30/147 | Loss: 4.750982 | Accuracy: 0.926562 | AvgFscore: 0.907080
2019-10-07 00:04:41,411 INFO  __main__        - Batches done: 40/147 | Loss: 4.603094 | Accuracy: 0.927344 | AvgFscore: 0.905147
2019-10-07 00:04:45,915 INFO  __main__        - Batches done: 50/147 | Loss: 4.457560 | Accuracy: 0.930312 | AvgFscore: 0.910669
2019-10-07 00:04:50,409 INFO  __main__        - Batches done: 60/147 | Loss: 4.510804 | Accuracy: 0.928906 | AvgFscore: 0.909000
2019-10-07 00:04:54,927 INFO  __main__        - Batches done: 70/147 | Loss: 4.368005 | Accuracy: 0.930134 | AvgFscore: 0.909970
2019-10-07 00:04:59,450 INFO  __main__        - Batches done: 80/147 | Loss: 4.428776 | Accuracy: 0.930078 | AvgFscore: 0.910764
2019-10-07 00:05:03,981 INFO  __main__        - Batches done: 90/147 | Loss: 4.356024 | Accuracy: 0.930382 | AvgFscore: 0.910713
2019-10-07 00:05:08,519 INFO  __main__        - Batches done: 100/147 | Loss: 4.320375 | Accuracy: 0.930156 | AvgFscore: 0.911038
2019-10-07 00:05:13,046 INFO  __main__        - Batches done: 110/147 | Loss: 4.258483 | Accuracy: 0.931818 | AvgFscore: 0.913174
2019-10-07 00:05:17,576 INFO  __main__        - Batches done: 120/147 | Loss: 4.196144 | Accuracy: 0.932161 | AvgFscore: 0.912765
2019-10-07 00:05:22,112 INFO  __main__        - Batches done: 130/147 | Loss: 4.144343 | Accuracy: 0.931971 | AvgFscore: 0.913779
2019-10-07 00:05:26,641 INFO  __main__        - Batches done: 140/147 | Loss: 4.025214 | Accuracy: 0.933929 | AvgFscore: 0.916730
2019-10-07 00:06:08,786 INFO  __main__        - Epochs done: 18/21 | Loss: 17.856675 | Accuracy: 0.804096 | AvgFscore: 0.445241
2019-10-07 00:06:09,200 INFO  __main__        - Epoch: 19
2019-10-07 00:06:15,491 INFO  __main__        - Batches done: 10/147 | Loss: 3.247036 | Accuracy: 0.954688 | AvgFscore: 0.935425
2019-10-07 00:06:20,053 INFO  __main__        - Batches done: 20/147 | Loss: 2.674641 | Accuracy: 0.957812 | AvgFscore: 0.945448
2019-10-07 00:06:24,589 INFO  __main__        - Batches done: 30/147 | Loss: 2.709619 | Accuracy: 0.953646 | AvgFscore: 0.940338
2019-10-07 00:06:29,110 INFO  __main__        - Batches done: 40/147 | Loss: 2.796839 | Accuracy: 0.954297 | AvgFscore: 0.941732
2019-10-07 00:06:33,634 INFO  __main__        - Batches done: 50/147 | Loss: 2.973784 | Accuracy: 0.953125 | AvgFscore: 0.941407
2019-10-07 00:06:38,153 INFO  __main__        - Batches done: 60/147 | Loss: 2.880906 | Accuracy: 0.953125 | AvgFscore: 0.941762
2019-10-07 00:06:42,675 INFO  __main__        - Batches done: 70/147 | Loss: 2.780977 | Accuracy: 0.954464 | AvgFscore: 0.943031
2019-10-07 00:06:47,214 INFO  __main__        - Batches done: 80/147 | Loss: 2.887981 | Accuracy: 0.953711 | AvgFscore: 0.941241
2019-10-07 00:06:51,737 INFO  __main__        - Batches done: 90/147 | Loss: 2.880120 | Accuracy: 0.954688 | AvgFscore: 0.942381
2019-10-07 00:06:56,266 INFO  __main__        - Batches done: 100/147 | Loss: 2.777762 | Accuracy: 0.955937 | AvgFscore: 0.942727
2019-10-07 00:07:00,786 INFO  __main__        - Batches done: 110/147 | Loss: 2.703630 | Accuracy: 0.956392 | AvgFscore: 0.944141
2019-10-07 00:07:05,299 INFO  __main__        - Batches done: 120/147 | Loss: 2.654702 | Accuracy: 0.956771 | AvgFscore: 0.945384
2019-10-07 00:07:09,805 INFO  __main__        - Batches done: 130/147 | Loss: 2.581971 | Accuracy: 0.958053 | AvgFscore: 0.946746
2019-10-07 00:07:14,308 INFO  __main__        - Batches done: 140/147 | Loss: 2.537754 | Accuracy: 0.958259 | AvgFscore: 0.947048
2019-10-07 00:07:56,507 INFO  __main__        - Epochs done: 19/21 | Loss: 15.542721 | Accuracy: 0.835346 | AvgFscore: 0.497067
2019-10-07 00:07:56,856 INFO  __main__        - Epoch: 20
2019-10-07 00:08:03,197 INFO  __main__        - Batches done: 10/147 | Loss: 1.852935 | Accuracy: 0.957812 | AvgFscore: 0.924807
2019-10-07 00:08:07,687 INFO  __main__        - Batches done: 20/147 | Loss: 1.817482 | Accuracy: 0.966406 | AvgFscore: 0.946935
2019-10-07 00:08:12,490 INFO  __main__        - Batches done: 30/147 | Loss: 1.774815 | Accuracy: 0.969271 | AvgFscore: 0.954107
2019-10-07 00:08:17,068 INFO  __main__        - Batches done: 40/147 | Loss: 1.679915 | Accuracy: 0.971094 | AvgFscore: 0.958072
2019-10-07 00:08:21,803 INFO  __main__        - Batches done: 50/147 | Loss: 1.541246 | Accuracy: 0.974063 | AvgFscore: 0.964264
2019-10-07 00:08:26,300 INFO  __main__        - Batches done: 60/147 | Loss: 1.501956 | Accuracy: 0.974740 | AvgFscore: 0.966224
2019-10-07 00:08:30,783 INFO  __main__        - Batches done: 70/147 | Loss: 1.521047 | Accuracy: 0.973884 | AvgFscore: 0.965400
2019-10-07 00:08:35,267 INFO  __main__        - Batches done: 80/147 | Loss: 1.511579 | Accuracy: 0.975000 | AvgFscore: 0.966232
2019-10-07 00:08:39,813 INFO  __main__        - Batches done: 90/147 | Loss: 1.474509 | Accuracy: 0.975694 | AvgFscore: 0.967579
2019-10-07 00:08:44,419 INFO  __main__        - Batches done: 100/147 | Loss: 1.457623 | Accuracy: 0.976250 | AvgFscore: 0.967308
2019-10-07 00:08:48,985 INFO  __main__        - Batches done: 110/147 | Loss: 1.433829 | Accuracy: 0.976705 | AvgFscore: 0.968249
2019-10-07 00:08:53,536 INFO  __main__        - Batches done: 120/147 | Loss: 1.414862 | Accuracy: 0.976562 | AvgFscore: 0.968623
2019-10-07 00:08:58,025 INFO  __main__        - Batches done: 130/147 | Loss: 1.411841 | Accuracy: 0.975841 | AvgFscore: 0.967639
2019-10-07 00:09:02,597 INFO  __main__        - Batches done: 140/147 | Loss: 1.412939 | Accuracy: 0.975558 | AvgFscore: 0.966726
2019-10-07 00:09:44,554 INFO  __main__        - Epochs done: 20/21 | Loss: 15.961156 | Accuracy: 0.842295 | AvgFscore: 0.489121
