2019-10-05 23:58:02,699 INFO  __main__        - Log file is experiments/resnet18_v1/log.log
2019-10-05 23:58:02,700 INFO  __main__        - Data Processing...
2019-10-05 23:58:05,747 INFO  __main__        - Epoch: 1
2019-10-05 23:58:09,143 INFO  __main__        - Batches done: 10/110 | Loss: 1.695877 | Accuracy: 0.470313
2019-10-05 23:58:10,796 INFO  __main__        - Batches done: 20/110 | Loss: 1.436984 | Accuracy: 0.578906
2019-10-05 23:58:12,420 INFO  __main__        - Batches done: 30/110 | Loss: 1.338315 | Accuracy: 0.614583
2019-10-05 23:58:13,967 INFO  __main__        - Batches done: 40/110 | Loss: 1.305578 | Accuracy: 0.620313
2019-10-05 23:58:15,493 INFO  __main__        - Batches done: 50/110 | Loss: 1.271826 | Accuracy: 0.627500
2019-10-05 23:58:17,150 INFO  __main__        - Batches done: 60/110 | Loss: 1.252563 | Accuracy: 0.634896
2019-10-05 23:58:18,769 INFO  __main__        - Batches done: 70/110 | Loss: 1.231704 | Accuracy: 0.641964
2019-10-05 23:58:20,398 INFO  __main__        - Batches done: 80/110 | Loss: 1.215455 | Accuracy: 0.645703
2019-10-05 23:58:21,962 INFO  __main__        - Batches done: 90/110 | Loss: 1.215547 | Accuracy: 0.644271
2019-10-05 23:58:23,677 INFO  __main__        - Batches done: 100/110 | Loss: 1.201935 | Accuracy: 0.648906
2019-10-05 23:58:25,027 INFO  __main__        - Batches done: 110/110 | Loss: 1.190553 | Accuracy: 0.652231
2019-10-05 23:58:32,590 INFO  __main__        - Epochs done: 1/10 | Loss: 7.365658 | Accuracy: 0.668883
2019-10-05 23:58:32,590 INFO  __main__        - Saving..
2019-10-05 23:58:32,973 INFO  __main__        - Epoch: 2
2019-10-05 23:58:36,231 INFO  __main__        - Batches done: 10/110 | Loss: 1.109065 | Accuracy: 0.659375
2019-10-05 23:58:37,876 INFO  __main__        - Batches done: 20/110 | Loss: 1.099187 | Accuracy: 0.664844
2019-10-05 23:58:39,452 INFO  __main__        - Batches done: 30/110 | Loss: 1.124962 | Accuracy: 0.652604
2019-10-05 23:58:40,987 INFO  __main__        - Batches done: 40/110 | Loss: 1.101871 | Accuracy: 0.660156
2019-10-05 23:58:42,643 INFO  __main__        - Batches done: 50/110 | Loss: 1.095088 | Accuracy: 0.662500
2019-10-05 23:58:44,277 INFO  __main__        - Batches done: 60/110 | Loss: 1.081001 | Accuracy: 0.669010
2019-10-05 23:58:45,906 INFO  __main__        - Batches done: 70/110 | Loss: 1.082388 | Accuracy: 0.669420
2019-10-05 23:58:47,472 INFO  __main__        - Batches done: 80/110 | Loss: 1.082036 | Accuracy: 0.669531
2019-10-05 23:58:49,190 INFO  __main__        - Batches done: 90/110 | Loss: 1.079592 | Accuracy: 0.670660
2019-10-05 23:58:50,796 INFO  __main__        - Batches done: 100/110 | Loss: 1.084255 | Accuracy: 0.668281
2019-10-05 23:58:52,099 INFO  __main__        - Batches done: 110/110 | Loss: 1.081771 | Accuracy: 0.669502
2019-10-05 23:58:59,535 INFO  __main__        - Epochs done: 2/10 | Loss: 36.494112 | Accuracy: 0.668883
2019-10-05 23:58:59,883 INFO  __main__        - Epoch: 3
2019-10-05 23:59:03,258 INFO  __main__        - Batches done: 10/110 | Loss: 1.031009 | Accuracy: 0.692187
2019-10-05 23:59:04,872 INFO  __main__        - Batches done: 20/110 | Loss: 1.030119 | Accuracy: 0.684375
2019-10-05 23:59:06,571 INFO  __main__        - Batches done: 30/110 | Loss: 1.057723 | Accuracy: 0.676562
2019-10-05 23:59:08,111 INFO  __main__        - Batches done: 40/110 | Loss: 1.067074 | Accuracy: 0.675781
2019-10-05 23:59:09,614 INFO  __main__        - Batches done: 50/110 | Loss: 1.074313 | Accuracy: 0.675312
2019-10-05 23:59:11,059 INFO  __main__        - Batches done: 60/110 | Loss: 1.083792 | Accuracy: 0.667969
2019-10-05 23:59:12,712 INFO  __main__        - Batches done: 70/110 | Loss: 1.089810 | Accuracy: 0.665848
2019-10-05 23:59:14,248 INFO  __main__        - Batches done: 80/110 | Loss: 1.092905 | Accuracy: 0.663086
2019-10-05 23:59:15,773 INFO  __main__        - Batches done: 90/110 | Loss: 1.084666 | Accuracy: 0.666840
2019-10-05 23:59:17,386 INFO  __main__        - Batches done: 100/110 | Loss: 1.088745 | Accuracy: 0.666250
2019-10-05 23:59:18,739 INFO  __main__        - Batches done: 110/110 | Loss: 1.082362 | Accuracy: 0.669126
2019-10-05 23:59:25,986 INFO  __main__        - Epochs done: 3/10 | Loss: 5.443198 | Accuracy: 0.668883
2019-10-05 23:59:26,298 INFO  __main__        - Epoch: 4
2019-10-05 23:59:29,356 INFO  __main__        - Batches done: 10/110 | Loss: 1.055018 | Accuracy: 0.679688
2019-10-05 23:59:30,863 INFO  __main__        - Batches done: 20/110 | Loss: 1.036593 | Accuracy: 0.685937
2019-10-05 23:59:32,496 INFO  __main__        - Batches done: 30/110 | Loss: 1.087288 | Accuracy: 0.667708
2019-10-05 23:59:34,193 INFO  __main__        - Batches done: 40/110 | Loss: 1.087613 | Accuracy: 0.666406
2019-10-05 23:59:35,780 INFO  __main__        - Batches done: 50/110 | Loss: 1.102852 | Accuracy: 0.663438
2019-10-05 23:59:37,538 INFO  __main__        - Batches done: 60/110 | Loss: 1.102568 | Accuracy: 0.661979
2019-10-05 23:59:38,966 INFO  __main__        - Batches done: 70/110 | Loss: 1.090656 | Accuracy: 0.666071
2019-10-05 23:59:40,522 INFO  __main__        - Batches done: 80/110 | Loss: 1.087322 | Accuracy: 0.667969
2019-10-05 23:59:42,115 INFO  __main__        - Batches done: 90/110 | Loss: 1.086683 | Accuracy: 0.667882
2019-10-05 23:59:43,709 INFO  __main__        - Batches done: 100/110 | Loss: 1.081030 | Accuracy: 0.668750
2019-10-05 23:59:44,946 INFO  __main__        - Batches done: 110/110 | Loss: 1.083312 | Accuracy: 0.670003
2019-10-05 23:59:52,140 INFO  __main__        - Epochs done: 4/10 | Loss: 1.159823 | Accuracy: 0.668883
2019-10-05 23:59:52,453 INFO  __main__        - Epoch: 5
2019-10-05 23:59:55,534 INFO  __main__        - Batches done: 10/110 | Loss: 1.038870 | Accuracy: 0.685937
2019-10-05 23:59:57,049 INFO  __main__        - Batches done: 20/110 | Loss: 1.076846 | Accuracy: 0.657813
2019-10-05 23:59:58,559 INFO  __main__        - Batches done: 30/110 | Loss: 1.106356 | Accuracy: 0.653646
2019-10-06 00:00:00,009 INFO  __main__        - Batches done: 40/110 | Loss: 1.100055 | Accuracy: 0.652734
2019-10-06 00:00:01,539 INFO  __main__        - Batches done: 50/110 | Loss: 1.097649 | Accuracy: 0.656250
2019-10-06 00:00:03,092 INFO  __main__        - Batches done: 60/110 | Loss: 1.095648 | Accuracy: 0.658073
2019-10-06 00:00:04,484 INFO  __main__        - Batches done: 70/110 | Loss: 1.091065 | Accuracy: 0.661161
2019-10-06 00:00:05,946 INFO  __main__        - Batches done: 80/110 | Loss: 1.086425 | Accuracy: 0.663281
2019-10-06 00:00:07,474 INFO  __main__        - Batches done: 90/110 | Loss: 1.074117 | Accuracy: 0.668403
2019-10-06 00:00:09,116 INFO  __main__        - Batches done: 100/110 | Loss: 1.065015 | Accuracy: 0.672500
2019-10-06 00:00:10,448 INFO  __main__        - Batches done: 110/110 | Loss: 1.073530 | Accuracy: 0.668875
2019-10-06 00:00:17,785 INFO  __main__        - Epochs done: 5/10 | Loss: 1.162526 | Accuracy: 0.668883
2019-10-06 00:00:18,110 INFO  __main__        - Epoch: 6
2019-10-06 00:00:21,430 INFO  __main__        - Batches done: 10/110 | Loss: 1.106004 | Accuracy: 0.678125
2019-10-06 00:00:23,057 INFO  __main__        - Batches done: 20/110 | Loss: 1.086690 | Accuracy: 0.678906
2019-10-06 00:00:24,675 INFO  __main__        - Batches done: 30/110 | Loss: 1.083889 | Accuracy: 0.675521
2019-10-06 00:00:26,252 INFO  __main__        - Batches done: 40/110 | Loss: 1.084272 | Accuracy: 0.671875
2019-10-06 00:00:27,712 INFO  __main__        - Batches done: 50/110 | Loss: 1.083107 | Accuracy: 0.670312
2019-10-06 00:00:29,149 INFO  __main__        - Batches done: 60/110 | Loss: 1.076639 | Accuracy: 0.671615
2019-10-06 00:00:30,597 INFO  __main__        - Batches done: 70/110 | Loss: 1.078529 | Accuracy: 0.669196
2019-10-06 00:00:32,080 INFO  __main__        - Batches done: 80/110 | Loss: 1.071744 | Accuracy: 0.670312
2019-10-06 00:00:33,613 INFO  __main__        - Batches done: 90/110 | Loss: 1.078177 | Accuracy: 0.667361
2019-10-06 00:00:35,241 INFO  __main__        - Batches done: 100/110 | Loss: 1.076658 | Accuracy: 0.668438
2019-10-06 00:00:36,538 INFO  __main__        - Batches done: 110/110 | Loss: 1.074486 | Accuracy: 0.669377
2019-10-06 00:00:43,830 INFO  __main__        - Epochs done: 6/10 | Loss: 63.493917 | Accuracy: 0.668883
2019-10-06 00:00:44,137 INFO  __main__        - Epoch: 7
2019-10-06 00:00:47,547 INFO  __main__        - Batches done: 10/110 | Loss: 1.034260 | Accuracy: 0.687500
2019-10-06 00:00:49,084 INFO  __main__        - Batches done: 20/110 | Loss: 1.011752 | Accuracy: 0.693750
2019-10-06 00:00:50,590 INFO  __main__        - Batches done: 30/110 | Loss: 1.044059 | Accuracy: 0.683333
2019-10-06 00:00:52,054 INFO  __main__        - Batches done: 40/110 | Loss: 1.056233 | Accuracy: 0.678125
2019-10-06 00:00:53,627 INFO  __main__        - Batches done: 50/110 | Loss: 1.073984 | Accuracy: 0.668750
2019-10-06 00:00:55,102 INFO  __main__        - Batches done: 60/110 | Loss: 1.073014 | Accuracy: 0.668750
2019-10-06 00:00:56,762 INFO  __main__        - Batches done: 70/110 | Loss: 1.068924 | Accuracy: 0.669420
2019-10-06 00:00:58,347 INFO  __main__        - Batches done: 80/110 | Loss: 1.065483 | Accuracy: 0.672852
2019-10-06 00:00:59,937 INFO  __main__        - Batches done: 90/110 | Loss: 1.067959 | Accuracy: 0.671701
2019-10-06 00:01:01,692 INFO  __main__        - Batches done: 100/110 | Loss: 1.068290 | Accuracy: 0.672031
2019-10-06 00:01:03,026 INFO  __main__        - Batches done: 110/110 | Loss: 1.072882 | Accuracy: 0.669694
2019-10-06 00:01:10,742 INFO  __main__        - Epochs done: 7/10 | Loss: 1.148268 | Accuracy: 0.668883
2019-10-06 00:01:11,044 INFO  __main__        - Epoch: 8
2019-10-06 00:01:14,261 INFO  __main__        - Batches done: 10/110 | Loss: 1.068876 | Accuracy: 0.657813
2019-10-06 00:01:15,745 INFO  __main__        - Batches done: 20/110 | Loss: 1.082465 | Accuracy: 0.663281
2019-10-06 00:01:17,201 INFO  __main__        - Batches done: 30/110 | Loss: 1.067540 | Accuracy: 0.667708
2019-10-06 00:01:18,849 INFO  __main__        - Batches done: 40/110 | Loss: 1.063060 | Accuracy: 0.669141
2019-10-06 00:01:20,450 INFO  __main__        - Batches done: 50/110 | Loss: 1.072067 | Accuracy: 0.664687
2019-10-06 00:01:21,980 INFO  __main__        - Batches done: 60/110 | Loss: 1.069866 | Accuracy: 0.667448
2019-10-06 00:01:23,520 INFO  __main__        - Batches done: 70/110 | Loss: 1.069999 | Accuracy: 0.670312
2019-10-06 00:01:25,046 INFO  __main__        - Batches done: 80/110 | Loss: 1.071045 | Accuracy: 0.668359
2019-10-06 00:01:26,650 INFO  __main__        - Batches done: 90/110 | Loss: 1.072946 | Accuracy: 0.666493
2019-10-06 00:01:28,276 INFO  __main__        - Batches done: 100/110 | Loss: 1.072260 | Accuracy: 0.665937
2019-10-06 00:01:29,569 INFO  __main__        - Batches done: 110/110 | Loss: 1.067491 | Accuracy: 0.667188
2019-10-06 00:01:36,996 INFO  __main__        - Epochs done: 8/10 | Loss: 48.189304 | Accuracy: 0.668883
2019-10-06 00:01:37,304 INFO  __main__        - Epoch: 9
2019-10-06 00:01:40,510 INFO  __main__        - Batches done: 10/110 | Loss: 0.998708 | Accuracy: 0.695312
2019-10-06 00:01:41,980 INFO  __main__        - Batches done: 20/110 | Loss: 1.022250 | Accuracy: 0.682813
2019-10-06 00:01:43,518 INFO  __main__        - Batches done: 30/110 | Loss: 1.021903 | Accuracy: 0.679688
2019-10-06 00:01:45,043 INFO  __main__        - Batches done: 40/110 | Loss: 1.037065 | Accuracy: 0.672266
2019-10-06 00:01:46,469 INFO  __main__        - Batches done: 50/110 | Loss: 1.043721 | Accuracy: 0.670000
2019-10-06 00:01:47,956 INFO  __main__        - Batches done: 60/110 | Loss: 1.039546 | Accuracy: 0.674219
2019-10-06 00:01:49,411 INFO  __main__        - Batches done: 70/110 | Loss: 1.045272 | Accuracy: 0.671875
2019-10-06 00:01:50,974 INFO  __main__        - Batches done: 80/110 | Loss: 1.053926 | Accuracy: 0.667969
2019-10-06 00:01:52,543 INFO  __main__        - Batches done: 90/110 | Loss: 1.058037 | Accuracy: 0.666319
2019-10-06 00:01:54,123 INFO  __main__        - Batches done: 100/110 | Loss: 1.056224 | Accuracy: 0.668594
2019-10-06 00:01:55,480 INFO  __main__        - Batches done: 110/110 | Loss: 1.052964 | Accuracy: 0.668825
2019-10-06 00:02:02,784 INFO  __main__        - Epochs done: 9/10 | Loss: 44.284465 | Accuracy: 0.668883
2019-10-06 00:02:03,083 INFO  __main__        - Epoch: 10
2019-10-06 00:02:06,181 INFO  __main__        - Batches done: 10/110 | Loss: 1.111362 | Accuracy: 0.657813
2019-10-06 00:02:07,747 INFO  __main__        - Batches done: 20/110 | Loss: 1.087689 | Accuracy: 0.665625
2019-10-06 00:02:09,299 INFO  __main__        - Batches done: 30/110 | Loss: 1.066534 | Accuracy: 0.671875
2019-10-06 00:02:10,755 INFO  __main__        - Batches done: 40/110 | Loss: 1.041735 | Accuracy: 0.674219
2019-10-06 00:02:12,263 INFO  __main__        - Batches done: 50/110 | Loss: 1.040701 | Accuracy: 0.674687
2019-10-06 00:02:13,875 INFO  __main__        - Batches done: 60/110 | Loss: 1.041053 | Accuracy: 0.673698
2019-10-06 00:02:15,372 INFO  __main__        - Batches done: 70/110 | Loss: 1.048351 | Accuracy: 0.669643
2019-10-06 00:02:17,023 INFO  __main__        - Batches done: 80/110 | Loss: 1.047460 | Accuracy: 0.667969
2019-10-06 00:02:18,681 INFO  __main__        - Batches done: 90/110 | Loss: 1.041789 | Accuracy: 0.669792
2019-10-06 00:02:20,151 INFO  __main__        - Batches done: 100/110 | Loss: 1.038680 | Accuracy: 0.670781
2019-10-06 00:02:21,460 INFO  __main__        - Batches done: 110/110 | Loss: 1.036993 | Accuracy: 0.672293
2019-10-06 00:02:28,899 INFO  __main__        - Epochs done: 10/10 | Loss: 1.599137 | Accuracy: 0.204787
